#
# There is insufficient memory for the Java Runtime Environment to continue.
# Native memory allocation (malloc) failed to allocate 1303536 bytes. Error detail: Chunk::new
# Possible reasons:
#   The system is out of physical RAM or swap space
#   This process is running with CompressedOops enabled, and the Java Heap may be blocking the growth of the native heap
# Possible solutions:
#   Reduce memory load on the system
#   Increase physical memory or swap space
#   Check if swap backing store is full
#   Decrease Java heap size (-Xmx/-Xms)
#   Decrease number of Java threads
#   Decrease Java thread stack sizes (-Xss)
#   Set larger code cache with -XX:ReservedCodeCacheSize=
#   JVM is running with Unscaled Compressed Oops mode in which the Java heap is
#     placed in the first 4GB address space. The Java Heap base address is the
#     maximum limit for the native heap growth. Please use -XX:HeapBaseMinAddress
#     to set the Java Heap base and to place the Java Heap above 4GB virtual address.
# This output file may be truncated or incomplete.
#
#  Out of Memory Error (arena.cpp:193), pid=9716, tid=8688
#
# JRE version: OpenJDK Runtime Environment Temurin-26.0.1+8 (26.0.1+8) (build 26.0.1+8)
# Java VM: OpenJDK 64-Bit Server VM Temurin-26.0.1+8 (26.0.1+8, mixed mode, sharing, tiered, compressed oops, compressed class ptrs, g1 gc, windows-amd64)
# No core dump will be written. Minidumps are not enabled by default on client versions of Windows
#

---------------  S U M M A R Y ------------

Command Line: -Dstdout.encoding=UTF-8 -Dstderr.encoding=UTF-8 --enable-native-access=ALL-UNNAMED -Dclassworlds.conf=C:\Users\Plaza Vespucio\AppData\Roaming\Code\User\globalStorage\pleiades.java-extension-pack-jdk\maven\latest\bin\m2.conf -Dmaven.home=C:\Users\Plaza Vespucio\AppData\Roaming\Code\User\globalStorage\pleiades.java-extension-pack-jdk\maven\latest -Dlibrary.jansi.path=C:\Users\Plaza Vespucio\AppData\Roaming\Code\User\globalStorage\pleiades.java-extension-pack-jdk\maven\latest\lib\jansi-native -Dmaven.multiModuleProjectDirectory=C:\Users\Plaza Vespucio\Desktop\Centro_Medico\ms-eureka -agentpath:C:\Program Files\Palo Alto Networks\Traps\cyjagent.dll org.codehaus.plexus.classworlds.launcher.Launcher clean compile spring-boot:run -Dmaven.test.skip=true

Host: AMD Ryzen 5 3450U with Radeon Vega Mobile Gfx  , 8 cores, 5G,  Windows 11 , 64 bit Build 26100 (10.0.26100.8521)
Time: Tue Jul  7 13:36:11 2026 Hora est. Sudamérica Pacífico elapsed time: 18.588462 seconds (0d 0h 0m 18s)

---------------  T H R E A D  ---------------

Current thread (0x000001d2bdc98320):  JavaThread "C2 CompilerThread0" daemon [_thread_in_native, id=8688, stack(0x00000060cce00000,0x00000060ccf00000) (1024K)]


Current CompileTask:
C2:18590 5257       4       org.apache.maven.model.inheritance.DefaultInheritanceAssembler$InheritanceModelMerger::mergePluginContainer_Plugins (433 bytes)

Stack: [0x00000060cce00000,0x00000060ccf00000]
Native frames: (J=compiled Java code, j=interpreted, Vv=VM code, C=native code)
V  [jvm.dll+0x7db749]  (no source info available)
V  [jvm.dll+0x7a82bd]  (no source info available)
V  [jvm.dll+0xa44a60]  (no source info available)
V  [jvm.dll+0xa46eb1]  (no source info available)
V  [jvm.dll+0xa475c3]  (no source info available)
V  [jvm.dll+0x311a96]  (no source info available)
V  [jvm.dll+0x120316]  (no source info available)
V  [jvm.dll+0x12063e]  (no source info available)
V  [jvm.dll+0x46ad11]  (no source info available)
V  [jvm.dll+0x4393f2]  (no source info available)
V  [jvm.dll+0x43880a]  (no source info available)
V  [jvm.dll+0x2d4379]  (no source info available)
V  [jvm.dll+0x2d350f]  (no source info available)
V  [jvm.dll+0x249670]  (no source info available)
V  [jvm.dll+0x2e363c]  (no source info available)
V  [jvm.dll+0x2e181d]  (no source info available)
V  [jvm.dll+0x4a82ae]  (no source info available)
V  [jvm.dll+0x9e3039]  (no source info available)
V  [jvm.dll+0x7dd228]  (no source info available)
C  [ucrtbase.dll+0x2cd30]  (no source info available)
C  [cyinjct.dll+0x11e7]  (no source info available)
C  [KERNEL32.DLL+0x2e957]  (no source info available)
C  [ntdll.dll+0x87c1c]  (no source info available)

Lock stack of current Java thread (top to bottom):


---------------  P R O C E S S  ---------------

Threads class SMR info:
_java_thread_list=0x000001d2c2c19d30, length=12, elements={
0x000001d2a0daa1e0, 0x000001d2bdc70c20, 0x000001d2bdc741f0, 0x000001d2bdc795d0,
0x000001d2bdc7a180, 0x000001d2bdc82560, 0x000001d2bdc87170, 0x000001d2bdc98320,
0x000001d2bdc98b20, 0x000001d2bdc88110, 0x000001d2bdc8bf90, 0x000001d2c2c80320
}

Java Threads: ( => current thread )
  0x000001d2a0daa1e0 JavaThread "main"                              [_thread_in_native, id=7160, stack(0x00000060cbf00000,0x00000060cc000000) (1024K)]
  0x000001d2bdc70c20 JavaThread "Reference Handler"          daemon [_thread_blocked, id=15556, stack(0x00000060cc800000,0x00000060cc900000) (1024K)]
  0x000001d2bdc741f0 JavaThread "Finalizer"                  daemon [_thread_blocked, id=16184, stack(0x00000060cc900000,0x00000060cca00000) (1024K)]
  0x000001d2bdc795d0 JavaThread "Signal Dispatcher"          daemon [_thread_blocked, id=5648, stack(0x00000060cca00000,0x00000060ccb00000) (1024K)]
  0x000001d2bdc7a180 JavaThread "Attach Listener"            daemon [_thread_blocked, id=3024, stack(0x00000060ccb00000,0x00000060ccc00000) (1024K)]
  0x000001d2bdc82560 JavaThread "Service Thread"             daemon [_thread_blocked, id=9300, stack(0x00000060ccc00000,0x00000060ccd00000) (1024K)]
  0x000001d2bdc87170 JavaThread "Monitor Deflation Thread"   daemon [_thread_blocked, id=13144, stack(0x00000060ccd00000,0x00000060cce00000) (1024K)]
=>0x000001d2bdc98320 JavaThread "C2 CompilerThread0"         daemon [_thread_in_native, id=8688, stack(0x00000060cce00000,0x00000060ccf00000) (1024K)]
  0x000001d2bdc98b20 JavaThread "C1 CompilerThread0"         daemon [_thread_blocked, id=14960, stack(0x00000060ccf00000,0x00000060cd000000) (1024K)]
  0x000001d2bdc88110 JavaThread "Notification Thread"        daemon [_thread_blocked, id=16352, stack(0x00000060cd000000,0x00000060cd100000) (1024K)]
  0x000001d2bdc8bf90 JavaThread "Common-Cleaner"             daemon [_thread_blocked, id=10924, stack(0x00000060cd100000,0x00000060cd200000) (1024K)]
  0x000001d2c2c80320 JavaThread "Thread-1"                   daemon [_thread_blocked, id=2460, stack(0x00000060cda00000,0x00000060cdb00000) (1024K)]
Total: 12

Other Threads:
  0x000001d2bdc61190 VMThread "VM Thread"                           [id=13068, stack(0x00000060cc700000,0x00000060cc800000) (1024K)]
  0x000001d2bdb1d450 WatcherThread "VM Periodic Task Thread"        [id=17292, stack(0x00000060cc600000,0x00000060cc700000) (1024K)]
  0x000001d2a0de4e10 WorkerThread "GC Thread#0"                     [id=14568, stack(0x00000060cc000000,0x00000060cc100000) (1024K)]
  0x000001d2c23e1c40 WorkerThread "GC Thread#1"                     [id=16396, stack(0x00000060cd300000,0x00000060cd400000) (1024K)]
  0x000001d2c2b66130 WorkerThread "GC Thread#2"                     [id=14952, stack(0x00000060cd500000,0x00000060cd600000) (1024K)]
  0x000001d2c2db9ba0 WorkerThread "GC Thread#3"                     [id=2276, stack(0x00000060cd600000,0x00000060cd700000) (1024K)]
  0x000001d2c3144010 WorkerThread "GC Thread#4"                     [id=8420, stack(0x00000060cd700000,0x00000060cd800000) (1024K)]
  0x000001d2c2d8c930 WorkerThread "GC Thread#5"                     [id=17364, stack(0x00000060cd800000,0x00000060cd900000) (1024K)]
  0x000001d2c30d48d0 WorkerThread "GC Thread#6"                     [id=6840, stack(0x00000060cd900000,0x00000060cda00000) (1024K)]
  0x000001d2c30d6fa0 WorkerThread "GC Thread#7"                     [id=17316, stack(0x00000060cdb00000,0x00000060cdc00000) (1024K)]
  0x000001d2a0df7790 ConcurrentGCThread "G1 Main Marker"            [id=2004, stack(0x00000060cc100000,0x00000060cc200000) (1024K)]
  0x000001d2a0dfbaf0 WorkerThread "G1 Conc#0"                       [id=7408, stack(0x00000060cc200000,0x00000060cc300000) (1024K)]
  0x000001d2c2af4850 WorkerThread "G1 Conc#1"                       [id=15852, stack(0x00000060cd400000,0x00000060cd500000) (1024K)]
  0x000001d2a0e37540 WorkerThread "G1 Refinement Workers#0"         [id=4824, stack(0x00000060cc400000,0x00000060cc500000) (1024K)]
  0x000001d2a0e36b80 ConcurrentGCThread "G1 Refine Control"         [id=2052, stack(0x00000060cc300000,0x00000060cc400000) (1024K)]
  0x000001d2bdb10080 ConcurrentGCThread "G1 Service"                [id=8776, stack(0x00000060cc500000,0x00000060cc600000) (1024K)]
Total: 16

Threads with active compile tasks:
C2 CompilerThread0  18820 5257       4       org.apache.maven.model.inheritance.DefaultInheritanceAssembler$InheritanceModelMerger::mergePluginContainer_Plugins (433 bytes)
Total: 1

VM state: not at safepoint (normal execution)

VM Mutex/Monitor currently owned by a thread: None

Heap address: 0x00000000a1c00000, size: 1508 MB, Compressed Oops mode: 32-bit

CDS archive(s) mapped at: [0x000000001f000000-0x000000001fde0000-0x000000001fde0000), size 14548992, SharedBaseAddress: 0x000000001f000000, ArchiveRelocationMode: 1.
Compressed class space mapped at: 0x0000000020000000-0x0000000060000000, reserved size: 1073741824
UseCompressedClassPointers 1, UseCompactObjectHeaders 0
Narrow klass pointer bits 32, Max shift 3
Narrow klass base: 0x000000001f000000, Narrow klass shift: 0
Encoding Range: [0x000000001f000000 - 0x000000011f000000), (4294967296 bytes)
Klass Range:    [0x000000001f000000 - 0x0000000060000000), (1090519040 bytes)
Klass ID Range:  [8 - 1090519033) (1090519025)
Protection zone: [0x000000001f000000 - 0x000000001f010000), (65536 bytes)

GC Precious Log:
 CardTable entry size: 512
 Card Set container configuration: InlinePtr #cards 5 size 8 Array Of Cards #cards 10 size 36 Howl #buckets 4 coarsen threshold 1843 Howl Bitmap #cards 512 size 80 coarsen threshold 460 Card regions per heap region 1 cards per card region 2048
 CPUs: 8 total, 8 available
 Memory: 6030M
 Large Page Support: Disabled
 NUMA Support: Disabled
 Compressed Oops: Enabled (32-bit)
 Heap Region Size: 1M
 Heap Min Capacity: 8M
 Heap Initial Capacity: 8M
 Heap Max Capacity: 1508M
 Pre-touch: Disabled
 Parallel Workers: 8
 Concurrent Workers: 2
 Concurrent Refinement Workers: 8
 Periodic GC: Disabled

Heap:
 garbage-first heap   total reserved 1544192K, committed 101376K, used 44318K [0x00000000a1c00000, 0x0000000100000000)
  region size 1M, 1 eden (1M), 4 survivor (4M), 35 old (35M), 5 humongous (5M), 54 free (54M)

Heap Regions: E=young(eden), S=young(survivor), O=old, HS=humongous(starts), HC=humongous(continues), CS=collection set, F=free, TAMS=top-at-mark-start, PB=parsable bottom
|    0|0x00000000a1c00000, 0x00000000a1d00000, 0x00000000a1d00000|100%| O|  |TAMS 0x00000000a1c00000| PB 0x00000000a1c00000| Untracked |  0
|    1|0x00000000a1d00000, 0x00000000a1e00000, 0x00000000a1e00000|100%| O|  |TAMS 0x00000000a1d00000| PB 0x00000000a1d00000| Untracked |  0
|    2|0x00000000a1e00000, 0x00000000a1f00000, 0x00000000a1f00000|100%| O|  |TAMS 0x00000000a1e00000| PB 0x00000000a1e00000| Untracked |  0
|    3|0x00000000a1f00000, 0x00000000a2000000, 0x00000000a2000000|100%| O|  |TAMS 0x00000000a1f00000| PB 0x00000000a1f00000| Untracked |  0
|    4|0x00000000a2000000, 0x00000000a2100000, 0x00000000a2100000|100%| O|  |TAMS 0x00000000a2000000| PB 0x00000000a2000000| Untracked |  0
|    5|0x00000000a2100000, 0x00000000a2200000, 0x00000000a2200000|100%| O|  |TAMS 0x00000000a2100000| PB 0x00000000a2100000| Untracked |  0
|    6|0x00000000a2200000, 0x00000000a2300000, 0x00000000a2300000|100%| O|  |TAMS 0x00000000a2200000| PB 0x00000000a2200000| Untracked |  0
|    7|0x00000000a2300000, 0x00000000a2400000, 0x00000000a2400000|100%| O|  |TAMS 0x00000000a2300000| PB 0x00000000a2300000| Untracked |  0
|    8|0x00000000a2400000, 0x00000000a2500000, 0x00000000a2500000|100%| O|  |TAMS 0x00000000a2400000| PB 0x00000000a2400000| Untracked |  0
|    9|0x00000000a2500000, 0x00000000a2600000, 0x00000000a2600000|100%| O|  |TAMS 0x00000000a2500000| PB 0x00000000a2500000| Untracked |  0
|   10|0x00000000a2600000, 0x00000000a2700000, 0x00000000a2700000|100%| O|  |TAMS 0x00000000a2600000| PB 0x00000000a2600000| Untracked |  0
|   11|0x00000000a2700000, 0x00000000a2800000, 0x00000000a2800000|100%| O|  |TAMS 0x00000000a2700000| PB 0x00000000a2700000| Untracked |  0
|   12|0x00000000a2800000, 0x00000000a2900000, 0x00000000a2900000|100%| O|  |TAMS 0x00000000a2800000| PB 0x00000000a2800000| Untracked |  0
|   13|0x00000000a2900000, 0x00000000a2900000, 0x00000000a2a00000|  0%| F|  |TAMS 0x00000000a2900000| PB 0x00000000a2900000| Untracked |  0
|   14|0x00000000a2a00000, 0x00000000a2a00000, 0x00000000a2b00000|  0%| F|  |TAMS 0x00000000a2a00000| PB 0x00000000a2a00000| Untracked |  0
|   15|0x00000000a2b00000, 0x00000000a2b00000, 0x00000000a2c00000|  0%| F|  |TAMS 0x00000000a2b00000| PB 0x00000000a2b00000| Untracked |  0
|   16|0x00000000a2c00000, 0x00000000a2d00000, 0x00000000a2d00000|100%|HS|  |TAMS 0x00000000a2c00000| PB 0x00000000a2c00000| Complete  |  0
|   17|0x00000000a2d00000, 0x00000000a2e00000, 0x00000000a2e00000|100%|HC|  |TAMS 0x00000000a2d00000| PB 0x00000000a2d00000| Complete  |  0
|   18|0x00000000a2e00000, 0x00000000a2f00000, 0x00000000a2f00000|100%|HS|  |TAMS 0x00000000a2e00000| PB 0x00000000a2e00000| Complete  |  0
|   19|0x00000000a2f00000, 0x00000000a3000000, 0x00000000a3000000|100%|HC|  |TAMS 0x00000000a2f00000| PB 0x00000000a2f00000| Complete  |  0
|   20|0x00000000a3000000, 0x00000000a3100000, 0x00000000a3100000|100%| O|  |TAMS 0x00000000a3000000| PB 0x00000000a3000000| Untracked |  0
|   21|0x00000000a3100000, 0x00000000a3200000, 0x00000000a3200000|100%| O|  |TAMS 0x00000000a3100000| PB 0x00000000a3100000| Untracked |  0
|   22|0x00000000a3200000, 0x00000000a3300000, 0x00000000a3300000|100%| O|  |TAMS 0x00000000a3200000| PB 0x00000000a3200000| Untracked |  0
|   23|0x00000000a3300000, 0x00000000a3400000, 0x00000000a3400000|100%| O|  |TAMS 0x00000000a3300000| PB 0x00000000a3300000| Untracked |  0
|   24|0x00000000a3400000, 0x00000000a3500000, 0x00000000a3500000|100%|HS|  |TAMS 0x00000000a3400000| PB 0x00000000a3400000| Complete  |  0
|   25|0x00000000a3500000, 0x00000000a3600000, 0x00000000a3600000|100%| O|  |TAMS 0x00000000a3500000| PB 0x00000000a3500000| Untracked |  0
|   26|0x00000000a3600000, 0x00000000a3700000, 0x00000000a3700000|100%| O|  |TAMS 0x00000000a3600000| PB 0x00000000a3600000| Untracked |  0
|   27|0x00000000a3700000, 0x00000000a3800000, 0x00000000a3800000|100%| O|  |TAMS 0x00000000a3700000| PB 0x00000000a3700000| Untracked |  0
|   28|0x00000000a3800000, 0x00000000a3900000, 0x00000000a3900000|100%| O|  |TAMS 0x00000000a3800000| PB 0x00000000a3800000| Untracked |  0
|   29|0x00000000a3900000, 0x00000000a3a00000, 0x00000000a3a00000|100%| O|  |TAMS 0x00000000a3900000| PB 0x00000000a3900000| Untracked |  0
|   30|0x00000000a3a00000, 0x00000000a3b00000, 0x00000000a3b00000|100%| O|  |TAMS 0x00000000a3a00000| PB 0x00000000a3a00000| Untracked |  0
|   31|0x00000000a3b00000, 0x00000000a3b00000, 0x00000000a3c00000|  0%| F|  |TAMS 0x00000000a3b00000| PB 0x00000000a3b00000| Untracked |  0
|   32|0x00000000a3c00000, 0x00000000a3c00000, 0x00000000a3d00000|  0%| F|  |TAMS 0x00000000a3c00000| PB 0x00000000a3c00000| Untracked |  0
|   33|0x00000000a3d00000, 0x00000000a3d00000, 0x00000000a3e00000|  0%| F|  |TAMS 0x00000000a3d00000| PB 0x00000000a3d00000| Untracked |  0
|   34|0x00000000a3e00000, 0x00000000a3e00000, 0x00000000a3f00000|  0%| F|  |TAMS 0x00000000a3e00000| PB 0x00000000a3e00000| Untracked |  0
|   35|0x00000000a3f00000, 0x00000000a3f00000, 0x00000000a4000000|  0%| F|  |TAMS 0x00000000a3f00000| PB 0x00000000a3f00000| Untracked |  0
|   36|0x00000000a4000000, 0x00000000a4000000, 0x00000000a4100000|  0%| F|  |TAMS 0x00000000a4000000| PB 0x00000000a4000000| Untracked |  0
|   37|0x00000000a4100000, 0x00000000a4100000, 0x00000000a4200000|  0%| F|  |TAMS 0x00000000a4100000| PB 0x00000000a4100000| Untracked |  0
|   38|0x00000000a4200000, 0x00000000a4200000, 0x00000000a4300000|  0%| F|  |TAMS 0x00000000a4200000| PB 0x00000000a4200000| Untracked |  0
|   39|0x00000000a4300000, 0x00000000a4300000, 0x00000000a4400000|  0%| F|  |TAMS 0x00000000a4300000| PB 0x00000000a4300000| Untracked |  0
|   40|0x00000000a4400000, 0x00000000a4400000, 0x00000000a4500000|  0%| F|  |TAMS 0x00000000a4400000| PB 0x00000000a4400000| Untracked |  0
|   41|0x00000000a4500000, 0x00000000a4500000, 0x00000000a4600000|  0%| F|  |TAMS 0x00000000a4500000| PB 0x00000000a4500000| Untracked |  0
|   42|0x00000000a4600000, 0x00000000a4600000, 0x00000000a4700000|  0%| F|  |TAMS 0x00000000a4600000| PB 0x00000000a4600000| Untracked |  0
|   43|0x00000000a4700000, 0x00000000a47c7808, 0x00000000a4800000| 77%| S|CS|TAMS 0x00000000a4700000| PB 0x00000000a4700000| Complete  |  0
|   44|0x00000000a4800000, 0x00000000a4900000, 0x00000000a4900000|100%| S|CS|TAMS 0x00000000a4800000| PB 0x00000000a4800000| Complete  |  0
|   45|0x00000000a4900000, 0x00000000a4a00000, 0x00000000a4a00000|100%| S|CS|TAMS 0x00000000a4900000| PB 0x00000000a4900000| Complete  |  0
|   46|0x00000000a4a00000, 0x00000000a4b00000, 0x00000000a4b00000|100%| S|CS|TAMS 0x00000000a4a00000| PB 0x00000000a4a00000| Complete  |  0
|   47|0x00000000a4b00000, 0x00000000a4b00000, 0x00000000a4c00000|  0%| F|  |TAMS 0x00000000a4b00000| PB 0x00000000a4b00000| Untracked |  0
|   48|0x00000000a4c00000, 0x00000000a4c00000, 0x00000000a4d00000|  0%| F|  |TAMS 0x00000000a4c00000| PB 0x00000000a4c00000| Untracked |  0
|   49|0x00000000a4d00000, 0x00000000a4d00000, 0x00000000a4e00000|  0%| F|  |TAMS 0x00000000a4d00000| PB 0x00000000a4d00000| Untracked |  0
|   50|0x00000000a4e00000, 0x00000000a4e00000, 0x00000000a4f00000|  0%| F|  |TAMS 0x00000000a4e00000| PB 0x00000000a4e00000| Untracked |  0
|   51|0x00000000a4f00000, 0x00000000a4f00000, 0x00000000a5000000|  0%| F|  |TAMS 0x00000000a4f00000| PB 0x00000000a4f00000| Untracked |  0
|   52|0x00000000a5000000, 0x00000000a5000000, 0x00000000a5100000|  0%| F|  |TAMS 0x00000000a5000000| PB 0x00000000a5000000| Untracked |  0
|   53|0x00000000a5100000, 0x00000000a5100000, 0x00000000a5200000|  0%| F|  |TAMS 0x00000000a5100000| PB 0x00000000a5100000| Untracked |  0
|   54|0x00000000a5200000, 0x00000000a5200000, 0x00000000a5300000|  0%| F|  |TAMS 0x00000000a5200000| PB 0x00000000a5200000| Untracked |  0
|   55|0x00000000a5300000, 0x00000000a5300000, 0x00000000a5400000|  0%| F|  |TAMS 0x00000000a5300000| PB 0x00000000a5300000| Untracked |  0
|   56|0x00000000a5400000, 0x00000000a5400000, 0x00000000a5500000|  0%| F|  |TAMS 0x00000000a5400000| PB 0x00000000a5400000| Untracked |  0
|   57|0x00000000a5500000, 0x00000000a5500000, 0x00000000a5600000|  0%| F|  |TAMS 0x00000000a5500000| PB 0x00000000a5500000| Untracked |  0
|   58|0x00000000a5600000, 0x00000000a5600000, 0x00000000a5700000|  0%| F|  |TAMS 0x00000000a5600000| PB 0x00000000a5600000| Untracked |  0
|   59|0x00000000a5700000, 0x00000000a5700000, 0x00000000a5800000|  0%| F|  |TAMS 0x00000000a5700000| PB 0x00000000a5700000| Untracked |  0
|   60|0x00000000a5800000, 0x00000000a5800000, 0x00000000a5900000|  0%| F|  |TAMS 0x00000000a5800000| PB 0x00000000a5800000| Untracked |  0
|   61|0x00000000a5900000, 0x00000000a5900000, 0x00000000a5a00000|  0%| F|  |TAMS 0x00000000a5900000| PB 0x00000000a5900000| Untracked |  0
|   62|0x00000000a5a00000, 0x00000000a5a00000, 0x00000000a5b00000|  0%| F|  |TAMS 0x00000000a5a00000| PB 0x00000000a5a00000| Untracked |  0
|   63|0x00000000a5b00000, 0x00000000a5b00000, 0x00000000a5c00000|  0%| F|  |TAMS 0x00000000a5b00000| PB 0x00000000a5b00000| Untracked |  0
|   64|0x00000000a5c00000, 0x00000000a5c00000, 0x00000000a5d00000|  0%| F|  |TAMS 0x00000000a5c00000| PB 0x00000000a5c00000| Untracked |  0
|   65|0x00000000a5d00000, 0x00000000a5d00000, 0x00000000a5e00000|  0%| F|  |TAMS 0x00000000a5d00000| PB 0x00000000a5d00000| Untracked |  0
|   66|0x00000000a5e00000, 0x00000000a5e00000, 0x00000000a5f00000|  0%| F|  |TAMS 0x00000000a5e00000| PB 0x00000000a5e00000| Untracked |  0
|   67|0x00000000a5f00000, 0x00000000a5f00000, 0x00000000a6000000|  0%| F|  |TAMS 0x00000000a5f00000| PB 0x00000000a5f00000| Untracked |  0
|   68|0x00000000a6000000, 0x00000000a6000000, 0x00000000a6100000|  0%| F|  |TAMS 0x00000000a6000000| PB 0x00000000a6000000| Untracked |  0
|   69|0x00000000a6100000, 0x00000000a6100000, 0x00000000a6200000|  0%| F|  |TAMS 0x00000000a6100000| PB 0x00000000a6100000| Untracked |  0
|   70|0x00000000a6200000, 0x00000000a6200000, 0x00000000a6300000|  0%| F|  |TAMS 0x00000000a6200000| PB 0x00000000a6200000| Untracked |  0
|   71|0x00000000a6300000, 0x00000000a6300000, 0x00000000a6400000|  0%| F|  |TAMS 0x00000000a6300000| PB 0x00000000a6300000| Untracked |  0
|   72|0x00000000a6400000, 0x00000000a6400000, 0x00000000a6500000|  0%| F|  |TAMS 0x00000000a6400000| PB 0x00000000a6400000| Untracked |  0
|   73|0x00000000a6500000, 0x00000000a6500000, 0x00000000a6600000|  0%| F|  |TAMS 0x00000000a6500000| PB 0x00000000a6500000| Untracked |  0
|   74|0x00000000a6600000, 0x00000000a6600000, 0x00000000a6700000|  0%| F|  |TAMS 0x00000000a6600000| PB 0x00000000a6600000| Untracked |  0
|   75|0x00000000a6700000, 0x00000000a6700000, 0x00000000a6800000|  0%| F|  |TAMS 0x00000000a6700000| PB 0x00000000a6700000| Untracked |  0
|   76|0x00000000a6800000, 0x00000000a6800000, 0x00000000a6900000|  0%| F|  |TAMS 0x00000000a6800000| PB 0x00000000a6800000| Untracked |  0
|   77|0x00000000a6900000, 0x00000000a6900000, 0x00000000a6a00000|  0%| F|  |TAMS 0x00000000a6900000| PB 0x00000000a6900000| Untracked |  0
|   78|0x00000000a6a00000, 0x00000000a6a00000, 0x00000000a6b00000|  0%| F|  |TAMS 0x00000000a6a00000| PB 0x00000000a6a00000| Untracked |  0
|   79|0x00000000a6b00000, 0x00000000a6b00000, 0x00000000a6c00000|  0%| F|  |TAMS 0x00000000a6b00000| PB 0x00000000a6b00000| Untracked |  0
|   80|0x00000000a6c00000, 0x00000000a6c00000, 0x00000000a6d00000|  0%| F|  |TAMS 0x00000000a6c00000| PB 0x00000000a6c00000| Untracked |  0
|   81|0x00000000a6d00000, 0x00000000a6d00000, 0x00000000a6e00000|  0%| F|  |TAMS 0x00000000a6d00000| PB 0x00000000a6d00000| Untracked |  0
|   82|0x00000000a6e00000, 0x00000000a6e00000, 0x00000000a6f00000|  0%| F|  |TAMS 0x00000000a6e00000| PB 0x00000000a6e00000| Untracked |  0
|   83|0x00000000a6f00000, 0x00000000a6f00000, 0x00000000a7000000|  0%| F|  |TAMS 0x00000000a6f00000| PB 0x00000000a6f00000| Untracked |  0
|   84|0x00000000a7000000, 0x00000000a7000000, 0x00000000a7100000|  0%| F|  |TAMS 0x00000000a7000000| PB 0x00000000a7000000| Untracked |  0
|   85|0x00000000a7100000, 0x00000000a7100000, 0x00000000a7200000|  0%| F|  |TAMS 0x00000000a7100000| PB 0x00000000a7100000| Untracked |  0
| 1495|0x00000000ff300000, 0x00000000ff380000, 0x00000000ff400000| 50%| O|  |TAMS 0x00000000ff300000| PB 0x00000000ff300000| Untracked |  0
| 1496|0x00000000ff400000, 0x00000000ff500000, 0x00000000ff500000|100%| O|  |TAMS 0x00000000ff400000| PB 0x00000000ff400000| Untracked |  0
| 1497|0x00000000ff500000, 0x00000000ff600000, 0x00000000ff600000|100%| O|  |TAMS 0x00000000ff500000| PB 0x00000000ff500000| Untracked |  0
| 1498|0x00000000ff600000, 0x00000000ff700000, 0x00000000ff700000|100%| O|  |TAMS 0x00000000ff600000| PB 0x00000000ff600000| Untracked |  0
| 1499|0x00000000ff700000, 0x00000000ff800000, 0x00000000ff800000|100%| O|  |TAMS 0x00000000ff700000| PB 0x00000000ff700000| Untracked |  0
| 1500|0x00000000ff800000, 0x00000000ff900000, 0x00000000ff900000|100%| O|  |TAMS 0x00000000ff800000| PB 0x00000000ff800000| Untracked |  0
| 1501|0x00000000ff900000, 0x00000000ffa00000, 0x00000000ffa00000|100%| O|  |TAMS 0x00000000ff900000| PB 0x00000000ff900000| Untracked |  0
| 1502|0x00000000ffa00000, 0x00000000ffb00000, 0x00000000ffb00000|100%| O|  |TAMS 0x00000000ffa00000| PB 0x00000000ffa00000| Untracked |  0
| 1503|0x00000000ffb00000, 0x00000000ffc00000, 0x00000000ffc00000|100%| O|  |TAMS 0x00000000ffb00000| PB 0x00000000ffb00000| Untracked |  0
| 1504|0x00000000ffc00000, 0x00000000ffd00000, 0x00000000ffd00000|100%| O|  |TAMS 0x00000000ffc00000| PB 0x00000000ffc00000| Untracked |  0
| 1505|0x00000000ffd00000, 0x00000000ffe00000, 0x00000000ffe00000|100%| O|  |TAMS 0x00000000ffd00000| PB 0x00000000ffd00000| Untracked |  0
| 1506|0x00000000ffe00000, 0x00000000fff00000, 0x00000000fff00000|100%| O|  |TAMS 0x00000000ffe00000| PB 0x00000000ffe00000| Untracked |  0
| 1507|0x00000000fff00000, 0x00000000fff81010, 0x0000000100000000| 50%| E|CS|TAMS 0x00000000fff00000| PB 0x00000000fff00000| Complete  |  0

Card table byte_map: [0x000001d2b97f0000,0x000001d2b9af0000] _byte_map_base: 0x000001d2b92e2000
Refinement table byte_map: [0x000001d2b94f0000,0x000001d2b97f0000] _byte_map_base: 0x000001d2b8fe2000

Marking Bits: (CMBitMap*) 0x000001d2a0de5390
 Bits: [0x000001d2b9af0000, 0x000001d2bb280000)

Polling page: 0x000001d29e970000

Metaspace:
Metaspace        used 28498K, committed 28928K, reserved 1114112K
 class space     used 3396K, committed 3584K, reserved 1048576K

Usage:
  Non-class:     24.51 MB used.
      Class:      3.32 MB used.
       Both:     27.83 MB used.

Virtual space:
  Non-class space:       64.00 MB reserved,      24.75 MB ( 39%) committed,  1 nodes.
      Class space:        1.00 GB reserved,       3.50 MB ( <1%) committed,  1 nodes.
             Both:        1.06 GB reserved,      28.25 MB (  3%) committed. 

Chunk freelists:
   Non-Class:  6.60 MB
       Class:  12.51 MB
        Both:  19.12 MB

MaxMetaspaceSize: unlimited
CompressedClassSpaceSize: 1.00 GB
Initial GC threshold: 21.00 MB
Current GC threshold: 42.00 MB
CDS: on
 - commit_granule_bytes: 65536.
 - commit_granule_words: 8192.
 - virtual_space_node_default_size: 8388608.
 - enlarge_chunks_in_place: 1.
UseCompressedClassPointers 1, UseCompactObjectHeaders 0
Narrow klass pointer bits 32, Max shift 3
Narrow klass base: 0x000000001f000000, Narrow klass shift: 0
Encoding Range: [0x000000001f000000 - 0x000000011f000000), (4294967296 bytes)
Klass Range:    [0x000000001f000000 - 0x0000000060000000), (1090519040 bytes)
Klass ID Range:  [8 - 1090519033) (1090519025)
Protection zone: [0x000000001f000000 - 0x000000001f010000), (65536 bytes)


Internal statistics:

num_allocs_failed_limit: 6.
num_arena_births: 234.
num_arena_deaths: 0.
num_vsnodes_births: 2.
num_vsnodes_deaths: 0.
num_space_committed: 452.
num_space_uncommitted: 0.
num_chunks_returned_to_freelist: 6.
num_chunks_taken_from_freelist: 1238.
num_chunk_merges: 6.
num_chunk_splits: 884.
num_chunks_enlarged: 710.
num_inconsistent_stats: 0.

CodeHeap 'non-profiled nmethods': size=120064Kb used=2514Kb max_used=2514Kb free=117549Kb
 bounds [0x000001d2b1760000, 0x000001d2b19e0000, 0x000001d2b8ca0000]
CodeHeap 'profiled nmethods': size=120064Kb used=10270Kb max_used=10270Kb free=109793Kb
 bounds [0x000001d2a9c80000, 0x000001d2aa690000, 0x000001d2b11c0000]
CodeHeap 'non-nmethods': size=5760Kb used=1453Kb max_used=1564Kb free=4306Kb
 bounds [0x000001d2b11c0000, 0x000001d2b1430000, 0x000001d2b1760000]
CodeCache: size=245888Kb, used=14237Kb, max_used=14348Kb, free=231648Kb
 total_blobs=6822, nmethods=6252, adapters=473, full_count=0
Compilation: enabled, stopped_count=0, restarted_count=0

Compilation events (20 events):
Event: 13.304 Thread 0x000001d2c4de2840 6671       4       java.util.HashMap::computeIfAbsent (330 bytes)
Event: 13.328 Thread 0x000001d2c4de2840 nmethod 6671 0x000001d2b19d1e08 code [0x000001d2b19d1f00, 0x000001d2b19d2a18]
Event: 13.328 Thread 0x000001d2c4de2840 6702       4       java.lang.Integer::rotateLeft (9 bytes)
Event: 13.329 Thread 0x000001d2c4de2840 nmethod 6702 0x000001d2b19d2a88 code [0x000001d2b19d2b80, 0x000001d2b19d2be0]
Event: 13.329 Thread 0x000001d2c4de2840 6722       4       java.lang.Character::toUpperCase (6 bytes)
Event: 13.331 Thread 0x000001d2c4de2840 nmethod 6722 0x000001d2b19d2d88 code [0x000001d2b19d2e80, 0x000001d2b19d2f68]
Event: 13.331 Thread 0x000001d2c4de2840 6672       4       java.util.LinkedHashMap::newLinkedHashMap (43 bytes)
Event: 13.333 Thread 0x000001d2c4de2840 nmethod 6672 0x000001d2b19d3088 code [0x000001d2b19d31a0, 0x000001d2b19d3348]
Event: 13.333 Thread 0x000001d2c4de2840 6674       4       java.util.jar.Manifest::parseName (84 bytes)
Event: 13.339 Thread 0x000001d2c4de2840 nmethod 6674 0x000001d2b19d3388 code [0x000001d2b19d3480, 0x000001d2b19d38d8]
Event: 13.339 Thread 0x000001d2c4de2840 6676       4       java.io.ByteArrayOutputStream::<init> (43 bytes)
Event: 13.341 Thread 0x000001d2c4de2840 nmethod 6676 0x000001d2b19d3908 code [0x000001d2b19d3a00, 0x000001d2b19d3c20]
Event: 13.341 Thread 0x000001d2c4de2840 6678       4       java.io.ByteArrayOutputStream::<init> (7 bytes)
Event: 13.342 Thread 0x000001d2c4de2840 nmethod 6678 0x000001d2b19d3c88 code [0x000001d2b19d3d80, 0x000001d2b19d3f08]
Event: 13.342 Thread 0x000001d2c4de2840 6715       4       java.lang.Integer::rotateRight (9 bytes)
Event: 13.343 Thread 0x000001d2c4de2840 nmethod 6715 0x000001d2b19d3f88 code [0x000001d2b19d4080, 0x000001d2b19d40e0]
Event: 13.343 Thread 0x000001d2c4de2840 6673       4       java.lang.String::<init> (16 bytes)
Event: 13.353 Thread 0x000001d2c4de2840 nmethod 6673 0x000001d2b19d4288 code [0x000001d2b19d4380, 0x000001d2b19d46b0]
Event: 13.353 Thread 0x000001d2c4de2840 6670       4       java.util.zip.ZipFile$Source::isManifestName (165 bytes)
Event: 13.356 Thread 0x000001d2c4de2840 nmethod 6670 0x000001d2b19d4708 code [0x000001d2b19d4800, 0x000001d2b19d4a78]

GC Heap Usage History (20 events):
Event: 4.254 {heap Before GC invocations=24 (full 0):
 garbage-first heap   total reserved 1544192K, committed 28672K, used 21717K [0x00000000a1c00000, 0x0000000100000000)
  region size 1M, 12 eden (12M), 1 survivor (1M), 10 old (10M), 0 humongous (0M), 5 free (5M)
}
Event: 4.258 {heap After GC invocations=25 (full 0):
 garbage-first heap   total reserved 1544192K, committed 28672K, used 11634K [0x00000000a1c00000, 0x0000000100000000)
  region size 1M, 0 eden (0M), 2 survivor (2M), 10 old (10M), 0 humongous (0M), 16 free (16M)
}
Event: 4.479 {heap Before GC invocations=25 (full 0):
 garbage-first heap   total reserved 1544192K, committed 28672K, used 21874K [0x00000000a1c00000, 0x0000000100000000)
  region size 1M, 10 eden (10M), 2 survivor (2M), 10 old (10M), 0 humongous (0M), 6 free (6M)
}
Event: 4.491 {heap After GC invocations=26 (full 0):
 garbage-first heap   total reserved 1544192K, committed 28672K, used 13384K [0x00000000a1c00000, 0x0000000100000000)
  region size 1M, 0 eden (0M), 2 survivor (2M), 12 old (12M), 0 humongous (0M), 14 free (14M)
}
Event: 4.679 {heap Before GC invocations=26 (full 0):
 garbage-first heap   total reserved 1544192K, committed 28672K, used 21576K [0x00000000a1c00000, 0x0000000100000000)
  region size 1M, 9 eden (9M), 2 survivor (2M), 12 old (12M), 0 humongous (0M), 5 free (5M)
}
Event: 4.685 {heap After GC invocations=27 (full 0):
 garbage-first heap   total reserved 1544192K, committed 28672K, used 15161K [0x00000000a1c00000, 0x0000000100000000)
  region size 1M, 0 eden (0M), 2 survivor (2M), 13 old (13M), 0 humongous (0M), 13 free (13M)
}
Event: 4.884 {heap Before GC invocations=27 (full 0):
 garbage-first heap   total reserved 1544192K, committed 28672K, used 23353K [0x00000000a1c00000, 0x0000000100000000)
  region size 1M, 8 eden (8M), 2 survivor (2M), 13 old (13M), 0 humongous (0M), 5 free (5M)
}
Event: 4.889 {heap After GC invocations=28 (full 0):
 garbage-first heap   total reserved 1544192K, committed 86016K, used 16108K [0x00000000a1c00000, 0x0000000100000000)
  region size 1M, 0 eden (0M), 1 survivor (1M), 15 old (15M), 0 humongous (0M), 68 free (68M)
}
Event: 5.890 {heap Before GC invocations=28 (full 0):
 garbage-first heap   total reserved 1544192K, committed 86016K, used 62188K [0x00000000a1c00000, 0x0000000100000000)
  region size 1M, 46 eden (46M), 1 survivor (1M), 15 old (15M), 0 humongous (0M), 22 free (22M)
}
Event: 5.896 {heap After GC invocations=29 (full 0):
 garbage-first heap   total reserved 1544192K, committed 86016K, used 18249K [0x00000000a1c00000, 0x0000000100000000)
  region size 1M, 0 eden (0M), 3 survivor (3M), 15 old (15M), 0 humongous (0M), 66 free (66M)
}
Event: 6.959 {heap Before GC invocations=29 (full 0):
 garbage-first heap   total reserved 1544192K, committed 86016K, used 65353K [0x00000000a1c00000, 0x0000000100000000)
  region size 1M, 46 eden (46M), 3 survivor (3M), 15 old (15M), 0 humongous (0M), 20 free (20M)
}
Event: 6.967 {heap After GC invocations=30 (full 0):
 garbage-first heap   total reserved 1544192K, committed 86016K, used 20783K [0x00000000a1c00000, 0x0000000100000000)
  region size 1M, 0 eden (0M), 6 survivor (6M), 15 old (15M), 0 humongous (0M), 63 free (63M)
}
Event: 8.377 {heap Before GC invocations=30 (full 0):
 garbage-first heap   total reserved 1544192K, committed 86016K, used 64815K [0x00000000a1c00000, 0x0000000100000000)
  region size 1M, 38 eden (38M), 6 survivor (6M), 15 old (15M), 6 humongous (6M), 19 free (19M)
}
Event: 8.404 {heap After GC invocations=31 (full 0):
 garbage-first heap   total reserved 1544192K, committed 86016K, used 30349K [0x00000000a1c00000, 0x0000000100000000)
  region size 1M, 0 eden (0M), 7 survivor (7M), 19 old (19M), 4 humongous (4M), 54 free (54M)
}
Event: 9.395 {heap Before GC invocations=32 (full 0):
 garbage-first heap   total reserved 1544192K, committed 86016K, used 74381K [0x00000000a1c00000, 0x0000000100000000)
  region size 1M, 40 eden (40M), 7 survivor (7M), 19 old (19M), 7 humongous (7M), 11 free (11M)
}
Event: 9.421 {heap After GC invocations=33 (full 0):
 garbage-first heap   total reserved 1544192K, committed 95232K, used 46080K [0x00000000a1c00000, 0x0000000100000000)
  region size 1M, 0 eden (0M), 6 survivor (6M), 33 old (33M), 6 humongous (6M), 48 free (48M)
}
Event: 11.596 {heap Before GC invocations=33 (full 0):
 garbage-first heap   total reserved 1544192K, committed 95232K, used 95232K [0x00000000a1c00000, 0x0000000100000000)
  region size 1M, 16 eden (16M), 6 survivor (6M), 33 old (33M), 38 humongous (38M), 0 free (0M)
}
Event: 11.610 {heap After GC invocations=34 (full 0):
 garbage-first heap   total reserved 1544192K, committed 101376K, used 43008K [0x00000000a1c00000, 0x0000000100000000)
  region size 1M, 0 eden (0M), 3 survivor (3M), 35 old (35M), 5 humongous (5M), 56 free (56M)
}
Event: 13.194 {heap Before GC invocations=34 (full 0):
 garbage-first heap   total reserved 1544192K, committed 101376K, used 82944K [0x00000000a1c00000, 0x0000000100000000)
  region size 1M, 37 eden (37M), 3 survivor (3M), 35 old (35M), 7 humongous (7M), 17 free (17M)
}
Event: 13.204 {heap After GC invocations=35 (full 0):
 garbage-first heap   total reserved 1544192K, committed 101376K, used 44318K [0x00000000a1c00000, 0x0000000100000000)
  region size 1M, 0 eden (0M), 4 survivor (4M), 35 old (35M), 5 humongous (5M), 55 free (55M)
}

Metaspace Usage History (20 events):
Event: 4.254 {metaspace Before GC invocations=24 (full 0):
 Metaspace       used 15164K, committed 15360K, reserved 1114112K
  class space    used 1855K, committed 1920K, reserved 1048576K
}
Event: 4.258 {metaspace After GC invocations=25 (full 0):
 Metaspace       used 15164K, committed 15360K, reserved 1114112K
  class space    used 1855K, committed 1920K, reserved 1048576K
}
Event: 4.479 {metaspace Before GC invocations=25 (full 0):
 Metaspace       used 15604K, committed 15808K, reserved 1114112K
  class space    used 1903K, committed 1984K, reserved 1048576K
}
Event: 4.491 {metaspace After GC invocations=26 (full 0):
 Metaspace       used 15604K, committed 15808K, reserved 1114112K
  class space    used 1903K, committed 1984K, reserved 1048576K
}
Event: 4.679 {metaspace Before GC invocations=26 (full 0):
 Metaspace       used 15799K, committed 16000K, reserved 1114112K
  class space    used 1928K, committed 1984K, reserved 1048576K
}
Event: 4.685 {metaspace After GC invocations=27 (full 0):
 Metaspace       used 15799K, committed 16000K, reserved 1114112K
  class space    used 1928K, committed 1984K, reserved 1048576K
}
Event: 4.884 {metaspace Before GC invocations=27 (full 0):
 Metaspace       used 15864K, committed 16064K, reserved 1114112K
  class space    used 1928K, committed 1984K, reserved 1048576K
}
Event: 4.889 {metaspace After GC invocations=28 (full 0):
 Metaspace       used 15864K, committed 16064K, reserved 1114112K
  class space    used 1928K, committed 1984K, reserved 1048576K
}
Event: 5.890 {metaspace Before GC invocations=28 (full 0):
 Metaspace       used 16301K, committed 16576K, reserved 1114112K
  class space    used 1936K, committed 2048K, reserved 1048576K
}
Event: 5.896 {metaspace After GC invocations=29 (full 0):
 Metaspace       used 16301K, committed 16576K, reserved 1114112K
  class space    used 1936K, committed 2048K, reserved 1048576K
}
Event: 6.959 {metaspace Before GC invocations=29 (full 0):
 Metaspace       used 17753K, committed 18048K, reserved 1114112K
  class space    used 2096K, committed 2240K, reserved 1048576K
}
Event: 6.967 {metaspace After GC invocations=30 (full 0):
 Metaspace       used 17753K, committed 18048K, reserved 1114112K
  class space    used 2096K, committed 2240K, reserved 1048576K
}
Event: 8.377 {metaspace Before GC invocations=30 (full 0):
 Metaspace       used 25025K, committed 25408K, reserved 1114112K
  class space    used 3004K, committed 3200K, reserved 1048576K
}
Event: 8.404 {metaspace After GC invocations=31 (full 0):
 Metaspace       used 25025K, committed 25408K, reserved 1114112K
  class space    used 3004K, committed 3200K, reserved 1048576K
}
Event: 9.395 {metaspace Before GC invocations=32 (full 0):
 Metaspace       used 26213K, committed 26560K, reserved 1114112K
  class space    used 3120K, committed 3264K, reserved 1048576K
}
Event: 9.421 {metaspace After GC invocations=33 (full 0):
 Metaspace       used 26213K, committed 26560K, reserved 1114112K
  class space    used 3120K, committed 3264K, reserved 1048576K
}
Event: 11.596 {metaspace Before GC invocations=33 (full 0):
 Metaspace       used 27371K, committed 27712K, reserved 1114112K
  class space    used 3272K, committed 3456K, reserved 1048576K
}
Event: 11.610 {metaspace After GC invocations=34 (full 0):
 Metaspace       used 27371K, committed 27712K, reserved 1114112K
  class space    used 3272K, committed 3456K, reserved 1048576K
}
Event: 13.194 {metaspace Before GC invocations=34 (full 0):
 Metaspace       used 28343K, committed 28736K, reserved 1114112K
  class space    used 3375K, committed 3520K, reserved 1048576K
}
Event: 13.204 {metaspace After GC invocations=35 (full 0):
 Metaspace       used 28343K, committed 28736K, reserved 1114112K
  class space    used 3375K, committed 3520K, reserved 1048576K
}

Dll operation events (14 events):
Event: 0.030 Attempting to load shared library C:\Users\Plaza Vespucio\AppData\Roaming\Code\User\globalStorage\pleiades.java-extension-pack-jdk\java\latest\bin\java.dll
Event: 0.037 Loaded shared library C:\Users\Plaza Vespucio\AppData\Roaming\Code\User\globalStorage\pleiades.java-extension-pack-jdk\java\latest\bin\java.dll
Event: 0.121 Attempting to load shared library C:\Users\Plaza Vespucio\AppData\Roaming\Code\User\globalStorage\pleiades.java-extension-pack-jdk\java\latest\bin\net.dll
Event: 0.125 Loaded shared library C:\Users\Plaza Vespucio\AppData\Roaming\Code\User\globalStorage\pleiades.java-extension-pack-jdk\java\latest\bin\net.dll
Event: 0.130 Attempting to load shared library C:\Users\Plaza Vespucio\AppData\Roaming\Code\User\globalStorage\pleiades.java-extension-pack-jdk\java\latest\bin\nio.dll
Event: 0.133 Loaded shared library C:\Users\Plaza Vespucio\AppData\Roaming\Code\User\globalStorage\pleiades.java-extension-pack-jdk\java\latest\bin\nio.dll
Event: 0.141 Attempting to load shared library C:\Users\Plaza Vespucio\AppData\Roaming\Code\User\globalStorage\pleiades.java-extension-pack-jdk\java\latest\bin\zip.dll
Event: 0.145 Loaded shared library C:\Users\Plaza Vespucio\AppData\Roaming\Code\User\globalStorage\pleiades.java-extension-pack-jdk\java\latest\bin\zip.dll
Event: 0.437 Attempting to load shared library C:\Users\Plaza Vespucio\AppData\Roaming\Code\User\globalStorage\pleiades.java-extension-pack-jdk\maven\latest\lib\jansi-native\Windows\x86_64\jansi.dll
Event: 0.440 Attempting to load shared library C:\Users\Plaza Vespucio\AppData\Roaming\Code\User\globalStorage\pleiades.java-extension-pack-jdk\java\latest\bin\jimage.dll
Event: 0.440 Loaded shared library C:\Users\Plaza Vespucio\AppData\Roaming\Code\User\globalStorage\pleiades.java-extension-pack-jdk\java\latest\bin\jimage.dll
Event: 0.444 Loaded shared library C:\Users\Plaza Vespucio\AppData\Roaming\Code\User\globalStorage\pleiades.java-extension-pack-jdk\maven\latest\lib\jansi-native\Windows\x86_64\jansi.dll
Event: 0.496 Attempting to load shared library C:\Users\Plaza Vespucio\AppData\Roaming\Code\User\globalStorage\pleiades.java-extension-pack-jdk\java\latest\bin\verify.dll
Event: 0.500 Loaded shared library C:\Users\Plaza Vespucio\AppData\Roaming\Code\User\globalStorage\pleiades.java-extension-pack-jdk\java\latest\bin\verify.dll

Deoptimization events (20 events):
Event: 12.812 Thread 0x000001d2a0daa1e0 DEOPT PACKING pc=0x000001d2aa3ea763 sp=0x00000060cbffde10
Event: 12.812 Thread 0x000001d2a0daa1e0 DEOPT UNPACKING pc=0x000001d2b1211a02 sp=0x00000060cbffd3a0 mode 0
Event: 12.845 Thread 0x000001d2a0daa1e0 DEOPT PACKING pc=0x000001d2aa15f87d sp=0x00000060cbffdc70
Event: 12.845 Thread 0x000001d2a0daa1e0 DEOPT UNPACKING pc=0x000001d2b1211a02 sp=0x00000060cbffd1a8 mode 0
Event: 12.879 Thread 0x000001d2a0daa1e0 DEOPT PACKING pc=0x000001d2aa3ea763 sp=0x00000060cbffde10
Event: 12.879 Thread 0x000001d2a0daa1e0 DEOPT UNPACKING pc=0x000001d2b1211a02 sp=0x00000060cbffd3a0 mode 0
Event: 12.920 Thread 0x000001d2a0daa1e0 DEOPT PACKING pc=0x000001d2aa3ea763 sp=0x00000060cbffde40
Event: 12.920 Thread 0x000001d2a0daa1e0 DEOPT UNPACKING pc=0x000001d2b1211a02 sp=0x00000060cbffd3d0 mode 0
Event: 13.039 Thread 0x000001d2a0daa1e0 Uncommon trap: trap_request=0xffffff45 fr.pc=0x000001d2b1810980 relative=0x0000000000000080
Event: 13.039 Thread 0x000001d2a0daa1e0 Uncommon trap: reason=unstable_if action=reinterpret pc=0x000001d2b1810980 method=java.lang.ref.SoftReference.get()Ljava/lang/Object; @ 6 c2
Event: 13.039 Thread 0x000001d2a0daa1e0 DEOPT PACKING pc=0x000001d2b1810980 sp=0x00000060cbffd490
Event: 13.039 Thread 0x000001d2a0daa1e0 DEOPT UNPACKING pc=0x000001d2b12e1302 sp=0x00000060cbffd428 mode 2
Event: 13.229 Thread 0x000001d2a0daa1e0 Uncommon trap: trap_request=0xffffffde fr.pc=0x000001d2b19b2364 relative=0x00000000000007e4
Event: 13.229 Thread 0x000001d2a0daa1e0 Uncommon trap: reason=class_check action=maybe_recompile pc=0x000001d2b19b2364 method=java.util.Hashtable.put(Ljava/lang/Object;Ljava/lang/Object;)Ljava/lang/Object; @ 18 c2
Event: 13.229 Thread 0x000001d2a0daa1e0 DEOPT PACKING pc=0x000001d2b19b2364 sp=0x00000060cbffe490
Event: 13.229 Thread 0x000001d2a0daa1e0 DEOPT UNPACKING pc=0x000001d2b12e1302 sp=0x00000060cbffe458 mode 2
Event: 13.229 Thread 0x000001d2a0daa1e0 Uncommon trap: trap_request=0xffffffde fr.pc=0x000001d2b19b2364 relative=0x00000000000007e4
Event: 13.229 Thread 0x000001d2a0daa1e0 Uncommon trap: reason=class_check action=maybe_recompile pc=0x000001d2b19b2364 method=java.util.Hashtable.put(Ljava/lang/Object;Ljava/lang/Object;)Ljava/lang/Object; @ 18 c2
Event: 13.229 Thread 0x000001d2a0daa1e0 DEOPT PACKING pc=0x000001d2b19b2364 sp=0x00000060cbffe490
Event: 13.229 Thread 0x000001d2a0daa1e0 DEOPT UNPACKING pc=0x000001d2b12e1302 sp=0x00000060cbffe458 mode 2

Classes loaded (20 events):
Event: 13.220 Loading class jdk/internal/logger/LazyLoggers$LazyLoggerFactories
Event: 13.221 Loading class jdk/internal/logger/LazyLoggers$LazyLoggerFactories done
Event: 13.222 Loading class jdk/internal/logger/LoggerFinderLoader
Event: 13.222 Loading class jdk/internal/logger/LoggerFinderLoader done
Event: 13.223 Loading class jdk/internal/logger/LoggerFinderLoader$TemporaryLoggerFinder
Event: 13.223 Loading class jdk/internal/logger/LoggerFinderLoader$TemporaryLoggerFinder done
Event: 13.224 Loading class sun/util/logging/internal/LoggingProviderImpl$JULWrapper
Event: 13.224 Loading class sun/util/logging/PlatformLogger$ConfigurableBridge$LoggerConfiguration
Event: 13.224 Loading class sun/util/logging/PlatformLogger$ConfigurableBridge$LoggerConfiguration done
Event: 13.224 Loading class sun/util/logging/internal/LoggingProviderImpl$JULWrapper done
Event: 13.224 Loading class java/lang/System$Logger$Level
Event: 13.225 Loading class java/lang/System$Logger$Level done
Event: 13.226 Loading class sun/misc/Signal
Event: 13.227 Loading class sun/misc/Signal done
Event: 13.227 Loading class sun/misc/SignalHandler
Event: 13.227 Loading class sun/misc/SignalHandler done
Event: 13.228 Loading class sun/misc/Signal$InternalMiscHandler
Event: 13.228 Loading class sun/misc/Signal$InternalMiscHandler done
Event: 13.229 Loading class sun/misc/Signal$SunMiscHandler
Event: 13.229 Loading class sun/misc/Signal$SunMiscHandler done

Classes unloaded (0 events):
No events

Classes redefined (5 events):
Event: 0.100 Thread 0x000001d2bdc61190 redefined class name=java.io.FileOutputStream, count=1
Event: 0.102 Thread 0x000001d2bdc61190 redefined class name=java.io.File, count=1
Event: 0.106 Thread 0x000001d2bdc61190 redefined class name=java.lang.ClassLoader, count=1
Event: 0.107 Thread 0x000001d2bdc61190 redefined class name=java.net.URLStreamHandler, count=1
Event: 0.109 Thread 0x000001d2bdc61190 redefined class name=java.lang.Thread, count=1

Internal exceptions (20 events):
Event: 9.554 Thread 0x000001d2a0daa1e0 Exception <a 'sun/nio/fs/WindowsException'{0x00000000a68cd5b8}> (0x00000000a68cd5b8) 
thrown [s\src\hotspot\share\prims\jni.cpp, line 514]
Event: 9.744 Thread 0x000001d2a0daa1e0 Exception <a 'sun/nio/fs/WindowsException'{0x00000000a67d8cf0}> (0x00000000a67d8cf0) 
thrown [s\src\hotspot\share\prims\jni.cpp, line 514]
Event: 9.756 Thread 0x000001d2a0daa1e0 Exception <a 'sun/nio/fs/WindowsException'{0x00000000a67ea348}> (0x00000000a67ea348) 
thrown [s\src\hotspot\share\prims\jni.cpp, line 514]
Event: 9.778 Thread 0x000001d2a0daa1e0 Exception <a 'sun/nio/fs/WindowsException'{0x00000000a66164e0}> (0x00000000a66164e0) 
thrown [s\src\hotspot\share\prims\jni.cpp, line 514]
Event: 9.778 Thread 0x000001d2a0daa1e0 Exception <a 'sun/nio/fs/WindowsException'{0x00000000a6616f60}> (0x00000000a6616f60) 
thrown [s\src\hotspot\share\prims\jni.cpp, line 514]
Event: 9.926 Thread 0x000001d2a0daa1e0 Exception <a 'sun/nio/fs/WindowsException'{0x00000000a6527700}> (0x00000000a6527700) 
thrown [s\src\hotspot\share\prims\jni.cpp, line 514]
Event: 9.927 Thread 0x000001d2a0daa1e0 Exception <a 'sun/nio/fs/WindowsException'{0x00000000a652fd58}> (0x00000000a652fd58) 
thrown [s\src\hotspot\share\prims\jni.cpp, line 514]
Event: 9.928 Thread 0x000001d2a0daa1e0 Exception <a 'sun/nio/fs/WindowsException'{0x00000000a653f5b0}> (0x00000000a653f5b0) 
thrown [s\src\hotspot\share\prims\jni.cpp, line 514]
Event: 9.928 Thread 0x000001d2a0daa1e0 Exception <a 'sun/nio/fs/WindowsException'{0x00000000a65402a8}> (0x00000000a65402a8) 
thrown [s\src\hotspot\share\prims\jni.cpp, line 514]
Event: 9.976 Thread 0x000001d2a0daa1e0 Exception <a 'sun/nio/fs/WindowsException'{0x00000000a65c32c8}> (0x00000000a65c32c8) 
thrown [s\src\hotspot\share\prims\jni.cpp, line 514]
Event: 9.976 Thread 0x000001d2a0daa1e0 Exception <a 'sun/nio/fs/WindowsException'{0x00000000a65c3a28}> (0x00000000a65c3a28) 
thrown [s\src\hotspot\share\prims\jni.cpp, line 514]
Event: 9.977 Thread 0x000001d2a0daa1e0 Exception <a 'sun/nio/fs/WindowsException'{0x00000000a65c40b8}> (0x00000000a65c40b8) 
thrown [s\src\hotspot\share\prims\jni.cpp, line 514]
Event: 9.977 Thread 0x000001d2a0daa1e0 Exception <a 'sun/nio/fs/WindowsException'{0x00000000a65c47e8}> (0x00000000a65c47e8) 
thrown [s\src\hotspot\share\prims\jni.cpp, line 514]
Event: 9.977 Thread 0x000001d2a0daa1e0 Exception <a 'sun/nio/fs/WindowsException'{0x00000000a65c4f00}> (0x00000000a65c4f00) 
thrown [s\src\hotspot\share\prims\jni.cpp, line 514]
Event: 10.002 Thread 0x000001d2a0daa1e0 Exception <a 'java/lang/IncompatibleClassChangeError'{0x00000000a65eccf8}: Found class java.lang.Object, but interface was expected> (0x00000000a65eccf8) 
thrown [s\src\hotspot\share\interpreter\linkResolver.cpp, line 871]
Event: 13.081 Thread 0x000001d2a0daa1e0 Exception <a 'java/lang/NoSuchMethodError'{0x00000000a4b9f7f0}: 'java.lang.Object java.lang.invoke.DirectMethodHandle$Holder.invokeStaticInit(java.lang.Object, java.lang.Object, int, int, int, int)'> (0x00000000a4b9f7f0) 
thrown [s\src\hotspot\share\interpreter\linkResolver.cpp, line 804]
Event: 13.189 Thread 0x000001d2a0daa1e0 Exception <a 'java/lang/NoSuchMethodError'{0x00000000a4bde478}: 'void java.lang.invoke.DirectMethodHandle$Holder.invokeStatic(java.lang.Object, long)'> (0x00000000a4bde478) 
thrown [s\src\hotspot\share\interpreter\linkResolver.cpp, line 804]
Event: 13.190 Thread 0x000001d2a0daa1e0 Exception <a 'java/lang/NoSuchMethodError'{0x00000000a4becfa0}: 'java.lang.Object java.lang.invoke.DirectMethodHandle$Holder.newInvokeSpecial(java.lang.Object, long)'> (0x00000000a4becfa0) 
thrown [s\src\hotspot\share\interpreter\linkResolver.cpp, line 804]
Event: 13.193 Thread 0x000001d2a0daa1e0 Exception <a 'java/lang/NoSuchMethodError'{0x00000000a4bf66a8}: 'java.lang.Object java.lang.invoke.DirectMethodHandle$Holder.invokeStatic(java.lang.Object, long, java.lang.Object)'> (0x00000000a4bf66a8) 
thrown [s\src\hotspot\share\interpreter\linkResolver.cpp, line 804]
Event: 13.194 Thread 0x000001d2a0daa1e0 Exception <a 'java/lang/NoSuchMethodError'{0x00000000a4bfe7d8}: 'java.lang.Object java.lang.invoke.DirectMethodHandle$Holder.invokeStaticInit(java.lang.Object, long, java.lang.Object)'> (0x00000000a4bfe7d8) 
thrown [s\src\hotspot\share\interpreter\linkResolver.cpp, line 804]

VM Operations (20 events):
Event: 8.377 Executing safepoint VM operation: CollectForMetadataAllocation (Metadata GC Threshold)
Event: 8.404 Executing safepoint VM operation: CollectForMetadataAllocation (Metadata GC Threshold) done
Event: 8.438 Executing safepoint VM operation: CollectForMetadataAllocation (Metadata GC Threshold)
Event: 8.438 Executing safepoint VM operation: CollectForMetadataAllocation (Metadata GC Threshold) done
Event: 8.438 Executing safepoint VM operation: G1PauseRemark
Event: 8.452 Executing safepoint VM operation: G1PauseRemark done
Event: 8.462 Executing safepoint VM operation: G1PauseCleanup
Event: 8.462 Executing safepoint VM operation: G1PauseCleanup done
Event: 9.395 Executing safepoint VM operation: G1CollectForAllocation (G1 Evacuation Pause)
Event: 9.421 Executing safepoint VM operation: G1CollectForAllocation (G1 Evacuation Pause) done
Event: 9.465 Executing non-safepoint VM operation: HandshakeAllThreads (Deoptimize)
Event: 9.465 Executing non-safepoint VM operation: HandshakeAllThreads (Deoptimize) done
Event: 9.497 Executing non-safepoint VM operation: HandshakeAllThreads (Deoptimize)
Event: 9.497 Executing non-safepoint VM operation: HandshakeAllThreads (Deoptimize) done
Event: 11.596 Executing safepoint VM operation: G1CollectForAllocation (G1 Evacuation Pause)
Event: 11.611 Executing safepoint VM operation: G1CollectForAllocation (G1 Evacuation Pause) done
Event: 13.054 Executing non-safepoint VM operation: HandshakeAllThreads (Deoptimize)
Event: 13.054 Executing non-safepoint VM operation: HandshakeAllThreads (Deoptimize) done
Event: 13.194 Executing safepoint VM operation: G1CollectForAllocation (G1 Evacuation Pause)
Event: 13.204 Executing safepoint VM operation: G1CollectForAllocation (G1 Evacuation Pause) done

Memory protections (0 events):
No events

Nmethod flushes (20 events):
Event: 8.450 Thread 0x000001d2bdc61190 flushing  nmethod 0x000001d2b17a7888
Event: 8.450 Thread 0x000001d2bdc61190 flushing  nmethod 0x000001d2b17bbe88
Event: 8.450 Thread 0x000001d2bdc61190 flushing  nmethod 0x000001d2b184e188
Event: 8.450 Thread 0x000001d2bdc61190 flushing  nmethod 0x000001d2a9c8c508
Event: 8.450 Thread 0x000001d2bdc61190 flushing  nmethod 0x000001d2a9c91108
Event: 8.450 Thread 0x000001d2bdc61190 flushing  nmethod 0x000001d2a9d5eb88
Event: 8.450 Thread 0x000001d2bdc61190 flushing  nmethod 0x000001d2a9d62688
Event: 8.450 Thread 0x000001d2bdc61190 flushing  nmethod 0x000001d2a9d62d08
Event: 8.450 Thread 0x000001d2bdc61190 flushing  nmethod 0x000001d2a9d63208
Event: 8.450 Thread 0x000001d2bdc61190 flushing  nmethod 0x000001d2a9d63688
Event: 8.450 Thread 0x000001d2bdc61190 flushing  nmethod 0x000001d2a9e45b08
Event: 8.450 Thread 0x000001d2bdc61190 flushing  nmethod 0x000001d2a9e54b88
Event: 8.450 Thread 0x000001d2bdc61190 flushing  nmethod 0x000001d2a9f42088
Event: 8.450 Thread 0x000001d2bdc61190 flushing  nmethod 0x000001d2a9f5da88
Event: 8.450 Thread 0x000001d2bdc61190 flushing  nmethod 0x000001d2aa07ed08
Event: 8.450 Thread 0x000001d2bdc61190 flushing osr nmethod 0x000001d2aa095b08
Event: 8.450 Thread 0x000001d2bdc61190 flushing  nmethod 0x000001d2aa0e8088
Event: 8.450 Thread 0x000001d2bdc61190 flushing  nmethod 0x000001d2aa0e8388
Event: 8.450 Thread 0x000001d2bdc61190 flushing  nmethod 0x000001d2aa108288
Event: 8.450 Thread 0x000001d2bdc61190 flushing  nmethod 0x000001d2aa108588

Events (20 events):
Event: 0.080 Thread 0x000001d2a0daa1e0 Thread added: 0x000001d2bdc87170
Event: 0.080 Thread 0x000001d2a0daa1e0 Thread added: 0x000001d2bdc98320
Event: 0.081 Thread 0x000001d2a0daa1e0 Thread added: 0x000001d2bdc98b20
Event: 0.110 Thread 0x000001d2a0daa1e0 Thread added: 0x000001d2bdc88110
Event: 0.114 Thread 0x000001d2a0daa1e0 Thread added: 0x000001d2bdc8bf90
Event: 0.374 Thread 0x000001d2bdc98b20 Thread added: 0x000001d2c2558fc0
Event: 0.431 Thread 0x000001d2a0daa1e0 Thread added: 0x000001d2bdc8d700
Event: 0.461 Thread 0x000001d2bdc8d700 Thread exited: 0x000001d2bdc8d700
Event: 3.398 Thread 0x000001d2a0daa1e0 Thread added: 0x000001d2c2c80320
Event: 3.644 Thread 0x000001d2bdc98b20 Thread added: 0x000001d2c336e3c0
Event: 6.268 Thread 0x000001d2c336e3c0 Thread exited: 0x000001d2c336e3c0
Event: 6.550 Thread 0x000001d2c2558fc0 Thread exited: 0x000001d2c2558fc0
Event: 7.084 Thread 0x000001d2bdc98b20 Thread added: 0x000001d2c36d1d70
Event: 7.821 Thread 0x000001d2c36d1d70 Thread exited: 0x000001d2c36d1d70
Event: 7.961 Thread 0x000001d2bdc98b20 Thread added: 0x000001d2c3895010
Event: 11.499 Thread 0x000001d2c3895010 Thread exited: 0x000001d2c3895010
Event: 11.630 Thread 0x000001d2bdc98b20 Thread added: 0x000001d2c53342e0
Event: 12.142 Thread 0x000001d2c53342e0 Thread exited: 0x000001d2c53342e0
Event: 12.319 Thread 0x000001d2bdc98b20 Thread added: 0x000001d2c4de2840
Event: 18.576 Thread 0x000001d2c4de2840 Thread exited: 0x000001d2c4de2840


Dynamic libraries:
0x00007ff69ab90000 - 0x00007ff69ab9e000 	C:\Users\Plaza Vespucio\AppData\Roaming\Code\User\globalStorage\pleiades.java-extension-pack-jdk\java\latest\bin\java.exe
0x00007ffdf34a0000 - 0x00007ffdf3706000 	C:\WINDOWS\SYSTEM32\ntdll.dll
0x00007ffdf31c0000 - 0x00007ffdf3289000 	C:\WINDOWS\System32\KERNEL32.DLL
0x00007ffdf2dc0000 - 0x00007ffdf31ba000 	C:\WINDOWS\System32\KERNELBASE.dll
0x000000007f840000 - 0x000000007f87e000 	C:\WINDOWS\System32\cyinjct.dll
0x00007ffdf2c30000 - 0x00007ffdf2c54000 	C:\WINDOWS\System32\cyvera.dll
0x00007ffdd60c0000 - 0x00007ffdd60d7000 	C:\Users\Plaza Vespucio\AppData\Roaming\Code\User\globalStorage\pleiades.java-extension-pack-jdk\java\latest\bin\jli.dll
0x000001d29e5d0000 - 0x000001d29e797000 	C:\WINDOWS\System32\USER32.dll
0x00007ffdf0790000 - 0x00007ffdf07b7000 	C:\WINDOWS\System32\win32u.dll
0x00007ffdf1140000 - 0x00007ffdf116b000 	C:\WINDOWS\System32\GDI32.dll
0x00007ffdf0660000 - 0x00007ffdf078b000 	C:\WINDOWS\System32\gdi32full.dll
0x00007ffdf05b0000 - 0x00007ffdf0653000 	C:\WINDOWS\System32\msvcp_win.dll
0x000001d29e7a0000 - 0x000001d29e8ec000 	C:\WINDOWS\System32\ucrtbase.dll
0x00007ffdd6050000 - 0x00007ffdd606e000 	C:\Users\Plaza Vespucio\AppData\Roaming\Code\User\globalStorage\pleiades.java-extension-pack-jdk\java\latest\bin\VCRUNTIME140.dll
0x00007ffddb150000 - 0x00007ffddb3e2000 	C:\WINDOWS\WinSxS\amd64_microsoft.windows.common-controls_6595b64144ccf1df_6.0.26100.8521_none_3e08b75ce33403b3\COMCTL32.dll
0x00007ffdf2170000 - 0x00007ffdf2219000 	C:\WINDOWS\System32\msvcrt.dll
0x00007ffdf2ac0000 - 0x00007ffdf2c26000 	C:\WINDOWS\System32\cyvrtrap.dll
0x00007ffdf2130000 - 0x00007ffdf2162000 	C:\WINDOWS\System32\IMM32.DLL
0x00007ffdd78a0000 - 0x00007ffdd78ac000 	C:\Users\Plaza Vespucio\AppData\Roaming\Code\User\globalStorage\pleiades.java-extension-pack-jdk\java\latest\bin\vcruntime140_1.dll
0x00007ffdc6b60000 - 0x00007ffdc6bed000 	C:\Users\Plaza Vespucio\AppData\Roaming\Code\User\globalStorage\pleiades.java-extension-pack-jdk\java\latest\bin\msvcp140.dll
0x00007ffd596d0000 - 0x00007ffd5a669000 	C:\Users\Plaza Vespucio\AppData\Roaming\Code\User\globalStorage\pleiades.java-extension-pack-jdk\java\latest\bin\server\jvm.dll
0x00007ffdf1660000 - 0x00007ffdf1716000 	C:\WINDOWS\System32\ADVAPI32.dll
0x00007ffdf2220000 - 0x00007ffdf22ca000 	C:\WINDOWS\System32\sechost.dll
0x00007ffdf2ca0000 - 0x00007ffdf2db8000 	C:\WINDOWS\System32\RPCRT4.dll
0x00007ffdf27b0000 - 0x00007ffdf2830000 	C:\WINDOWS\System32\WS2_32.dll
0x00007ffdf0370000 - 0x00007ffdf03ce000 	C:\WINDOWS\SYSTEM32\POWRPROF.dll
0x00007ffde9fa0000 - 0x00007ffde9fd6000 	C:\WINDOWS\SYSTEM32\WINMM.dll
0x00007ffdea080000 - 0x00007ffdea08b000 	C:\WINDOWS\SYSTEM32\VERSION.dll
0x00007ffdf0330000 - 0x00007ffdf0344000 	C:\WINDOWS\SYSTEM32\UMPDC.dll
0x00007ffdef240000 - 0x00007ffdef25b000 	C:\WINDOWS\SYSTEM32\kernel.appcore.dll
0x00007ffdd7800000 - 0x00007ffdd780a000 	C:\Users\Plaza Vespucio\AppData\Roaming\Code\User\globalStorage\pleiades.java-extension-pack-jdk\java\latest\bin\jimage.dll
0x00007ffde3a50000 - 0x00007ffde3c92000 	C:\WINDOWS\SYSTEM32\DBGHELP.DLL
0x00007ffdf22d0000 - 0x00007ffdf2653000 	C:\WINDOWS\System32\combase.dll
0x00007ffdf1340000 - 0x00007ffdf1419000 	C:\WINDOWS\System32\OLEAUT32.dll
0x00007ffdd88b0000 - 0x00007ffdd88eb000 	C:\WINDOWS\SYSTEM32\dbgcore.DLL
0x00007ffdf0b20000 - 0x00007ffdf0bc8000 	C:\WINDOWS\System32\bcryptPrimitives.dll
0x00007ffdf2a60000 - 0x00007ffdf2aba000 	C:\Program Files\Palo Alto Networks\Traps\cyjagent.dll
0x00007ffdd3a80000 - 0x00007ffdd3a9e000 	C:\Users\Plaza Vespucio\AppData\Roaming\Code\User\globalStorage\pleiades.java-extension-pack-jdk\java\latest\bin\java.dll
0x00007ffdf2840000 - 0x00007ffdf29d8000 	C:\WINDOWS\System32\ole32.dll
0x00007ffdf18a0000 - 0x00007ffdf2024000 	C:\WINDOWS\System32\SHELL32.dll
0x00007ffdee090000 - 0x00007ffdee910000 	C:\WINDOWS\SYSTEM32\windows.storage.dll
0x00007ffdf2030000 - 0x00007ffdf2126000 	C:\WINDOWS\System32\SHCORE.dll
0x00007ffdf29f0000 - 0x00007ffdf2a57000 	C:\WINDOWS\System32\shlwapi.dll
0x00007ffdf0410000 - 0x00007ffdf0439000 	C:\WINDOWS\SYSTEM32\profapi.dll
0x00007ffdd21a0000 - 0x00007ffdd21b1000 	C:\Users\Plaza Vespucio\AppData\Roaming\Code\User\globalStorage\pleiades.java-extension-pack-jdk\java\latest\bin\net.dll
0x00007ffdef790000 - 0x00007ffdef7fc000 	C:\WINDOWS\system32\mswsock.dll
0x00007ffdd1b40000 - 0x00007ffdd1b56000 	C:\Users\Plaza Vespucio\AppData\Roaming\Code\User\globalStorage\pleiades.java-extension-pack-jdk\java\latest\bin\nio.dll
0x00007ffdd1a80000 - 0x00007ffdd1a97000 	C:\Users\Plaza Vespucio\AppData\Roaming\Code\User\globalStorage\pleiades.java-extension-pack-jdk\java\latest\bin\zip.dll
0x00007ffdd18b0000 - 0x00007ffdd18d4000 	C:\Users\Plaza Vespucio\AppData\Roaming\Code\User\globalStorage\pleiades.java-extension-pack-jdk\maven\latest\lib\jansi-native\Windows\x86_64\jansi.dll
0x00007ffdd60b0000 - 0x00007ffdd60c0000 	C:\Users\Plaza Vespucio\AppData\Roaming\Code\User\globalStorage\pleiades.java-extension-pack-jdk\java\latest\bin\verify.dll
0x00007ffdefb90000 - 0x00007ffdefbab000 	C:\WINDOWS\SYSTEM32\CRYPTSP.dll
0x00007ffdef1a0000 - 0x00007ffdef1d9000 	C:\WINDOWS\system32\rsaenh.dll
0x00007ffdef840000 - 0x00007ffdef873000 	C:\WINDOWS\SYSTEM32\USERENV.dll
0x00007ffdf03e0000 - 0x00007ffdf040a000 	C:\WINDOWS\SYSTEM32\bcrypt.dll
0x00007ffdef9f0000 - 0x00007ffdef9fc000 	C:\WINDOWS\SYSTEM32\CRYPTBASE.dll
0x00007ffdeec20000 - 0x00007ffdeec53000 	C:\WINDOWS\SYSTEM32\IPHLPAPI.DLL
0x00007ffdf11d0000 - 0x00007ffdf11da000 	C:\WINDOWS\System32\NSI.dll

JVMTI agents:
C:\Program Files\Palo Alto Networks\Traps\cyjagent.dll path:C:\Program Files\Palo Alto Networks\Traps\cyjagent.dll, loaded, initialized, options:none

dbghelp: loaded successfully - version: 4.0.5 - missing functions: none
symbol engine: initialized successfully - sym options: 0x614 - pdb path: .;C:\Users\Plaza Vespucio\AppData\Roaming\Code\User\globalStorage\pleiades.java-extension-pack-jdk\java\latest\bin;C:\WINDOWS\SYSTEM32;C:\WINDOWS\WinSxS\amd64_microsoft.windows.common-controls_6595b64144ccf1df_6.0.26100.8521_none_3e08b75ce33403b3;C:\Users\Plaza Vespucio\AppData\Roaming\Code\User\globalStorage\pleiades.java-extension-pack-jdk\java\latest\bin\server;C:\Program Files\Palo Alto Networks\Traps;C:\Users\Plaza Vespucio\AppData\Roaming\Code\User\globalStorage\pleiades.java-extension-pack-jdk\maven\latest\lib\jansi-native\Windows\x86_64

VM Arguments:
jvm_args: -Dstdout.encoding=UTF-8 -Dstderr.encoding=UTF-8 --enable-native-access=ALL-UNNAMED -Dclassworlds.conf=C:\Users\Plaza Vespucio\AppData\Roaming\Code\User\globalStorage\pleiades.java-extension-pack-jdk\maven\latest\bin\m2.conf -Dmaven.home=C:\Users\Plaza Vespucio\AppData\Roaming\Code\User\globalStorage\pleiades.java-extension-pack-jdk\maven\latest -Dlibrary.jansi.path=C:\Users\Plaza Vespucio\AppData\Roaming\Code\User\globalStorage\pleiades.java-extension-pack-jdk\maven\latest\lib\jansi-native -Dmaven.multiModuleProjectDirectory=C:\Users\Plaza Vespucio\Desktop\Centro_Medico\ms-eureka -agentpath:C:\Program Files\Palo Alto Networks\Traps\cyjagent.dll 
java_command: org.codehaus.plexus.classworlds.launcher.Launcher clean compile spring-boot:run -Dmaven.test.skip=true
java_class_path (initial): C:\Users\Plaza Vespucio\AppData\Roaming\Code\User\globalStorage\pleiades.java-extension-pack-jdk\maven\latest\boot\plexus-classworlds-2.11.0.jar
Launcher Type: SUN_STANDARD

[Global flags]
     bool AOTAdapterCaching                        = false                                  {diagnostic} {ergonomic}
     bool AOTInvokeDynamicLinking                  = false                                  {diagnostic} {ergonomic}
     bool AOTRecordTraining                        = false                                  {diagnostic} {ergonomic}
     bool AOTReplayTraining                        = false                                  {diagnostic} {ergonomic}
     bool AOTStubCaching                           = false                                  {diagnostic} {ergonomic}
     intx CICompilerCount                          = 4                                         {product} {ergonomic}
     uint ConcGCThreads                            = 2                                         {product} {ergonomic}
     uint G1ConcRefinementThreads                  = 8                                         {product} {ergonomic}
     uint G1EagerReclaimRemSetThreshold            = 10                                   {experimental} {ergonomic}
   size_t G1HeapRegionSize                         = 1048576                                   {product} {ergonomic}
     uint G1RemSetArrayOfCardsEntries              = 10                                   {experimental} {ergonomic}
     uint G1RemSetHowlMaxNumBuckets                = 8                                    {experimental} {ergonomic}
     uint G1RemSetHowlNumBuckets                   = 4                                    {experimental} {ergonomic}
   size_t InitialHeapSize                          = 8388608                                   {product} {ergonomic}
     bool IntelJccErratumMitigation                = false                             {ARCH diagnostic} {ergonomic}
   size_t MarkStackSize                            = 4194304                                   {product} {ergonomic}
   size_t MarkStackSizeMax                         = 536870912                                 {product} {ergonomic}
   size_t MaxHeapSize                              = 1581252608                                {product} {ergonomic}
   size_t MaxNewSize                               = 947912704                                 {product} {ergonomic}
 uint64_t MaxRAM                                   = 6323187712                                {product} {ergonomic}
   size_t MinHeapDeltaBytes                        = 1048576                                   {product} {ergonomic}
   size_t MinHeapSize                              = 8388608                                   {product} {ergonomic}
   size_t NonNMethodCodeHeapSize                   = 5898240                                {pd product} {ergonomic}
   size_t NonProfiledCodeHeapSize                  = 122945536                              {pd product} {ergonomic}
   size_t ProfiledCodeHeapSize                     = 122945536                              {pd product} {ergonomic}
   size_t ReservedCodeCacheSize                    = 251789312                              {pd product} {ergonomic}
     bool SegmentedCodeCache                       = true                                      {product} {ergonomic}
   size_t SoftMaxHeapSize                          = 1581252608                             {manageable} {ergonomic}
     bool UseCompressedOops                        = true                           {product lp64_product} {ergonomic}
     bool UseCondCardMark                          = true                                      {product} {ergonomic}
     bool UseFastUnorderedTimeStamps               = true                                 {experimental} {ergonomic}
     bool UseG1GC                                  = true                                      {product} {ergonomic}
     bool UseLargePagesIndividualAllocation        = false                                  {pd product} {ergonomic}
      int X86ICacheSync                            = 2                                 {ARCH diagnostic} {ergonomic}

Logging:
Log output configuration:
 #0: stdout all=warning uptime,level,tags foldmultilines=false
 #1: stderr all=off uptime,level,tags foldmultilines=false

Release file:
IMPLEMENTOR="Eclipse Adoptium" 
IMPLEMENTOR_VERSION="Temurin-26.0.1+8" 
JAVA_RUNTIME_VERSION="26.0.1+8" 
JAVA_VERSION="26.0.1" 
JAVA_VERSION_DATE="2026-04-21" 
LIBC="default" 
MODULES="java.base java.compiler java.datatransfer java.xml java.prefs java.desktop java.instrument java.logging java.management java.security.sasl java.naming java.rmi java.management.rmi java.net.http java.scripting java.security.jgss java.transaction.xa java.sql java.sql.rowset java.xml.crypto java.se java.smartcardio jdk.accessibility jdk.internal.jvmstat jdk.attach jdk.charsets jdk.internal.opt jdk.zipfs jdk.compiler jdk.crypto.cryptoki jdk.crypto.ec jdk.crypto.mscapi jdk.dynalink jdk.internal.ed jdk.editpad jdk.internal.vm.ci jdk.graal.compiler jdk.graal.compiler.management jdk.hotspot.agent jdk.httpserver jdk.incubator.vector jdk.internal.le jdk.internal.md jdk.jartool jdk.javadoc jdk.jcmd jdk.management jdk.management.agent jdk.jconsole jdk.jdeps jdk.jdwp.agent jdk.jdi jdk.jfr jdk.jlink jdk.jpackage jdk.jshell jdk.jstatd jdk.localedata jdk.management.jfr jdk.naming.dns jdk.naming.rmi jdk.net jdk.nio.mapmode jdk.sctp jdk.security.auth jdk.security.jgss jdk.unsupported jdk.unsupported.desktop jdk.xml.dom" 
OS_ARCH="x86_64" 
OS_NAME="Windows" 
SOURCE=".:git:1cafccec39fb" 
BUILD_SOURCE="git:a612825ee82a20ac872d60958c349854c1f29a8e"
BUILD_SOURCE_REPO="https://github.com/adoptium/temurin-build.git"
SOURCE_REPO="https://github.com/adoptium/jdk26u.git"
FULL_VERSION="26.0.1+8"
SEMANTIC_VERSION="26.0.1+8"
BUILD_INFO="OS: Windows Server 2022 Version: 10.0"
JVM_VARIANT="Hotspot"
JVM_VERSION="26.0.1+8"
IMAGE_TYPE="JDK"

Environment Variables:
JAVA_HOME=C:\Users\Plaza Vespucio\AppData\Roaming\Code\User\globalStorage\pleiades.java-extension-pack-jdk\java\latest
JAVA_TOOL_OPTIONS=-Dstdout.encoding=UTF-8 -Dstderr.encoding=UTF-8
PATH=C:\Users\Plaza Vespucio\AppData\Roaming\Code\User\globalStorage\pleiades.java-extension-pack-jdk\gradle\latest\bin;C:\Users\Plaza Vespucio\AppData\Roaming\Code\User\globalStorage\pleiades.java-extension-pack-jdk\maven\latest\bin;C:\Users\Plaza Vespucio\AppData\Roaming\Code\User\globalStorage\pleiades.java-extension-pack-jdk\java\latest\bin;C:\Program Files (x86)\Common Files\Oracle\Java\javapath;C:\Program Files\Python314\Scripts\;C:\Program Files\Python314\;C:\WINDOWS\system32;C:\WINDOWS;C:\WINDOWS\System32\Wbem;C:\WINDOWS\System32\WindowsPowerShell\v1.0\;C:\WINDOWS\System32\OpenSSH\;C:\Program Files\dotnet\;C:\Program Files\Git\cmd;C:\Program Files\Amazon\AWSCLIV2\;C:\Users\Plaza Vespucio\AppData\Local\Microsoft\WindowsApps;C:\Users\Plaza Vespucio\AppData\Local\Programs\Microsoft VS Code\bin;C:\Program Files\Git\bin;C:\Program Files\Git\cmd;c:\Users\Plaza Vespucio\.vscode\extensions\vscjava.vscode-java-debug-0.59.0\bundled\scripts\noConfigScripts
USERNAME=Plaza Vespucio
LANG=es_ES.UTF-8
OS=Windows_NT
PROCESSOR_IDENTIFIER=AMD64 Family 23 Model 24 Stepping 1, AuthenticAMD
TMP=C:\Users\PLAZAV~1\AppData\Local\Temp
TEMP=C:\Users\PLAZAV~1\AppData\Local\Temp




Compilation memory statistics disabled.

Periodic native trim disabled

---------------  S Y S T E M  ---------------

OS:
 Windows 11 , 64 bit Build 26100 (10.0.26100.8521)
OS uptime: 0 days 19:55 hours
Hyper-V role detected

CPU: total 8 (initial active 8) (4 cores per cpu, 2 threads per core) family 23 model 24 stepping 1 microcode 0x810810e, cx8, cmov, fxsr, ht, mmx, 3dnowpref, sse, sse2, sse3, ssse3, sse4a, sse4.1, sse4.2, popcnt, lzcnt, tsc, tscinvbit, avx, avx2, aes, clmul, bmi1, bmi2, adx, sha, fma, vzeroupper, clflush, clflushopt, hv, rdtscp, f16c
Processor Information for the first 8 processors :
  Max Mhz: 2100, Current Mhz: 2100, Mhz Limit: 2100

Memory: 4k page, system-wide physical 6030M (494M free)
TotalPageFile size 14222M (AvailPageFile size 2M)
current process WorkingSet (physical memory assigned to process): 229M, peak: 237M
current process commit charge ("private bytes"): 261M, peak: 281M

vm_info: OpenJDK 64-Bit Server VM (26.0.1+8) for windows-amd64 JRE (26.0.1+8), built on 2026-04-21T00:00:00Z with MS VC++ 17.12 (VS2022)

END.
