#
# There is insufficient memory for the Java Runtime Environment to continue.
# Native memory allocation (mmap) failed to map 29360128 bytes. Error detail: G1 virtual space
# Possible reasons:
#   The system is out of physical RAM or swap space
#   This process is running with CompressedOops enabled, and the Java Heap may be blocking the growth of the native heap
# Possible solutions:
#   Reduce memory load on the system
#   Increase physical memory or swap space
#   Check if swap backing store is full
#   Decrease Java heap size (-Xmx/-Xms)
#   Decrease number of Java threads
#   Decrease Java thread stack sizes (-Xss)
#   Set larger code cache with -XX:ReservedCodeCacheSize=
#   JVM is running with Unscaled Compressed Oops mode in which the Java heap is
#     placed in the first 4GB address space. The Java Heap base address is the
#     maximum limit for the native heap growth. Please use -XX:HeapBaseMinAddress
#     to set the Java Heap base and to place the Java Heap above 4GB virtual address.
# This output file may be truncated or incomplete.
#
#  Out of Memory Error (os_windows.cpp:3583), pid=10548, tid=4548
#
# JRE version: OpenJDK Runtime Environment Temurin-26.0.1+8 (26.0.1+8) (build 26.0.1+8)
# Java VM: OpenJDK 64-Bit Server VM Temurin-26.0.1+8 (26.0.1+8, mixed mode, emulated-client, tiered, compressed oops, compressed class ptrs, g1 gc, windows-amd64)
# No core dump will be written. Minidumps are not enabled by default on client versions of Windows
#

---------------  S U M M A R Y ------------

Command Line: -Dstdout.encoding=UTF-8 -Dstderr.encoding=UTF-8 -XX:TieredStopAtLevel=1 -agentpath:C:\Program Files\Palo Alto Networks\Traps\cyjagent.dll com.example.ms_eureka.MsEurekaApplication

Host: AMD Ryzen 5 3450U with Radeon Vega Mobile Gfx  , 8 cores, 5G,  Windows 11 , 64 bit Build 26100 (10.0.26100.8521)
Time: Tue Jul  7 13:36:12 2026 Hora est. Sudamérica Pacífico elapsed time: 5.755956 seconds (0d 0h 0m 5s)

---------------  T H R E A D  ---------------

Current thread (0x000001b3587e63b0):  VMThread "VM Thread"          [id=4548, stack(0x0000005768e00000,0x0000005768f00000) (1024K)]

Stack: [0x0000005768e00000,0x0000005768f00000]
Native frames: (J=compiled Java code, j=interpreted, Vv=VM code, C=native code)
V  [jvm.dll+0x7db749]  (no source info available)
V  [jvm.dll+0x7a82bd]  (no source info available)
V  [jvm.dll+0xa44a60]  (no source info available)
V  [jvm.dll+0xa46eb1]  (no source info available)
V  [jvm.dll+0xa475c3]  (no source info available)
V  [jvm.dll+0x311a96]  (no source info available)
V  [jvm.dll+0x7dac15]  (no source info available)
V  [jvm.dll+0x7cde17]  (no source info available)
V  [jvm.dll+0x40c368]  (no source info available)
V  [jvm.dll+0x4146e6]  (no source info available)
V  [jvm.dll+0x400a94]  (no source info available)
V  [jvm.dll+0x400d85]  (no source info available)
V  [jvm.dll+0x3d7bef]  (no source info available)
V  [jvm.dll+0x3dae2c]  (no source info available)
V  [jvm.dll+0x42606c]  (no source info available)
V  [jvm.dll+0x4249a0]  (no source info available)
V  [jvm.dll+0x3d7368]  (no source info available)
V  [jvm.dll+0x423d63]  (no source info available)
V  [jvm.dll+0xa4da52]  (no source info available)
V  [jvm.dll+0xa4ea1b]  (no source info available)
V  [jvm.dll+0xa4ef26]  (no source info available)
V  [jvm.dll+0xa4f3a8]  (no source info available)
V  [jvm.dll+0xa4f643]  (no source info available)
V  [jvm.dll+0x9e3039]  (no source info available)
V  [jvm.dll+0x7dd228]  (no source info available)
C  [ucrtbase.dll+0x2cd30]  (no source info available)
C  [cyinjct.dll+0x11e7]  (no source info available)
C  [KERNEL32.DLL+0x2e957]  (no source info available)
C  [ntdll.dll+0x87c1c]  (no source info available)

VM_Operation (0x00000057686fe6c8): G1CollectForAllocation, mode: safepoint, requested by thread 0x000001b3480bddb0


---------------  P R O C E S S  ---------------

Threads class SMR info:
_java_thread_list=0x000001b35b255440, length=12, elements={
0x000001b3480bddb0, 0x000001b35b0e8080, 0x000001b35883d650, 0x000001b35884a4d0,
0x000001b35884d090, 0x000001b35884dc40, 0x000001b35b0f9730, 0x000001b35b10df00,
0x000001b35b238c40, 0x000001b35b243880, 0x000001b35b255d40, 0x000001b35b254910
}

Java Threads: ( => current thread )
  0x000001b3480bddb0 JavaThread "main"                              [_thread_blocked, id=16000, stack(0x0000005768600000,0x0000005768700000) (1024K)]
  0x000001b35b0e8080 JavaThread "Reference Handler"          daemon [_thread_blocked, id=5216, stack(0x0000005768f00000,0x0000005769000000) (1024K)]
  0x000001b35883d650 JavaThread "Finalizer"                  daemon [_thread_blocked, id=7432, stack(0x0000005769000000,0x0000005769100000) (1024K)]
  0x000001b35884a4d0 JavaThread "Signal Dispatcher"          daemon [_thread_blocked, id=14940, stack(0x0000005769100000,0x0000005769200000) (1024K)]
  0x000001b35884d090 JavaThread "Attach Listener"            daemon [_thread_blocked, id=5208, stack(0x0000005769200000,0x0000005769300000) (1024K)]
  0x000001b35884dc40 JavaThread "Service Thread"             daemon [_thread_blocked, id=16560, stack(0x0000005769300000,0x0000005769400000) (1024K)]
  0x000001b35b0f9730 JavaThread "Monitor Deflation Thread"   daemon [_thread_blocked, id=14800, stack(0x0000005769400000,0x0000005769500000) (1024K)]
  0x000001b35b10df00 JavaThread "C1 CompilerThread0"         daemon [_thread_blocked, id=9592, stack(0x0000005769500000,0x0000005769600000) (1024K)]
  0x000001b35b238c40 JavaThread "C1 CompilerThread1"         daemon [_thread_blocked, id=10144, stack(0x0000005769600000,0x0000005769700000) (1024K)]
  0x000001b35b243880 JavaThread "C1 CompilerThread2"         daemon [_thread_blocked, id=352, stack(0x0000005769700000,0x0000005769800000) (1024K)]
  0x000001b35b255d40 JavaThread "Notification Thread"        daemon [_thread_blocked, id=9628, stack(0x0000005769800000,0x0000005769900000) (1024K)]
  0x000001b35b254910 JavaThread "Common-Cleaner"             daemon [_thread_blocked, id=2680, stack(0x0000005769900000,0x0000005769a00000) (1024K)]
Total: 12

Other Threads:
=>0x000001b3587e63b0 VMThread "VM Thread"                           [id=4548, stack(0x0000005768e00000,0x0000005768f00000) (1024K)]
  0x000001b3587bc130 WatcherThread "VM Periodic Task Thread"        [id=16712, stack(0x0000005768d00000,0x0000005768e00000) (1024K)]
  0x000001b3481047f0 WorkerThread "GC Thread#0"                     [id=7376, stack(0x0000005768700000,0x0000005768800000) (1024K)]
  0x000001b35b5403f0 WorkerThread "GC Thread#1"                     [id=9348, stack(0x0000005769a00000,0x0000005769b00000) (1024K)]
  0x000001b35b54bfb0 WorkerThread "GC Thread#2"                     [id=4368, stack(0x0000005769b00000,0x0000005769c00000) (1024K)]
  0x000001b35b8ef850 WorkerThread "GC Thread#3"                     [id=6404, stack(0x0000005769d00000,0x0000005769e00000) (1024K)]
  0x000001b3481350a0 ConcurrentGCThread "G1 Main Marker"            [id=16864, stack(0x0000005768800000,0x0000005768900000) (1024K)]
  0x000001b3481385a0 WorkerThread "G1 Conc#0"                       [id=8484, stack(0x0000005768900000,0x0000005768a00000) (1024K)]
  0x000001b35b721490 WorkerThread "G1 Conc#1"                       [id=7308, stack(0x0000005769c00000,0x0000005769d00000) (1024K)]
  0x000001b35868a8d0 WorkerThread "G1 Refinement Workers#0"         [id=7208, stack(0x0000005768b00000,0x0000005768c00000) (1024K)]
  0x000001b34813ea00 ConcurrentGCThread "G1 Refine Control"         [id=11056, stack(0x0000005768a00000,0x0000005768b00000) (1024K)]
  0x000001b358693670 ConcurrentGCThread "G1 Service"                [id=16868, stack(0x0000005768c00000,0x0000005768d00000) (1024K)]
Total: 12

Threads with active compile tasks:
Total: 0

VM state: at safepoint (normal execution)

VM Mutex/Monitor currently owned by a thread:  ([mutex/lock_event])
[0x00007ffd5a56fa88] Threads_lock - owner thread: 0x000001b3587e63b0
[0x00007ffd5a56fd08] Heap_lock - owner thread: 0x000001b3480bddb0

Heap address: 0x00000000a1c00000, size: 1508 MB, Compressed Oops mode: 32-bit

CDS archive(s) not mapped
Compressed class space mapped at: 0x0000000028000000-0x0000000068000000, reserved size: 1073741824
UseCompressedClassPointers 1, UseCompactObjectHeaders 0
Narrow klass pointer bits 32, Max shift 3
Narrow klass base: 0x0000000000000000, Narrow klass shift: 0
Encoding Range: [0x0000000000000000 - 0x0000000100000000), (4294967296 bytes)
Klass Range:    [0x0000000028000000 - 0x0000000068000000), (1073741824 bytes)
Klass ID Range:  [671088640 - 1744830457) (1073741817)
No protection zone.

GC Precious Log:
 CardTable entry size: 512
 Card Set container configuration: InlinePtr #cards 5 size 8 Array Of Cards #cards 10 size 36 Howl #buckets 4 coarsen threshold 1843 Howl Bitmap #cards 512 size 80 coarsen threshold 460 Card regions per heap region 1 cards per card region 2048
 CPUs: 8 total, 8 available
 Memory: 6030M
 Large Page Support: Disabled
 NUMA Support: Disabled
 Compressed Oops: Enabled (32-bit)
 Heap Region Size: 1M
 Heap Min Capacity: 8M
 Heap Initial Capacity: 8M
 Heap Max Capacity: 1508M
 Pre-touch: Disabled
 Parallel Workers: 8
 Concurrent Workers: 2
 Concurrent Refinement Workers: 8
 Periodic GC: Disabled

Heap:
 garbage-first heap   total reserved 1544192K, committed 14336K, used 7497K [0x00000000a1c00000, 0x0000000100000000)
  region size 1M, 0 eden (0M), 1 survivor (1M), 7 old (7M), 1 humongous (1M), 5 free (5M)

Heap Regions: E=young(eden), S=young(survivor), O=old, HS=humongous(starts), HC=humongous(continues), CS=collection set, F=free, TAMS=top-at-mark-start, PB=parsable bottom
|    0|0x00000000a1c00000, 0x00000000a1d00000, 0x00000000a1d00000|100%|HS|  |TAMS 0x00000000a1d00000| PB 0x00000000a1c00000| Complete  |  0
|    1|0x00000000a1d00000, 0x00000000a1e00000, 0x00000000a1e00000|100%| O|  |TAMS 0x00000000a1e00000| PB 0x00000000a1d00000| Untracked |  0
|    2|0x00000000a1e00000, 0x00000000a1f00000, 0x00000000a1f00000|100%| O|  |TAMS 0x00000000a1f00000| PB 0x00000000a1e00000| Untracked |  0
|    3|0x00000000a1f00000, 0x00000000a2000000, 0x00000000a2000000|100%| O|  |TAMS 0x00000000a2000000| PB 0x00000000a1f00000| Untracked |  0
|    4|0x00000000a2000000, 0x00000000a2100000, 0x00000000a2100000|100%| O|  |TAMS 0x00000000a2100000| PB 0x00000000a2000000| Untracked |  0
|    5|0x00000000a2100000, 0x00000000a2118fa8, 0x00000000a2200000|  9%| O|  |TAMS 0x00000000a2100000| PB 0x00000000a2100000| Untracked |  0
|    6|0x00000000a2200000, 0x00000000a2300000, 0x00000000a2300000|100%| O|  |TAMS 0x00000000a22963c0| PB 0x00000000a2200000| Untracked |  0
|    7|0x00000000a2300000, 0x00000000a2300000, 0x00000000a2400000|  0%| F|  |TAMS 0x00000000a2300000| PB 0x00000000a2300000| Untracked |  0
|    8|0x00000000a2400000, 0x00000000a2400000, 0x00000000a2500000|  0%| F|  |TAMS 0x00000000a2400000| PB 0x00000000a2400000| Untracked |  0
|    9|0x00000000a2500000, 0x00000000a2500000, 0x00000000a2600000|  0%| F|  |TAMS 0x00000000a2500000| PB 0x00000000a2500000| Untracked |  0
|   10|0x00000000a2600000, 0x00000000a2600000, 0x00000000a2700000|  0%| F|  |TAMS 0x00000000a2600000| PB 0x00000000a2600000| Untracked |  0
|   11|0x00000000a2700000, 0x00000000a2739660, 0x00000000a2800000| 22%| S|CS|TAMS 0x00000000a2700000| PB 0x00000000a2700000| Complete  |  0
|   12|0x00000000a2800000, 0x00000000a2800000, 0x00000000a2900000|  0%| F|  |TAMS 0x00000000a2800000| PB 0x00000000a2800000| Untracked |  0
| 1507|0x00000000fff00000, 0x0000000100000000, 0x0000000100000000|100%| O|  |TAMS 0x0000000100000000| PB 0x00000000fff00000| Untracked |  0

Card table byte_map: [0x000001b3568c0000,0x000001b356bc0000] _byte_map_base: 0x000001b3563b2000
Refinement table byte_map: [0x000001b356bc0000,0x000001b356ec0000] _byte_map_base: 0x000001b3566b2000

Marking Bits: (CMBitMap*) 0x000001b348104d70
 Bits: [0x000001b356ec0000, 0x000001b358650000)

Polling page: 0x000001b3483f0000

Metaspace:
Metaspace        used 10484K, committed 10624K, reserved 1114112K
 class space     used 978K, committed 1024K, reserved 1048576K

Usage:
  Non-class:      9.28 MB used.
      Class:    978.87 KB used.
       Both:     10.24 MB used.

Virtual space:
  Non-class space:       64.00 MB reserved,       9.38 MB ( 15%) committed,  1 nodes.
      Class space:        1.00 GB reserved,       1.00 MB ( <1%) committed,  1 nodes.
             Both:        1.06 GB reserved,      10.38 MB ( <1%) committed. 

Chunk freelists:
   Non-Class:  6.60 MB
       Class:  14.95 MB
        Both:  21.55 MB

MaxMetaspaceSize: unlimited
CompressedClassSpaceSize: 1.00 GB
Initial GC threshold: 21.00 MB
Current GC threshold: 21.00 MB
CDS: off
 - commit_granule_bytes: 65536.
 - commit_granule_words: 8192.
 - virtual_space_node_default_size: 8388608.
 - enlarge_chunks_in_place: 1.
UseCompressedClassPointers 1, UseCompactObjectHeaders 0
Narrow klass pointer bits 32, Max shift 3
Narrow klass base: 0x0000000000000000, Narrow klass shift: 0
Encoding Range: [0x0000000000000000 - 0x0000000100000000), (4294967296 bytes)
Klass Range:    [0x0000000028000000 - 0x0000000068000000), (1073741824 bytes)
Klass ID Range:  [671088640 - 1744830457) (1073741817)
No protection zone.


Internal statistics:

num_allocs_failed_limit: 0.
num_arena_births: 36.
num_arena_deaths: 0.
num_vsnodes_births: 2.
num_vsnodes_deaths: 0.
num_space_committed: 166.
num_space_uncommitted: 0.
num_chunks_returned_to_freelist: 0.
num_chunks_taken_from_freelist: 117.
num_chunk_merges: 0.
num_chunk_splits: 73.
num_chunks_enlarged: 48.
num_inconsistent_stats: 0.

CodeCache: size=49152Kb used=3100Kb max_used=3100Kb free=46051Kb
 bounds [0x000001b352ce0000, 0x000001b352ff0000, 0x000001b355ce0000]
 total_blobs=1221, nmethods=797, adapters=348, full_count=0
Compilation: enabled, stopped_count=0, restarted_count=0

Compilation events (20 events):
Event: 3.707 Thread 0x000001b35b243880  788       1       java.io.WinNTFileSystem::normalizePrefix (132 bytes)
Event: 3.707 Thread 0x000001b35b238c40 nmethod 787 0x000001b352fe4408 code [0x000001b352fe4500, 0x000001b352fe4760]
Event: 3.708 Thread 0x000001b35b10df00 nmethod 786 0x000001b352fe4788 code [0x000001b352fe4880, 0x000001b352fe4d00]
Event: 3.708 Thread 0x000001b35b10df00  789       1       jdk.internal.classfile.impl.Util::methodTypeSymbol (8 bytes)
Event: 3.708 Thread 0x000001b35b238c40  790       1       jdk.internal.classfile.impl.AbstractPoolEntry$Utf8EntryImpl::methodTypeSymbol (34 bytes)
Event: 3.709 Thread 0x000001b35b10df00 nmethod 789 0x000001b352fe4d88 code [0x000001b352fe4e80, 0x000001b352fe5088]
Event: 3.709 Thread 0x000001b35b10df00  794       1       jdk.internal.classfile.impl.StackMapGenerator$Frame::decStack (29 bytes)
Event: 3.709 Thread 0x000001b35b238c40 nmethod 790 0x000001b352fe5108 code [0x000001b352fe5200, 0x000001b352fe5410]
Event: 3.709 Thread 0x000001b35b243880 nmethod 788 0x000001b352fe5488 code [0x000001b352fe5580, 0x000001b352fe5d30]
Event: 3.709 Thread 0x000001b35b238c40  791       1       jdk.internal.constant.ClassOrInterfaceDescImpl::ofValidated (64 bytes)
Event: 3.709 Thread 0x000001b35b243880  792       1       jdk.internal.constant.ClassOrInterfaceDescImpl::<init> (10 bytes)
Event: 3.709 Thread 0x000001b35b238c40 nmethod 791 0x000001b352fe5d88 code [0x000001b352fe5e80, 0x000001b352fe5fb0]
Event: 3.709 Thread 0x000001b35b238c40  795   !   1       java.lang.invoke.MemberName::clone (14 bytes)
Event: 3.709 Thread 0x000001b35b243880 nmethod 792 0x000001b352fe6088 code [0x000001b352fe6180, 0x000001b352fe6280]
Event: 3.709 Thread 0x000001b35b243880  793       1       jdk.internal.classfile.impl.UnboundAttribute::attributeMapper (5 bytes)
Event: 3.709 Thread 0x000001b35b10df00 nmethod 794 0x000001b352fe6388 code [0x000001b352fe6480, 0x000001b352fe6590]
Event: 3.709 Thread 0x000001b35b243880 nmethod 793 0x000001b352fe6688 code [0x000001b352fe6780, 0x000001b352fe6838]
Event: 3.709 Thread 0x000001b35b238c40 nmethod 795 0x000001b352fe6988 code [0x000001b352fe6a80, 0x000001b352fe6c30]
Event: 3.710 Thread 0x000001b35b238c40  797       1       java.lang.StringConcatHelper::stringOf (20 bytes)
Event: 3.710 Thread 0x000001b35b238c40 nmethod 797 0x000001b352fe6f88 code [0x000001b352fe7080, 0x000001b352fe7188]

GC Heap Usage History (19 events):
Event: 2.197 {heap Before GC invocations=0 (full 0):
 garbage-first heap   total reserved 1544192K, committed 8192K, used 5120K [0x00000000a1c00000, 0x0000000100000000)
  region size 1M, 4 eden (4M), 0 survivor (0M), 0 old (0M), 2 humongous (2M), 2 free (2M)
}
Event: 2.203 {heap After GC invocations=1 (full 0):
 garbage-first heap   total reserved 1544192K, committed 9216K, used 3410K [0x00000000a1c00000, 0x0000000100000000)
  region size 1M, 0 eden (0M), 1 survivor (1M), 2 old (2M), 1 humongous (1M), 5 free (5M)
}
Event: 2.276 {heap Before GC invocations=1 (full 0):
 garbage-first heap   total reserved 1544192K, committed 9216K, used 4434K [0x00000000a1c00000, 0x0000000100000000)
  region size 1M, 1 eden (1M), 1 survivor (1M), 2 old (2M), 1 humongous (1M), 4 free (4M)
}
Event: 2.278 {heap After GC invocations=2 (full 0):
 garbage-first heap   total reserved 1544192K, committed 9216K, used 4333K [0x00000000a1c00000, 0x0000000100000000)
  region size 1M, 0 eden (0M), 1 survivor (1M), 3 old (3M), 1 humongous (1M), 4 free (4M)
}
Event: 2.345 {heap Before GC invocations=2 (full 0):
 garbage-first heap   total reserved 1544192K, committed 9216K, used 4333K [0x00000000a1c00000, 0x0000000100000000)
  region size 1M, 1 eden (1M), 1 survivor (1M), 3 old (3M), 1 humongous (1M), 3 free (3M)
}
Event: 2.346 {heap After GC invocations=3 (full 0):
 garbage-first heap   total reserved 1544192K, committed 9216K, used 4972K [0x00000000a1c00000, 0x0000000100000000)
  region size 1M, 0 eden (0M), 1 survivor (1M), 4 old (4M), 1 humongous (1M), 3 free (3M)
}
Event: 2.378 {heap Before GC invocations=3 (full 0):
 garbage-first heap   total reserved 1544192K, committed 9216K, used 4972K [0x00000000a1c00000, 0x0000000100000000)
  region size 1M, 1 eden (1M), 1 survivor (1M), 4 old (4M), 1 humongous (1M), 2 free (2M)
}
Event: 2.379 {heap After GC invocations=4 (full 0):
 garbage-first heap   total reserved 1544192K, committed 9216K, used 5627K [0x00000000a1c00000, 0x0000000100000000)
  region size 1M, 0 eden (0M), 1 survivor (1M), 4 old (4M), 1 humongous (1M), 3 free (3M)
}
Event: 2.415 {heap Before GC invocations=5 (full 0):
 garbage-first heap   total reserved 1544192K, committed 9216K, used 6651K [0x00000000a1c00000, 0x0000000100000000)
  region size 1M, 1 eden (1M), 1 survivor (1M), 4 old (4M), 1 humongous (1M), 2 free (2M)
}
Event: 3.415 {heap After GC invocations=6 (full 0):
 garbage-first heap   total reserved 1544192K, committed 14336K, used 6384K [0x00000000a1c00000, 0x0000000100000000)
  region size 1M, 0 eden (0M), 1 survivor (1M), 5 old (5M), 1 humongous (1M), 7 free (7M)
}
Event: 3.504 {heap Before GC invocations=6 (full 0):
 garbage-first heap   total reserved 1544192K, committed 14336K, used 7408K [0x00000000a1c00000, 0x0000000100000000)
  region size 1M, 1 eden (1M), 1 survivor (1M), 5 old (5M), 1 humongous (1M), 6 free (6M)
}
Event: 3.505 {heap After GC invocations=7 (full 0):
 garbage-first heap   total reserved 1544192K, committed 14336K, used 6650K [0x00000000a1c00000, 0x0000000100000000)
  region size 1M, 0 eden (0M), 1 survivor (1M), 6 old (6M), 1 humongous (1M), 6 free (6M)
}
Event: 3.575 {heap Before GC invocations=7 (full 0):
 garbage-first heap   total reserved 1544192K, committed 14336K, used 7674K [0x00000000a1c00000, 0x0000000100000000)
  region size 1M, 1 eden (1M), 1 survivor (1M), 6 old (6M), 1 humongous (1M), 5 free (5M)
}
Event: 3.576 {heap After GC invocations=8 (full 0):
 garbage-first heap   total reserved 1544192K, committed 14336K, used 6763K [0x00000000a1c00000, 0x0000000100000000)
  region size 1M, 0 eden (0M), 1 survivor (1M), 6 old (6M), 1 humongous (1M), 6 free (6M)
}
Event: 3.627 {heap Before GC invocations=8 (full 0):
 garbage-first heap   total reserved 1544192K, committed 14336K, used 7787K [0x00000000a1c00000, 0x0000000100000000)
  region size 1M, 1 eden (1M), 1 survivor (1M), 6 old (6M), 1 humongous (1M), 5 free (5M)
}
Event: 3.628 {heap After GC invocations=9 (full 0):
 garbage-first heap   total reserved 1544192K, committed 14336K, used 7310K [0x00000000a1c00000, 0x0000000100000000)
  region size 1M, 0 eden (0M), 1 survivor (1M), 6 old (6M), 1 humongous (1M), 6 free (6M)
}
Event: 3.670 {heap Before GC invocations=9 (full 0):
 garbage-first heap   total reserved 1544192K, committed 14336K, used 8334K [0x00000000a1c00000, 0x0000000100000000)
  region size 1M, 1 eden (1M), 1 survivor (1M), 6 old (6M), 1 humongous (1M), 5 free (5M)
}
Event: 3.671 {heap After GC invocations=10 (full 0):
 garbage-first heap   total reserved 1544192K, committed 14336K, used 7388K [0x00000000a1c00000, 0x0000000100000000)
  region size 1M, 0 eden (0M), 1 survivor (1M), 6 old (6M), 1 humongous (1M), 6 free (6M)
}
Event: 3.716 {heap Before GC invocations=10 (full 0):
 garbage-first heap   total reserved 1544192K, committed 14336K, used 8412K [0x00000000a1c00000, 0x0000000100000000)
  region size 1M, 1 eden (1M), 1 survivor (1M), 6 old (6M), 1 humongous (1M), 5 free (5M)
}

Metaspace Usage History (19 events):
Event: 2.197 {metaspace Before GC invocations=0 (full 0):
 Metaspace       used 6758K, committed 6848K, reserved 1114112K
  class space    used 571K, committed 640K, reserved 1048576K
}
Event: 2.203 {metaspace After GC invocations=1 (full 0):
 Metaspace       used 6758K, committed 6848K, reserved 1114112K
  class space    used 571K, committed 640K, reserved 1048576K
}
Event: 2.276 {metaspace Before GC invocations=1 (full 0):
 Metaspace       used 6758K, committed 6848K, reserved 1114112K
  class space    used 571K, committed 640K, reserved 1048576K
}
Event: 2.278 {metaspace After GC invocations=2 (full 0):
 Metaspace       used 6758K, committed 6848K, reserved 1114112K
  class space    used 571K, committed 640K, reserved 1048576K
}
Event: 2.345 {metaspace Before GC invocations=2 (full 0):
 Metaspace       used 6758K, committed 6848K, reserved 1114112K
  class space    used 571K, committed 640K, reserved 1048576K
}
Event: 2.346 {metaspace After GC invocations=3 (full 0):
 Metaspace       used 6758K, committed 6848K, reserved 1114112K
  class space    used 571K, committed 640K, reserved 1048576K
}
Event: 2.378 {metaspace Before GC invocations=3 (full 0):
 Metaspace       used 6831K, committed 6976K, reserved 1114112K
  class space    used 577K, committed 640K, reserved 1048576K
}
Event: 2.380 {metaspace After GC invocations=4 (full 0):
 Metaspace       used 6831K, committed 6976K, reserved 1114112K
  class space    used 577K, committed 640K, reserved 1048576K
}
Event: 2.415 {metaspace Before GC invocations=5 (full 0):
 Metaspace       used 6831K, committed 6976K, reserved 1114112K
  class space    used 577K, committed 640K, reserved 1048576K
}
Event: 3.415 {metaspace After GC invocations=6 (full 0):
 Metaspace       used 6831K, committed 6976K, reserved 1114112K
  class space    used 577K, committed 640K, reserved 1048576K
}
Event: 3.504 {metaspace Before GC invocations=6 (full 0):
 Metaspace       used 7919K, committed 8064K, reserved 1114112K
  class space    used 685K, committed 768K, reserved 1048576K
}
Event: 3.505 {metaspace After GC invocations=7 (full 0):
 Metaspace       used 7919K, committed 8064K, reserved 1114112K
  class space    used 685K, committed 768K, reserved 1048576K
}
Event: 3.575 {metaspace Before GC invocations=7 (full 0):
 Metaspace       used 8414K, committed 8576K, reserved 1114112K
  class space    used 749K, committed 832K, reserved 1048576K
}
Event: 3.576 {metaspace After GC invocations=8 (full 0):
 Metaspace       used 8414K, committed 8576K, reserved 1114112K
  class space    used 749K, committed 832K, reserved 1048576K
}
Event: 3.627 {metaspace Before GC invocations=8 (full 0):
 Metaspace       used 9744K, committed 9856K, reserved 1114112K
  class space    used 870K, committed 960K, reserved 1048576K
}
Event: 3.628 {metaspace After GC invocations=9 (full 0):
 Metaspace       used 9744K, committed 9856K, reserved 1114112K
  class space    used 870K, committed 960K, reserved 1048576K
}
Event: 3.670 {metaspace Before GC invocations=9 (full 0):
 Metaspace       used 10130K, committed 10304K, reserved 1114112K
  class space    used 924K, committed 1024K, reserved 1048576K
}
Event: 3.671 {metaspace After GC invocations=10 (full 0):
 Metaspace       used 10130K, committed 10304K, reserved 1114112K
  class space    used 924K, committed 1024K, reserved 1048576K
}
Event: 3.716 {metaspace Before GC invocations=10 (full 0):
 Metaspace       used 10484K, committed 10624K, reserved 1114112K
  class space    used 978K, committed 1024K, reserved 1048576K
}

Dll operation events (10 events):
Event: 0.069 Attempting to load shared library C:\Users\Plaza Vespucio\AppData\Roaming\Code\User\globalStorage\pleiades.java-extension-pack-jdk\java\latest\bin\java.dll
Event: 0.091 Loaded shared library C:\Users\Plaza Vespucio\AppData\Roaming\Code\User\globalStorage\pleiades.java-extension-pack-jdk\java\latest\bin\java.dll
Event: 1.814 Attempting to load shared library C:\Users\Plaza Vespucio\AppData\Roaming\Code\User\globalStorage\pleiades.java-extension-pack-jdk\java\latest\bin\net.dll
Event: 1.827 Loaded shared library C:\Users\Plaza Vespucio\AppData\Roaming\Code\User\globalStorage\pleiades.java-extension-pack-jdk\java\latest\bin\net.dll
Event: 1.842 Attempting to load shared library C:\Users\Plaza Vespucio\AppData\Roaming\Code\User\globalStorage\pleiades.java-extension-pack-jdk\java\latest\bin\nio.dll
Event: 1.850 Loaded shared library C:\Users\Plaza Vespucio\AppData\Roaming\Code\User\globalStorage\pleiades.java-extension-pack-jdk\java\latest\bin\nio.dll
Event: 1.878 Attempting to load shared library C:\Users\Plaza Vespucio\AppData\Roaming\Code\User\globalStorage\pleiades.java-extension-pack-jdk\java\latest\bin\zip.dll
Event: 1.884 Loaded shared library C:\Users\Plaza Vespucio\AppData\Roaming\Code\User\globalStorage\pleiades.java-extension-pack-jdk\java\latest\bin\zip.dll
Event: 3.478 Attempting to load shared library C:\Users\Plaza Vespucio\AppData\Roaming\Code\User\globalStorage\pleiades.java-extension-pack-jdk\java\latest\bin\jimage.dll
Event: 3.478 Loaded shared library C:\Users\Plaza Vespucio\AppData\Roaming\Code\User\globalStorage\pleiades.java-extension-pack-jdk\java\latest\bin\jimage.dll

Deoptimization events (0 events):
No events

Classes loaded (20 events):
Event: 3.711 Loading class java/util/stream/Node$OfInt done
Event: 3.711 Loading class java/util/stream/Nodes$EmptyNode$OfInt done
Event: 3.711 Loading class java/util/stream/Nodes$EmptyNode$OfLong
Event: 3.711 Loading class java/util/stream/Node$OfLong
Event: 3.712 Loading class java/util/stream/Node$OfLong done
Event: 3.712 Loading class java/util/stream/Nodes$EmptyNode$OfLong done
Event: 3.712 Loading class java/util/stream/Nodes$EmptyNode$OfDouble
Event: 3.712 Loading class java/util/stream/Node$OfDouble
Event: 3.712 Loading class java/util/stream/Node$OfDouble done
Event: 3.712 Loading class java/util/stream/Nodes$EmptyNode$OfDouble done
Event: 3.712 Loading class java/util/stream/Nodes$SpinedNodeBuilder
Event: 3.712 Loading class java/util/stream/Node$Builder
Event: 3.712 Loading class java/util/stream/Node$Builder done
Event: 3.712 Loading class java/util/stream/SpinedBuffer
Event: 3.712 Loading class java/util/stream/AbstractSpinedBuffer
Event: 3.712 Loading class java/util/stream/AbstractSpinedBuffer done
Event: 3.712 Loading class java/util/stream/SpinedBuffer done
Event: 3.712 Loading class java/util/stream/Nodes$SpinedNodeBuilder done
Event: 3.712 Loading class java/util/stream/DistinctOps$1$2
Event: 3.712 Loading class java/util/stream/DistinctOps$1$2 done

Classes unloaded (0 events):
No events

Classes redefined (5 events):
Event: 1.751 Thread 0x000001b3587e63b0 redefined class name=java.io.FileOutputStream, count=1
Event: 1.755 Thread 0x000001b3587e63b0 redefined class name=java.io.File, count=1
Event: 1.763 Thread 0x000001b3587e63b0 redefined class name=java.lang.ClassLoader, count=1
Event: 1.766 Thread 0x000001b3587e63b0 redefined class name=java.net.URLStreamHandler, count=1
Event: 1.771 Thread 0x000001b3587e63b0 redefined class name=java.lang.Thread, count=1

Internal exceptions (5 events):
Event: 3.457 Thread 0x000001b3480bddb0 Exception <a 'java/lang/NoSuchMethodError'{0x00000000a287def8}: 'java.lang.Object java.lang.invoke.DirectMethodHandle$Holder.invokeStaticInit(java.lang.Object, java.lang.Object, java.lang.Object)'> (0x00000000a287def8) 
thrown [s\src\hotspot\share\interpreter\linkResolver.cpp, line 804]
Event: 3.492 Thread 0x000001b3480bddb0 Exception <a 'java/lang/NoSuchMethodError'{0x00000000a28c6e58}: 'java.lang.Object java.lang.invoke.DirectMethodHandle$Holder.invokeStaticInit(java.lang.Object)'> (0x00000000a28c6e58) 
thrown [s\src\hotspot\share\interpreter\linkResolver.cpp, line 804]
Event: 3.578 Thread 0x000001b3480bddb0 Exception <a 'java/lang/NoSuchMethodError'{0x00000000a280ad38}: 'java.lang.Object java.lang.invoke.DelegatingMethodHandle$Holder.reinvoke_L(java.lang.Object, java.lang.Object, java.lang.Object, long, java.lang.Object)'> (0x00000000a280ad38) 
thrown [s\src\hotspot\share\interpreter\linkResolver.cpp, line 804]
Event: 3.579 Thread 0x000001b3480bddb0 Exception <a 'java/lang/NoSuchMethodError'{0x00000000a281c760}: 'java.lang.Object java.lang.invoke.Invokers$Holder.linkToTargetMethod(java.lang.Object, long, java.lang.Object, java.lang.Object)'> (0x00000000a281c760) 
thrown [s\src\hotspot\share\interpreter\linkResolver.cpp, line 804]
Event: 3.668 Thread 0x000001b3480bddb0 Exception <a 'java/lang/NoSuchMethodError'{0x00000000a28e32d0}: 'void java.lang.invoke.DirectMethodHandle$Holder.invokeStatic(java.lang.Object, java.lang.Object, java.lang.Object, java.lang.Object)'> (0x00000000a28e32d0) 
thrown [s\src\hotspot\share\interpreter\linkResolver.cpp, line 804]

VM Operations (20 events):
Event: 2.380 Executing safepoint VM operation: G1CollectForAllocation (G1 Evacuation Pause) done
Event: 2.382 Executing safepoint VM operation: G1PauseRemark
Event: 2.382 Executing safepoint VM operation: G1PauseRemark done
Event: 2.383 Executing safepoint VM operation: G1PauseCleanup
Event: 2.383 Executing safepoint VM operation: G1PauseCleanup done
Event: 2.415 Executing safepoint VM operation: G1CollectForAllocation (G1 Evacuation Pause)
Event: 3.415 Executing safepoint VM operation: G1CollectForAllocation (G1 Evacuation Pause) done
Event: 3.494 Executing non-safepoint VM operation: HandshakeAllThreads (Deoptimize)
Event: 3.494 Executing non-safepoint VM operation: HandshakeAllThreads (Deoptimize) done
Event: 3.504 Executing safepoint VM operation: G1CollectForAllocation (G1 Evacuation Pause)
Event: 3.505 Executing safepoint VM operation: G1CollectForAllocation (G1 Evacuation Pause) done
Event: 3.519 Executing non-safepoint VM operation: HandshakeAllThreads (Deoptimize)
Event: 3.519 Executing non-safepoint VM operation: HandshakeAllThreads (Deoptimize) done
Event: 3.575 Executing safepoint VM operation: G1CollectForAllocation (G1 Evacuation Pause)
Event: 3.577 Executing safepoint VM operation: G1CollectForAllocation (G1 Evacuation Pause) done
Event: 3.627 Executing safepoint VM operation: G1CollectForAllocation (G1 Evacuation Pause)
Event: 3.628 Executing safepoint VM operation: G1CollectForAllocation (G1 Evacuation Pause) done
Event: 3.670 Executing safepoint VM operation: G1CollectForAllocation (G1 Evacuation Pause)
Event: 3.671 Executing safepoint VM operation: G1CollectForAllocation (G1 Evacuation Pause) done
Event: 3.716 Executing safepoint VM operation: G1CollectForAllocation (G1 Evacuation Pause)

Memory protections (0 events):
No events

Nmethod flushes (0 events):
No events

Events (12 events):
Event: 1.226 Thread 0x000001b3480bddb0 Thread added: 0x000001b3480bddb0
Event: 1.358 Thread 0x000001b3480bddb0 Thread added: 0x000001b35b0e8080
Event: 1.358 Thread 0x000001b3480bddb0 Thread added: 0x000001b35883d650
Event: 1.361 Thread 0x000001b3480bddb0 Thread added: 0x000001b35884a4d0
Event: 1.361 Thread 0x000001b3480bddb0 Thread added: 0x000001b35884d090
Event: 1.362 Thread 0x000001b3480bddb0 Thread added: 0x000001b35884dc40
Event: 1.362 Thread 0x000001b3480bddb0 Thread added: 0x000001b35b0f9730
Event: 1.363 Thread 0x000001b3480bddb0 Thread added: 0x000001b35b10df00
Event: 1.741 Thread 0x000001b35b10df00 Thread added: 0x000001b35b238c40
Event: 1.741 Thread 0x000001b35b10df00 Thread added: 0x000001b35b243880
Event: 1.773 Thread 0x000001b3480bddb0 Thread added: 0x000001b35b255d40
Event: 1.781 Thread 0x000001b3480bddb0 Thread added: 0x000001b35b254910


Dynamic libraries:
0x00007ff69ab90000 - 0x00007ff69ab9e000 	C:\Users\Plaza Vespucio\AppData\Roaming\Code\User\globalStorage\pleiades.java-extension-pack-jdk\java\latest\bin\java.exe
0x00007ffdf34a0000 - 0x00007ffdf3706000 	C:\WINDOWS\SYSTEM32\ntdll.dll
0x00007ffdf31c0000 - 0x00007ffdf3289000 	C:\WINDOWS\System32\KERNEL32.DLL
0x00007ffdf2dc0000 - 0x00007ffdf31ba000 	C:\WINDOWS\System32\KERNELBASE.dll
0x000000007bf10000 - 0x000000007bf4e000 	C:\WINDOWS\System32\cyinjct.dll
0x00007ffdf2c30000 - 0x00007ffdf2c54000 	C:\WINDOWS\System32\cyvera.dll
0x00007ffdd60c0000 - 0x00007ffdd60d7000 	C:\Users\Plaza Vespucio\AppData\Roaming\Code\User\globalStorage\pleiades.java-extension-pack-jdk\java\latest\bin\jli.dll
0x000001b347ca0000 - 0x000001b347e67000 	C:\WINDOWS\System32\USER32.dll
0x00007ffdf0790000 - 0x00007ffdf07b7000 	C:\WINDOWS\System32\win32u.dll
0x00007ffdf1140000 - 0x00007ffdf116b000 	C:\WINDOWS\System32\GDI32.dll
0x00007ffdf0660000 - 0x00007ffdf078b000 	C:\WINDOWS\System32\gdi32full.dll
0x00007ffdf05b0000 - 0x00007ffdf0653000 	C:\WINDOWS\System32\msvcp_win.dll
0x000001b347e70000 - 0x000001b347fbc000 	C:\WINDOWS\System32\ucrtbase.dll
0x00007ffdd6050000 - 0x00007ffdd606e000 	C:\Users\Plaza Vespucio\AppData\Roaming\Code\User\globalStorage\pleiades.java-extension-pack-jdk\java\latest\bin\VCRUNTIME140.dll
0x00007ffddb150000 - 0x00007ffddb3e2000 	C:\WINDOWS\WinSxS\amd64_microsoft.windows.common-controls_6595b64144ccf1df_6.0.26100.8521_none_3e08b75ce33403b3\COMCTL32.dll
0x00007ffdf2170000 - 0x00007ffdf2219000 	C:\WINDOWS\System32\msvcrt.dll
0x00007ffdf2ac0000 - 0x00007ffdf2c26000 	C:\WINDOWS\System32\cyvrtrap.dll
0x00007ffdf2130000 - 0x00007ffdf2162000 	C:\WINDOWS\System32\IMM32.DLL
0x00007ffdd78a0000 - 0x00007ffdd78ac000 	C:\Users\Plaza Vespucio\AppData\Roaming\Code\User\globalStorage\pleiades.java-extension-pack-jdk\java\latest\bin\vcruntime140_1.dll
0x00007ffdc6b60000 - 0x00007ffdc6bed000 	C:\Users\Plaza Vespucio\AppData\Roaming\Code\User\globalStorage\pleiades.java-extension-pack-jdk\java\latest\bin\msvcp140.dll
0x00007ffd596d0000 - 0x00007ffd5a669000 	C:\Users\Plaza Vespucio\AppData\Roaming\Code\User\globalStorage\pleiades.java-extension-pack-jdk\java\latest\bin\server\jvm.dll
0x00007ffdf1660000 - 0x00007ffdf1716000 	C:\WINDOWS\System32\ADVAPI32.dll
0x00007ffdf2220000 - 0x00007ffdf22ca000 	C:\WINDOWS\System32\sechost.dll
0x00007ffdf2ca0000 - 0x00007ffdf2db8000 	C:\WINDOWS\System32\RPCRT4.dll
0x00007ffdf27b0000 - 0x00007ffdf2830000 	C:\WINDOWS\System32\WS2_32.dll
0x00007ffdf0370000 - 0x00007ffdf03ce000 	C:\WINDOWS\SYSTEM32\POWRPROF.dll
0x00007ffde9fa0000 - 0x00007ffde9fd6000 	C:\WINDOWS\SYSTEM32\WINMM.dll
0x00007ffdea080000 - 0x00007ffdea08b000 	C:\WINDOWS\SYSTEM32\VERSION.dll
0x00007ffdf0330000 - 0x00007ffdf0344000 	C:\WINDOWS\SYSTEM32\UMPDC.dll
0x00007ffdef240000 - 0x00007ffdef25b000 	C:\WINDOWS\SYSTEM32\kernel.appcore.dll
0x00007ffdd7800000 - 0x00007ffdd780a000 	C:\Users\Plaza Vespucio\AppData\Roaming\Code\User\globalStorage\pleiades.java-extension-pack-jdk\java\latest\bin\jimage.dll
0x00007ffde3a50000 - 0x00007ffde3c92000 	C:\WINDOWS\SYSTEM32\DBGHELP.DLL
0x00007ffdf22d0000 - 0x00007ffdf2653000 	C:\WINDOWS\System32\combase.dll
0x00007ffdf1340000 - 0x00007ffdf1419000 	C:\WINDOWS\System32\OLEAUT32.dll
0x00007ffdd88b0000 - 0x00007ffdd88eb000 	C:\WINDOWS\SYSTEM32\dbgcore.DLL
0x00007ffdf0b20000 - 0x00007ffdf0bc8000 	C:\WINDOWS\System32\bcryptPrimitives.dll
0x00007ffdf2a60000 - 0x00007ffdf2aba000 	C:\Program Files\Palo Alto Networks\Traps\cyjagent.dll
0x00007ffdd3a80000 - 0x00007ffdd3a9e000 	C:\Users\Plaza Vespucio\AppData\Roaming\Code\User\globalStorage\pleiades.java-extension-pack-jdk\java\latest\bin\java.dll
0x00007ffdf2840000 - 0x00007ffdf29d8000 	C:\WINDOWS\System32\ole32.dll
0x00007ffdf18a0000 - 0x00007ffdf2024000 	C:\WINDOWS\System32\SHELL32.dll
0x00007ffdee090000 - 0x00007ffdee910000 	C:\WINDOWS\SYSTEM32\windows.storage.dll
0x00007ffdf2030000 - 0x00007ffdf2126000 	C:\WINDOWS\System32\SHCORE.dll
0x00007ffdf29f0000 - 0x00007ffdf2a57000 	C:\WINDOWS\System32\shlwapi.dll
0x00007ffdf0410000 - 0x00007ffdf0439000 	C:\WINDOWS\SYSTEM32\profapi.dll
0x00007ffdd21a0000 - 0x00007ffdd21b1000 	C:\Users\Plaza Vespucio\AppData\Roaming\Code\User\globalStorage\pleiades.java-extension-pack-jdk\java\latest\bin\net.dll
0x00007ffdef790000 - 0x00007ffdef7fc000 	C:\WINDOWS\system32\mswsock.dll
0x00007ffdd1b40000 - 0x00007ffdd1b56000 	C:\Users\Plaza Vespucio\AppData\Roaming\Code\User\globalStorage\pleiades.java-extension-pack-jdk\java\latest\bin\nio.dll
0x00007ffdd1a80000 - 0x00007ffdd1a97000 	C:\Users\Plaza Vespucio\AppData\Roaming\Code\User\globalStorage\pleiades.java-extension-pack-jdk\java\latest\bin\zip.dll

JVMTI agents:
C:\Program Files\Palo Alto Networks\Traps\cyjagent.dll path:C:\Program Files\Palo Alto Networks\Traps\cyjagent.dll, loaded, initialized, options:none

dbghelp: loaded successfully - version: 4.0.5 - missing functions: none
symbol engine: initialized successfully - sym options: 0x614 - pdb path: .;C:\Users\Plaza Vespucio\AppData\Roaming\Code\User\globalStorage\pleiades.java-extension-pack-jdk\java\latest\bin;C:\WINDOWS\SYSTEM32;C:\WINDOWS\WinSxS\amd64_microsoft.windows.common-controls_6595b64144ccf1df_6.0.26100.8521_none_3e08b75ce33403b3;C:\Users\Plaza Vespucio\AppData\Roaming\Code\User\globalStorage\pleiades.java-extension-pack-jdk\java\latest\bin\server;C:\Program Files\Palo Alto Networks\Traps

VM Arguments:
jvm_args: -Dstdout.encoding=UTF-8 -Dstderr.encoding=UTF-8 -XX:TieredStopAtLevel=1 -agentpath:C:\Program Files\Palo Alto Networks\Traps\cyjagent.dll 
java_command: com.example.ms_eureka.MsEurekaApplication
java_class_path (initial): C:\Users\Plaza Vespucio\Desktop\Centro_Medico\ms-eureka\target\classes;C:\Users\Plaza Vespucio\.m2\repository\org\springframework\cloud\spring-cloud-starter-netflix-eureka-server\4.1.3\spring-cloud-starter-netflix-eureka-server-4.1.3.jar;C:\Users\Plaza Vespucio\.m2\repository\org\springframework\cloud\spring-cloud-starter\4.1.4\spring-cloud-starter-4.1.4.jar;C:\Users\Plaza Vespucio\.m2\repository\org\springframework\cloud\spring-cloud-context\4.1.4\spring-cloud-context-4.1.4.jar;C:\Users\Plaza Vespucio\.m2\repository\org\springframework\security\spring-security-crypto\6.3.4\spring-security-crypto-6.3.4.jar;C:\Users\Plaza Vespucio\.m2\repository\org\springframework\cloud\spring-cloud-commons\4.1.4\spring-cloud-commons-4.1.4.jar;C:\Users\Plaza Vespucio\.m2\repository\org\springframework\security\spring-security-rsa\1.1.3\spring-security-rsa-1.1.3.jar;C:\Users\Plaza Vespucio\.m2\repository\org\bouncycastle\bcprov-jdk18on\1.78\bcprov-jdk18on-1.78.jar;C:\Users\Plaza Vespucio\.m2\repository\org\springframework\cloud\spring-cloud-netflix-eureka-server\4.1.3\spring-cloud-netflix-eureka-server-4.1.3.jar;C:\Users\Plaza Vespucio\.m2\repository\org\springframework\boot\spring-boot-actuator-autoconfigure\3.3.5\spring-boot-actuator-autoconfigure-3.3.5.jar;C:\Users\Plaza Vespucio\.m2\repository\org\springframework\boot\spring-boot-actuator\3.3.5\spring-boot-actuator-3.3.5.jar;C:\Users\Plaza Vespucio\.m2\repository\io\micrometer\micrometer-jakarta9\1.13.6\micrometer-jakarta9-1.13.6.jar;C:\Users\Plaza Vespucio\.m2\repository\io\micrometer\micrometer-core\1.13.6\micrometer-core-1.13.6.jar;C:\Users\Plaza Vespucio\.m2\repository\org\hdrhistogram\HdrHistogram\2.2.2\HdrHistogram-2.2.2.jar;C:\Users\Plaza Vespucio\.m2\repository\org\latencyutils\LatencyUtils\2.0.3\LatencyUtils-2.0.3.jar;C:\Users\Plaza Vespucio\.m2\repository\org\freemarker\freemarker\2.3.33\freemarker-2.3.33.jar;C:\Users\Plaza Vespucio\.m2\repository\org\springframework\spring-context-support\6.1.14\spring-context-support-6.1.14.jar;C:\Users\Plaza Vespucio\.m2\repository\org\springframework\cloud\spring-cloud-netflix-eureka-client\4.1.3\spring-cloud-netflix-eureka-client-4.1.3.jar;C:\Users\Plaza Vespucio\.m2\repository\com\netflix\eureka\eureka-client\2.0.3\eureka-client-2.0.3.jar;C:\Users\Plaza Vespucio\.m2\repository\com\thoughtworks\xstream\xstream\1.4.20\xstream-1.4.20.jar;C:\Users\Plaza Vespucio\.m2\repository\io\github\x-stream\mxparser\1.2.2\mxparser-1.2.2.jar;C:\Users\Plaza Vespucio\.m2\repository\xmlpull\xmlpull\1.1.3.1\xmlpull-1.1.3.1.jar;C:\Users\Plaza Vespucio\.m2\repository\com\netflix\spectator\spectator-api\1.7.3\spectator-api-1.7.3.jar;C:\Users\Plaza Vespucio\.m2\repository\org\slf4j\slf4j-api\2.0.16\slf4j-api-2.0.16.jar;C:\Users\Plaza Vespucio\.m2\repository\org\apache\httpcomponents\httpclient\4.5.3\httpclient-4.5.3.jar;C:\Users\Plaza Vespucio\.m2\repository\org\apache\httpcomponents\httpcore\4.4.16\httpcore-4.4.16.jar;C:\Users\Plaza Vespucio\.m2\repository\commons-configuration\commons-configuration\1.10\commons-configuration-1.10.jar;C:\Users\Plaza Vespucio\.m2\repository\commons-lang\commons-lang\2.6\commons-lang-2.6.jar;C:\Users\Plaza Vespucio\.m2\repository\com\netflix\netflix-commons\netflix-eventbus\0.3.0\netflix-eventbus-0.3.0.jar;C:\Users\Plaza Vespucio\.m2\repository\com\netflix\netflix-commons\netflix-infix\0.3.0\netflix-infix-0.3.0.jar;C:\Users\Plaza Vespucio\.m2\repository\commons-jxpath\commons-jxpath\1.3\commons-jxpath-1.3.jar;C:\Users\Plaza Vespucio\.m2\repository\joda-time\joda-time\2.3\joda-time-2.3.jar;C:\Users\Plaza Vespucio\.m2\repository\org\antlr\antlr-runtime\3.4\antlr-runtime-3.4.jar;C:\Users\Plaza Vespucio\.m2\repository\org\antlr\stringtemplate\3.2.1\stringtemplate-3.2.1.jar;C:\Users\Plaza Vespucio\.m2\repository\antlr\antlr\2.7.7\antlr-2.7.7.jar;C:\Users\Plaza Vespucio\.m2\repository\com\google\code\gson\gson\2.10.1\gson-2.10.1.jar;C:\Users\Plaza Vespucio\.m2\repository\com\netflix\servo\servo-core\0.5.3\servo-core-0.5.3.jar;C:\Users\Plaza Vespucio\.m2\repository\org\apache\commons\commons-math\2.2\commons-math-2.2.jar;C:\Users\Plaza Vespucio\.m2\repository\javax\annotation\javax.annotation-api\1.2\javax.annotation-api-1.2.jar;C:\Users\Plaza Vespucio\.m2\repository\org\codehaus\jettison\jettison\1.5.4\jettison-1.5.4.jar;C:\Users\Plaza Vespucio\.m2\repository\org\apache\httpcomponents\client5\httpclient5\5.3.1\httpclient5-5.3.1.jar;C:\Users\Plaza Vespucio\.m2\repository\org\apache\httpcomponents\core5\httpcore5\5.2.5\httpcore5-5.2.5.jar;C:\Users\Plaza Vespucio\.m2\repository\org\apache\httpcomponents\core5\httpcore5-h2\5.2.5\httpcore5-h2-5.2.5.jar;C:\Users\Plaza Vespucio\.m2\repository\com\netflix\eureka\eureka-client-jersey3\2.0.3\eureka-client-jersey3-2.0.3.jar;C:\Users\Plaza Vespucio\.m2\repository\org\glassfish\jersey\connectors\jersey-apache-connector\3.1.9\jersey-apache-connector-3.1.9.jar;C:\Users\Plaza Vespucio\.m2\repository\commons-codec\commons-codec\1.16.1\commons-codec-1.16.1.jar;C:\Users\Plaza Vespucio\.m2\repository\commons-logging\commons-logging\1.3.3\commons-logging-1.3.3.jar;C:\Users\Plaza Vespucio\.m2\repository\com\netflix\eureka\eureka-core-jersey3\2.0.3\eureka-core-jersey3-2.0.3.jar;C:\Users\Plaza Vespucio\.m2\repository\com\netflix\eureka\eureka-core\2.0.3\eureka-core-2.0.3.jar;C:\Users\Plaza Vespucio\.m2\repository\com\google\guava\guava\33.0.0-jre\guava-33.0.0-jre.jar;C:\Users\Plaza Vespucio\.m2\repository\com\google\guava\failureaccess\1.0.2\failureaccess-1.0.2.jar;C:\Users\Plaza Vespucio\.m2\repository\com\google\guava\listenablefuture\9999.0-empty-to-avoid-conflict-with-guava\listenablefuture-9999.0-empty-to-avoid-conflict-with-guava.jar;C:\Users\Plaza Vespucio\.m2\repository\org\checkerframework\checker-qual\3.41.0\checker-qual-3.41.0.jar;C:\Users\Plaza Vespucio\.m2\repository\com\google\errorprone\error_prone_annotations\2.23.0\error_prone_annotations-2.23.0.jar;C:\Users\Plaza Vespucio\.m2\repository\com\google\j2objc\j2objc-annotations\2.8\j2objc-annotations-2.8.jar;C:\Users\Plaza Vespucio\.m2\repository\org\glassfish\jersey\containers\jersey-container-servlet\3.1.9\jersey-container-servlet-3.1.9.jar;C:\Users\Plaza Vespucio\.m2\repository\org\glassfish\jersey\containers\jersey-container-servlet-core\3.1.9\jersey-container-servlet-core-3.1.9.jar;C:\Users\Plaza Vespucio\.m2\repository\org\glassfish\jersey\core\jersey-common\3.1.9\jersey-common-3.1.9.jar;C:\Users\Plaza Vespucio\.m2\repository\org\glassfish\hk2\osgi-resource-locator\1.0.3\osgi-resource-locator-1.0.3.jar;C:\Users\Plaza Vespucio\.m2\repository\jakarta\ws\rs\jakarta.ws.rs-api\3.1.0\jakarta.ws.rs-api-3.1.0.jar;C:\Users\Plaza Vespucio\.m2\repository\org\glassfish\jersey\core\jersey-server\3.1.9\jersey-server-3.1.9.jar;C:\Users\Plaza Vespucio\.m2\repository\jakarta\inject\jakarta.inject-api\2.0.1\jakarta.inject-api-2.0.1.jar;C:\Users\Plaza Vespucio\.m2\repository\jakarta\validation\jakarta.validation-api\3.0.2\jakarta.validation-api-3.0.2.jar;C:\Users\Plaza Vespucio\.m2\repository\org\glassfish\jersey\core\jersey-client\3.1.9\jersey-client-3.1.9.jar;C:\Users\Plaza Vespucio\.m2\repository\org\glassfish\jersey\inject\jersey-hk2\3.1.9\jersey-hk2-3.1.9.jar;C:\Users\Plaza Vespucio\.m2\repository\org\glassfish\hk2\hk2-locator\3.0.6\hk2-locator-3.0.6.jar;C:\Users\Plaza Vespucio\.m2\repository\org\glassfish\hk2\external\aopalliance-repackaged\3.0.6\aopalliance-repackaged-3.0.6.jar;C:\Users\Plaza Vespucio\.m2\repository\org\glassfish\hk2\hk2-utils\3.0.6\hk2-utils-3.0.6.jar;C:\Users\Plaza Vespucio\.m2\repository\org\javassist\javassist\3.30.2-GA\javassist-3.30.2-GA.jar;C:\Users\Plaza Vespucio\.m2\repository\org\glassfish\hk2\spring-bridge\3.1.1\spring-bridge-3.1.1.jar;C:\Users\Plaza Vespucio\.m2\repository\org\glassfish\hk2\hk2-api\3.1.1\hk2-api-3.1.1.jar;C:\Users\Plaza Vespucio\.m2\repository\com\fasterxml\jackson\dataformat\jackson-dataformat-xml\2.17.2\jackson-dataformat-xml-2.17.2.jar;C:\Users\Plaza Vespucio\.m2\repository\com\fasterxml\jackson\core\jackson-core\2.17.2\jackson-core-2.17.2.jar;C:\Users\Plaza Vespucio\.m2\repository\com\fasterxml\jackson\core\jackson-annotations\2.17.2\jackson-annotations-2.17.2.jar;C:\Users\Plaza Vespucio\.m2\repository\org\codehaus\woodstox\stax2-api\4.2.2\stax2-api-4.2.2.jar;C:\Users\Plaza Vespucio\.m2\repository\com\fasterxml\woodstox\woodstox-core\6.7.0\woodstox-core-6.7.0.jar;C:\Users\Plaza Vespucio\.m2\repository\org\springframework\cloud\spring-cloud-starter-loadbalancer\4.1.4\spring-cloud-starter-loadbalancer-4.1.4.jar;C:\Users\Plaza Vespucio\.m2\repository\org\springframework\cloud\spring-cloud-loadbalancer\4.1.4\spring-cloud-loadbalancer-4.1.4.jar;C:\Users\Plaza Vespucio\.m2\repository\io\projectreactor\reactor-core\3.6.11\reactor-core-3.6.11.jar;C:\Users\Plaza Vespucio\.m2\repository\org\reactivestreams\reactive-streams\1.0.4\reactive-streams-1.0.4.jar;C:\Users\Plaza Vespucio\.m2\repository\io\projectreactor\addons\reactor-extra\3.5.2\reactor-extra-3.5.2.jar;C:\Users\Plaza Vespucio\.m2\repository\com\stoyanr\evictor\1.0.0\evictor-1.0.0.jar;C:\Users\Plaza Vespucio\.m2\repository\org\glassfish\jaxb\jaxb-runtime\4.0.5\jaxb-runtime-4.0.5.jar;C:\Users\Plaza Vespucio\.m2\repository\org\glassfish\jaxb\jaxb-core\4.0.5\jaxb-core-4.0.5.jar;C:\Users\Plaza Vespucio\.m2\repository\jakarta\xml\bind\jakarta.xml.bind-api\4.0.2\jakarta.xml.bind-api-4.0.2.jar;C:\Users\Plaza Vespucio\.m2\repository\jakarta\activation\jakarta.activation-api\2.1.3\jakarta.activation-api-2.1.3.jar;C:\Users\Plaza Vespucio\.m2\repository\org\eclipse\angus\angus-activation\2.0.2\angus-activation-2.0.2.jar;C:\Users\Plaza Vespucio\.m2\repository\org\glassfish\jaxb\txw2\4.0.5\txw2-4.0.5.jar;C:\Users\Plaza Vespucio\.m2\repository\com\sun\istack\istack-commons-runtime\4.1.2\istack-commons-runtime-4.1.2.jar;C:\Users\Plaza Vespucio\.m2\repository\org\springframework\boot\spring-boot\3.3.5\spring-boot-3.3.5.jar;C:\Users\Plaza Vespucio\.m2\repository\org\springframework\boot\spring-boot-autoconfigure\3.3.5\spring-boot-autoconfigure-3.3.5.jar;C:\Users\Plaza Vespucio\.m2\repository\ch\qos\logback\logback-classic\1.5.11\logback-classic-1.5.11.jar;C:\Users\Plaza Vespucio\.m2\repository\ch\qos\logback\logback-core\1.5.11\logback-core-1.5.11.jar;C:\Users\Plaza Vespucio\.m2\repository\org\apache\logging\log4j\log4j-to-slf4j\2.23.1\log4j-to-slf4j-2.23.1.jar;C:\Users\Plaza Vespucio\.m2\repository\org\apache\logging\log4j\log4j-api\2.23.1\log4j-api-2.23.1.jar;C:\Users\Plaza Vespucio\.m2\repository\org\slf4j\jul-to-slf4j\2.0.16\jul-to-slf4j-2.0.16.jar;C:\Users\Plaza Vespucio\.m2\repository\jakarta\annotation\jakarta.annotation-api\2.1.1\jakarta.annotation-api-2.1.1.jar;C:\Users\Plaza Vespucio\.m2\repository\org\springframework\spring-core\6.1.14\spring-core-6.1.14.jar;C:\Users\Plaza Vespucio\.m2\repository\org\springframework\spring-jcl\6.1.14\spring-jcl-6.1.14.jar;C:\Users\Plaza Vespucio\.m2\repository\org\yaml\snakeyaml\2.2\snakeyaml-2.2.jar;C:\Users\Plaza Vespucio\.m2\repository\com\fasterxml\jackson\core\jackson-databind\2.17.2\jackson-databind-2.17.2.jar;C:\Users\Plaza Vespucio\.m2\repository\com\fasterxml\jackson\datatype\jackson-datatype-jdk8\2.17.2\jackson-datatype-jdk8-2.17.2.jar;C:\Users\Plaza Vespucio\.m2\repository\com\fasterxml\jackson\datatype\jackson-datatype-jsr310\2.17.2\jackson-datatype-jsr310-2.17.2.jar;C:\Users\Plaza Vespucio\.m2\repository\com\fasterxml\jackson\module\jackson-module-parameter-names\2.17.2\jackson-module-parameter-names-2.17.2.jar;C:\Users\Plaza Vespucio\.m2\repository\org\apache\tomcat\embed\tomcat-embed-core\10.1.31\tomcat-embed-core-10.1.31.jar;C:\Users\Plaza Vespucio\.m2\repository\org\apache\tomcat\embed\tomcat-embed-el\10.1.31\tomcat-embed-el-10.1.31.jar;C:\Users\Plaza Vespucio\.m2\repository\org\apache\tomcat\embed\tomcat-embed-websocket\10.1.31\tomcat-embed-websocket-10.1.31.jar;C:\Users\Plaza Vespucio\.m2\repository\org\springframework\spring-web\6.1.14\spring-web-6.1.14.jar;C:\Users\Plaza Vespucio\.m2\repository\org\springframework\spring-beans\6.1.14\spring-beans-6.1.14.jar;C:\Users\Plaza Vespucio\.m2\repository\io\micrometer\micrometer-observation\1.13.6\micrometer-observation-1.13.6.jar;C:\Users\Plaza Vespucio\.m2\repository\io\micrometer\micrometer-commons\1.13.6\micrometer-commons-1.13.6.jar;C:\Users\Plaza Vespucio\.m2\repository\org\springframework\spring-webmvc\6.1.14\spring-webmvc-6.1.14.jar;C:\Users\Plaza Vespucio\.m2\repository\org\springframework\spring-aop\6.1.14\spring-aop-6.1.14.jar;C:\Users\Plaza Vespucio\.m2\repository\org\springframework\spring-context\6.1.14\spring-context-6.1.14.jar;C:\Users\Plaza Vespucio\.m2\repository\org\springframework\spring-expression\6.1.14\spring-expression-6.1.14.jar
Launcher Type: SUN_STANDARD

[Global flags]
     bool AOTAdapterCaching                        = false                                  {diagnostic} {ergonomic}
     bool AOTInvokeDynamicLinking                  = false                                  {diagnostic} {ergonomic}
     bool AOTRecordTraining                        = false                                  {diagnostic} {ergonomic}
     bool AOTReplayTraining                        = false                                  {diagnostic} {ergonomic}
     bool AOTStubCaching                           = false                                  {diagnostic} {ergonomic}
     intx CICompilerCount                          = 4                                         {product} {ergonomic}
     uint ConcGCThreads                            = 2                                         {product} {ergonomic}
     uint G1ConcRefinementThreads                  = 8                                         {product} {ergonomic}
     uint G1EagerReclaimRemSetThreshold            = 10                                   {experimental} {ergonomic}
   size_t G1HeapRegionSize                         = 1048576                                   {product} {ergonomic}
     uint G1RemSetArrayOfCardsEntries              = 10                                   {experimental} {ergonomic}
     uint G1RemSetHowlMaxNumBuckets                = 8                                    {experimental} {ergonomic}
     uint G1RemSetHowlNumBuckets                   = 4                                    {experimental} {ergonomic}
   size_t InitialHeapSize                          = 8388608                                   {product} {ergonomic}
     bool IntelJccErratumMitigation                = false                             {ARCH diagnostic} {ergonomic}
   size_t MarkStackSize                            = 4194304                                   {product} {ergonomic}
   size_t MarkStackSizeMax                         = 536870912                                 {product} {ergonomic}
   size_t MaxHeapSize                              = 1581252608                                {product} {ergonomic}
   size_t MaxNewSize                               = 947912704                                 {product} {ergonomic}
 uint64_t MaxRAM                                   = 6323187712                                {product} {ergonomic}
   size_t MinHeapDeltaBytes                        = 1048576                                   {product} {ergonomic}
   size_t MinHeapSize                              = 8388608                                   {product} {ergonomic}
   size_t NonNMethodCodeHeapSize                   = 4096                                   {pd product} {ergonomic}
   size_t NonProfiledCodeHeapSize                  = 0                                      {pd product} {ergonomic}
     bool ProfileInterpreter                       = false                                  {pd product} {command line}
   size_t ProfiledCodeHeapSize                     = 0                                      {pd product} {ergonomic}
   size_t SoftMaxHeapSize                          = 1581252608                             {manageable} {ergonomic}
     intx TieredStopAtLevel                        = 1                                         {product} {command line}
     bool UseCompressedOops                        = true                           {product lp64_product} {ergonomic}
     bool UseCondCardMark                          = true                                      {product} {ergonomic}
     bool UseFastUnorderedTimeStamps               = true                                 {experimental} {ergonomic}
     bool UseG1GC                                  = true                                      {product} {ergonomic}
     bool UseLargePagesIndividualAllocation        = false                                  {pd product} {ergonomic}
      int X86ICacheSync                            = 2                                 {ARCH diagnostic} {ergonomic}

Logging:
Log output configuration:
 #0: stdout all=warning uptime,level,tags foldmultilines=false
 #1: stderr all=off uptime,level,tags foldmultilines=false

Release file:
IMPLEMENTOR="Eclipse Adoptium" 
IMPLEMENTOR_VERSION="Temurin-26.0.1+8" 
JAVA_RUNTIME_VERSION="26.0.1+8" 
JAVA_VERSION="26.0.1" 
JAVA_VERSION_DATE="2026-04-21" 
LIBC="default" 
MODULES="java.base java.compiler java.datatransfer java.xml java.prefs java.desktop java.instrument java.logging java.management java.security.sasl java.naming java.rmi java.management.rmi java.net.http java.scripting java.security.jgss java.transaction.xa java.sql java.sql.rowset java.xml.crypto java.se java.smartcardio jdk.accessibility jdk.internal.jvmstat jdk.attach jdk.charsets jdk.internal.opt jdk.zipfs jdk.compiler jdk.crypto.cryptoki jdk.crypto.ec jdk.crypto.mscapi jdk.dynalink jdk.internal.ed jdk.editpad jdk.internal.vm.ci jdk.graal.compiler jdk.graal.compiler.management jdk.hotspot.agent jdk.httpserver jdk.incubator.vector jdk.internal.le jdk.internal.md jdk.jartool jdk.javadoc jdk.jcmd jdk.management jdk.management.agent jdk.jconsole jdk.jdeps jdk.jdwp.agent jdk.jdi jdk.jfr jdk.jlink jdk.jpackage jdk.jshell jdk.jstatd jdk.localedata jdk.management.jfr jdk.naming.dns jdk.naming.rmi jdk.net jdk.nio.mapmode jdk.sctp jdk.security.auth jdk.security.jgss jdk.unsupported jdk.unsupported.desktop jdk.xml.dom" 
OS_ARCH="x86_64" 
OS_NAME="Windows" 
SOURCE=".:git:1cafccec39fb" 
BUILD_SOURCE="git:a612825ee82a20ac872d60958c349854c1f29a8e"
BUILD_SOURCE_REPO="https://github.com/adoptium/temurin-build.git"
SOURCE_REPO="https://github.com/adoptium/jdk26u.git"
FULL_VERSION="26.0.1+8"
SEMANTIC_VERSION="26.0.1+8"
BUILD_INFO="OS: Windows Server 2022 Version: 10.0"
JVM_VARIANT="Hotspot"
JVM_VERSION="26.0.1+8"
IMAGE_TYPE="JDK"

Environment Variables:
JAVA_HOME=C:\Users\Plaza Vespucio\AppData\Roaming\Code\User\globalStorage\pleiades.java-extension-pack-jdk\java\latest
JAVA_TOOL_OPTIONS=-Dstdout.encoding=UTF-8 -Dstderr.encoding=UTF-8
PATH=C:\Users\Plaza Vespucio\AppData\Roaming\Code\User\globalStorage\pleiades.java-extension-pack-jdk\gradle\latest\bin;C:\Users\Plaza Vespucio\AppData\Roaming\Code\User\globalStorage\pleiades.java-extension-pack-jdk\maven\latest\bin;C:\Users\Plaza Vespucio\AppData\Roaming\Code\User\globalStorage\pleiades.java-extension-pack-jdk\java\latest\bin;C:\Program Files (x86)\Common Files\Oracle\Java\javapath;C:\Program Files\Python314\Scripts\;C:\Program Files\Python314\;C:\WINDOWS\system32;C:\WINDOWS;C:\WINDOWS\System32\Wbem;C:\WINDOWS\System32\WindowsPowerShell\v1.0\;C:\WINDOWS\System32\OpenSSH\;C:\Program Files\dotnet\;C:\Program Files\Git\cmd;C:\Program Files\Amazon\AWSCLIV2\;C:\Users\Plaza Vespucio\AppData\Local\Microsoft\WindowsApps;C:\Users\Plaza Vespucio\AppData\Local\Programs\Microsoft VS Code\bin;C:\Program Files\Git\bin;C:\Program Files\Git\cmd;c:\Users\Plaza Vespucio\.vscode\extensions\vscjava.vscode-java-debug-0.59.0\bundled\scripts\noConfigScripts
USERNAME=Plaza Vespucio
LANG=es_ES.UTF-8
OS=Windows_NT
PROCESSOR_IDENTIFIER=AMD64 Family 23 Model 24 Stepping 1, AuthenticAMD
TMP=C:\Users\PLAZAV~1\AppData\Local\Temp
TEMP=C:\Users\PLAZAV~1\AppData\Local\Temp




Compilation memory statistics disabled.

Periodic native trim disabled

---------------  S Y S T E M  ---------------

OS:
 Windows 11 , 64 bit Build 26100 (10.0.26100.8521)
OS uptime: 0 days 19:55 hours
Hyper-V role detected

CPU: total 8 (initial active 8) (4 cores per cpu, 2 threads per core) family 23 model 24 stepping 1 microcode 0x810810e, cx8, cmov, fxsr, ht, mmx, 3dnowpref, sse, sse2, sse3, ssse3, sse4a, sse4.1, sse4.2, popcnt, lzcnt, tsc, tscinvbit, avx, avx2, aes, clmul, bmi1, bmi2, adx, sha, fma, vzeroupper, clflush, clflushopt, hv, rdtscp, f16c
Processor Information for the first 8 processors :
  Max Mhz: 2100, Current Mhz: 2100, Mhz Limit: 2100

Memory: 4k page, system-wide physical 6030M (494M free)
TotalPageFile size 14222M (AvailPageFile size 3M)
current process WorkingSet (physical memory assigned to process): 59M, peak: 59M
current process commit charge ("private bytes"): 101M, peak: 129M

vm_info: OpenJDK 64-Bit Server VM (26.0.1+8) for windows-amd64 JRE (26.0.1+8), built on 2026-04-21T00:00:00Z with MS VC++ 17.12 (VS2022)

END.
