#
# There is insufficient memory for the Java Runtime Environment to continue.
# Native memory allocation (mmap) failed to map 81788928 bytes. Error detail: G1 virtual space
# Possible reasons:
#   The system is out of physical RAM or swap space
#   This process is running with CompressedOops enabled, and the Java Heap may be blocking the growth of the native heap
# Possible solutions:
#   Reduce memory load on the system
#   Increase physical memory or swap space
#   Check if swap backing store is full
#   Decrease Java heap size (-Xmx/-Xms)
#   Decrease number of Java threads
#   Decrease Java thread stack sizes (-Xss)
#   Set larger code cache with -XX:ReservedCodeCacheSize=
#   JVM is running with Unscaled Compressed Oops mode in which the Java heap is
#     placed in the first 4GB address space. The Java Heap base address is the
#     maximum limit for the native heap growth. Please use -XX:HeapBaseMinAddress
#     to set the Java Heap base and to place the Java Heap above 4GB virtual address.
# This output file may be truncated or incomplete.
#
#  Out of Memory Error (os_windows.cpp:3583), pid=3180, tid=14928
#
# JRE version: OpenJDK Runtime Environment Temurin-26.0.1+8 (26.0.1+8) (build 26.0.1+8)
# Java VM: OpenJDK 64-Bit Server VM Temurin-26.0.1+8 (26.0.1+8, mixed mode, emulated-client, sharing, tiered, compressed oops, compressed class ptrs, g1 gc, windows-amd64)
# No core dump will be written. Minidumps are not enabled by default on client versions of Windows
#

---------------  S U M M A R Y ------------

Command Line: -Dstdout.encoding=UTF-8 -Dstderr.encoding=UTF-8 -XX:TieredStopAtLevel=1 -agentpath:C:\Program Files\Palo Alto Networks\Traps\cyjagent.dll com.example.ms_historia_clinica.MsHistoriaClinicaApplication

Host: AMD Ryzen 5 3450U with Radeon Vega Mobile Gfx  , 8 cores, 5G,  Windows 11 , 64 bit Build 26100 (10.0.26100.8521)
Time: Wed Jul  8 14:03:45 2026 Hora est. Sudam廨ica Pac璗ico elapsed time: 5.534627 seconds (0d 0h 0m 5s)

---------------  T H R E A D  ---------------

Current thread (0x000002503d273a70):  VMThread "VM Thread"          [id=14928, stack(0x000000c134800000,0x000000c134900000) (1024K)]

Stack: [0x000000c134800000,0x000000c134900000]
Native frames: (J=compiled Java code, j=interpreted, Vv=VM code, C=native code)
V  [jvm.dll+0x7db749]  (no source info available)
V  [jvm.dll+0x7a82bd]  (no source info available)
V  [jvm.dll+0xa44a60]  (no source info available)
V  [jvm.dll+0xa46eb1]  (no source info available)
V  [jvm.dll+0xa475c3]  (no source info available)
V  [jvm.dll+0x311a96]  (no source info available)
V  [jvm.dll+0x7dac15]  (no source info available)
V  [jvm.dll+0x7cde17]  (no source info available)
V  [jvm.dll+0x40c368]  (no source info available)
V  [jvm.dll+0x4146e6]  (no source info available)
V  [jvm.dll+0x400a94]  (no source info available)
V  [jvm.dll+0x400d85]  (no source info available)
V  [jvm.dll+0x3d7bef]  (no source info available)
V  [jvm.dll+0x3dae2c]  (no source info available)
V  [jvm.dll+0x42606c]  (no source info available)
V  [jvm.dll+0x4249a0]  (no source info available)
V  [jvm.dll+0x3d7368]  (no source info available)
V  [jvm.dll+0x423d63]  (no source info available)
V  [jvm.dll+0xa4da52]  (no source info available)
V  [jvm.dll+0xa4ea1b]  (no source info available)
V  [jvm.dll+0xa4ef26]  (no source info available)
V  [jvm.dll+0xa4f3a8]  (no source info available)
V  [jvm.dll+0xa4f643]  (no source info available)
V  [jvm.dll+0x9e3039]  (no source info available)
V  [jvm.dll+0x7dd228]  (no source info available)
C  [ucrtbase.dll+0x2cd30]  (no source info available)
C  [cyinjct.dll+0x11e7]  (no source info available)
C  [KERNEL32.DLL+0x2e957]  (no source info available)
C  [ntdll.dll+0x87c1c]  (no source info available)

VM_Operation (0x000000c1340fe598): G1CollectForAllocation, mode: safepoint, requested by thread 0x000002502c930940


---------------  P R O C E S S  ---------------

Threads class SMR info:
_java_thread_list=0x00000250430157f0, length=13, elements={
0x000002502c930940, 0x000002503d2877a0, 0x000002503d28ac20, 0x000002503d290640,
0x000002503d2911f0, 0x000002503d292a20, 0x000002503d2a5630, 0x000002503d2ab490,
0x000002503d2fbce0, 0x000002503d839c90, 0x000002503d83d2f0, 0x0000025042943cb0,
0x0000025042c80e90
}

Java Threads: ( => current thread )
  0x000002502c930940 JavaThread "main"                              [_thread_blocked, id=17332, stack(0x000000c134000000,0x000000c134100000) (1024K)]
  0x000002503d2877a0 JavaThread "Reference Handler"          daemon [_thread_blocked, id=3824, stack(0x000000c134900000,0x000000c134a00000) (1024K)]
  0x000002503d28ac20 JavaThread "Finalizer"                  daemon [_thread_blocked, id=16436, stack(0x000000c134a00000,0x000000c134b00000) (1024K)]
  0x000002503d290640 JavaThread "Signal Dispatcher"          daemon [_thread_blocked, id=4240, stack(0x000000c134b00000,0x000000c134c00000) (1024K)]
  0x000002503d2911f0 JavaThread "Attach Listener"            daemon [_thread_blocked, id=16608, stack(0x000000c134c00000,0x000000c134d00000) (1024K)]
  0x000002503d292a20 JavaThread "Service Thread"             daemon [_thread_blocked, id=684, stack(0x000000c134d00000,0x000000c134e00000) (1024K)]
  0x000002503d2a5630 JavaThread "Monitor Deflation Thread"   daemon [_thread_blocked, id=8600, stack(0x000000c134e00000,0x000000c134f00000) (1024K)]
  0x000002503d2ab490 JavaThread "C1 CompilerThread0"         daemon [_thread_blocked, id=16604, stack(0x000000c134f00000,0x000000c135000000) (1024K)]
  0x000002503d2fbce0 JavaThread "C1 CompilerThread1"         daemon [_thread_blocked, id=10664, stack(0x000000c135000000,0x000000c135100000) (1024K)]
  0x000002503d839c90 JavaThread "Notification Thread"        daemon [_thread_blocked, id=16340, stack(0x000000c135100000,0x000000c135200000) (1024K)]
  0x000002503d83d2f0 JavaThread "Common-Cleaner"             daemon [_thread_blocked, id=5564, stack(0x000000c135200000,0x000000c135300000) (1024K)]
  0x0000025042943cb0 JavaThread "C1 CompilerThread2"         daemon [_thread_blocked, id=16492, stack(0x000000c135500000,0x000000c135600000) (1024K)]
  0x0000025042c80e90 JavaThread "C1 CompilerThread3"         daemon [_thread_blocked, id=16732, stack(0x000000c135a00000,0x000000c135b00000) (1024K)]
Total: 13

Other Threads:
=>0x000002503d273a70 VMThread "VM Thread"                           [id=14928, stack(0x000000c134800000,0x000000c134900000) (1024K)]
  0x000002503d258180 WatcherThread "VM Periodic Task Thread"        [id=17148, stack(0x000000c134700000,0x000000c134800000) (1024K)]
  0x000002502c9774e0 WorkerThread "GC Thread#0"                     [id=16404, stack(0x000000c134100000,0x000000c134200000) (1024K)]
  0x000002503da115b0 WorkerThread "GC Thread#1"                     [id=8748, stack(0x000000c135300000,0x000000c135400000) (1024K)]
  0x0000025042a9d040 WorkerThread "GC Thread#2"                     [id=5896, stack(0x000000c135600000,0x000000c135700000) (1024K)]
  0x0000025042b83610 WorkerThread "GC Thread#3"                     [id=3324, stack(0x000000c135800000,0x000000c135900000) (1024K)]
  0x0000025042b674e0 WorkerThread "GC Thread#4"                     [id=17004, stack(0x000000c135900000,0x000000c135a00000) (1024K)]
  0x0000025042d11a20 WorkerThread "GC Thread#5"                     [id=4624, stack(0x000000c135b00000,0x000000c135c00000) (1024K)]
  0x0000025042e9dea0 WorkerThread "GC Thread#6"                     [id=8160, stack(0x000000c135c00000,0x000000c135d00000) (1024K)]
  0x0000025042e9e2c0 WorkerThread "GC Thread#7"                     [id=17356, stack(0x000000c135d00000,0x000000c135e00000) (1024K)]
  0x000002502c989e60 ConcurrentGCThread "G1 Main Marker"            [id=17324, stack(0x000000c134200000,0x000000c134300000) (1024K)]
  0x000002502c98dde0 WorkerThread "G1 Conc#0"                       [id=15376, stack(0x000000c134300000,0x000000c134400000) (1024K)]
  0x000002503daaa760 WorkerThread "G1 Conc#1"                       [id=3160, stack(0x000000c135400000,0x000000c135500000) (1024K)]
  0x000002502c9a8500 WorkerThread "G1 Refinement Workers#0"         [id=5132, stack(0x000000c134500000,0x000000c134600000) (1024K)]
  0x000002502c9a7b40 ConcurrentGCThread "G1 Refine Control"         [id=16504, stack(0x000000c134400000,0x000000c134500000) (1024K)]
  0x000002502c9acfe0 ConcurrentGCThread "G1 Service"                [id=13796, stack(0x000000c134600000,0x000000c134700000) (1024K)]
Total: 16

Threads with active compile tasks:
Total: 0

VM state: at safepoint (normal execution)

VM Mutex/Monitor currently owned by a thread:  ([mutex/lock_event])
[0x00007ff80e53fa88] Threads_lock - owner thread: 0x000002503d273a70
[0x00007ff80e53fd08] Heap_lock - owner thread: 0x000002502c930940

Heap address: 0x00000000a1c00000, size: 1508 MB, Compressed Oops mode: 32-bit

CDS archive(s) mapped at: [0x0000000017000000-0x0000000017de0000-0x0000000017de0000), size 14548992, SharedBaseAddress: 0x0000000017000000, ArchiveRelocationMode: 1.
Compressed class space mapped at: 0x0000000018000000-0x0000000058000000, reserved size: 1073741824
UseCompressedClassPointers 1, UseCompactObjectHeaders 0
Narrow klass pointer bits 32, Max shift 3
Narrow klass base: 0x0000000017000000, Narrow klass shift: 0
Encoding Range: [0x0000000017000000 - 0x0000000117000000), (4294967296 bytes)
Klass Range:    [0x0000000017000000 - 0x0000000058000000), (1090519040 bytes)
Klass ID Range:  [8 - 1090519033) (1090519025)
Protection zone: [0x0000000017000000 - 0x0000000017010000), (65536 bytes)

GC Precious Log:
 CardTable entry size: 512
 Card Set container configuration: InlinePtr #cards 5 size 8 Array Of Cards #cards 10 size 36 Howl #buckets 4 coarsen threshold 1843 Howl Bitmap #cards 512 size 80 coarsen threshold 460 Card regions per heap region 1 cards per card region 2048
 CPUs: 8 total, 8 available
 Memory: 6030M
 Large Page Support: Disabled
 NUMA Support: Disabled
 Compressed Oops: Enabled (32-bit)
 Heap Region Size: 1M
 Heap Min Capacity: 8M
 Heap Initial Capacity: 8M
 Heap Max Capacity: 1508M
 Pre-touch: Disabled
 Parallel Workers: 8
 Concurrent Workers: 2
 Concurrent Refinement Workers: 8
 Periodic GC: Disabled

Heap:
 garbage-first heap   total reserved 1544192K, committed 39936K, used 18760K [0x00000000a1c00000, 0x0000000100000000)
  region size 1M, 0 eden (0M), 2 survivor (2M), 15 old (15M), 2 humongous (2M), 20 free (20M)

Heap Regions: E=young(eden), S=young(survivor), O=old, HS=humongous(starts), HC=humongous(continues), CS=collection set, F=free, TAMS=top-at-mark-start, PB=parsable bottom
|    0|0x00000000a1c00000, 0x00000000a1d00000, 0x00000000a1d00000|100%|HS|  |TAMS 0x00000000a1c00000| PB 0x00000000a1c00000| Complete  |  0
|    1|0x00000000a1d00000, 0x00000000a1e00000, 0x00000000a1e00000|100%| O|  |TAMS 0x00000000a1d00000| PB 0x00000000a1d00000| Untracked |  0
|    2|0x00000000a1e00000, 0x00000000a1f00000, 0x00000000a1f00000|100%| O|  |TAMS 0x00000000a1e00000| PB 0x00000000a1e00000| Untracked |  0
|    3|0x00000000a1f00000, 0x00000000a2000000, 0x00000000a2000000|100%|HS|  |TAMS 0x00000000a1f00000| PB 0x00000000a1f00000| Complete  |  0
|    4|0x00000000a2000000, 0x00000000a2100000, 0x00000000a2100000|100%| O|  |TAMS 0x00000000a2000000| PB 0x00000000a2000000| Untracked |  0
|    5|0x00000000a2100000, 0x00000000a2200000, 0x00000000a2200000|100%| O|  |TAMS 0x00000000a2100000| PB 0x00000000a2100000| Untracked |  0
|    6|0x00000000a2200000, 0x00000000a2300000, 0x00000000a2300000|100%| O|  |TAMS 0x00000000a2200000| PB 0x00000000a2200000| Untracked |  0
|    7|0x00000000a2300000, 0x00000000a2400000, 0x00000000a2400000|100%| O|  |TAMS 0x00000000a2300000| PB 0x00000000a2300000| Untracked |  0
|    8|0x00000000a2400000, 0x00000000a2500000, 0x00000000a2500000|100%| O|  |TAMS 0x00000000a2400000| PB 0x00000000a2400000| Untracked |  0
|    9|0x00000000a2500000, 0x00000000a2600000, 0x00000000a2600000|100%| O|  |TAMS 0x00000000a2500000| PB 0x00000000a2500000| Untracked |  0
|   10|0x00000000a2600000, 0x00000000a2700000, 0x00000000a2700000|100%| O|  |TAMS 0x00000000a2600000| PB 0x00000000a2600000| Untracked |  0
|   11|0x00000000a2700000, 0x00000000a2800000, 0x00000000a2800000|100%| O|  |TAMS 0x00000000a2700000| PB 0x00000000a2700000| Untracked |  0
|   12|0x00000000a2800000, 0x00000000a2900000, 0x00000000a2900000|100%| O|  |TAMS 0x00000000a2800000| PB 0x00000000a2800000| Untracked |  0
|   13|0x00000000a2900000, 0x00000000a29c8370, 0x00000000a2a00000| 78%| O|  |TAMS 0x00000000a2900000| PB 0x00000000a2900000| Untracked |  0
|   14|0x00000000a2a00000, 0x00000000a2a00000, 0x00000000a2b00000|  0%| F|  |TAMS 0x00000000a2a00000| PB 0x00000000a2a00000| Untracked |  0
|   15|0x00000000a2b00000, 0x00000000a2b00000, 0x00000000a2c00000|  0%| F|  |TAMS 0x00000000a2b00000| PB 0x00000000a2b00000| Untracked |  0
|   16|0x00000000a2c00000, 0x00000000a2c00000, 0x00000000a2d00000|  0%| F|  |TAMS 0x00000000a2c00000| PB 0x00000000a2c00000| Untracked |  0
|   17|0x00000000a2d00000, 0x00000000a2d00000, 0x00000000a2e00000|  0%| F|  |TAMS 0x00000000a2d00000| PB 0x00000000a2d00000| Untracked |  0
|   18|0x00000000a2e00000, 0x00000000a2e00000, 0x00000000a2f00000|  0%| F|  |TAMS 0x00000000a2e00000| PB 0x00000000a2e00000| Untracked |  0
|   19|0x00000000a2f00000, 0x00000000a2f00000, 0x00000000a3000000|  0%| F|  |TAMS 0x00000000a2f00000| PB 0x00000000a2f00000| Untracked |  0
|   20|0x00000000a3000000, 0x00000000a3000000, 0x00000000a3100000|  0%| F|  |TAMS 0x00000000a3000000| PB 0x00000000a3000000| Untracked |  0
|   21|0x00000000a3100000, 0x00000000a3189f70, 0x00000000a3200000| 53%| S|CS|TAMS 0x00000000a3100000| PB 0x00000000a3100000| Complete  |  0
|   22|0x00000000a3200000, 0x00000000a3300000, 0x00000000a3300000|100%| S|CS|TAMS 0x00000000a3200000| PB 0x00000000a3200000| Complete  |  0
|   23|0x00000000a3300000, 0x00000000a3300000, 0x00000000a3400000|  0%| F|  |TAMS 0x00000000a3300000| PB 0x00000000a3300000| Untracked |  0
|   24|0x00000000a3400000, 0x00000000a3400000, 0x00000000a3500000|  0%| F|  |TAMS 0x00000000a3400000| PB 0x00000000a3400000| Untracked |  0
|   25|0x00000000a3500000, 0x00000000a3500000, 0x00000000a3600000|  0%| F|  |TAMS 0x00000000a3500000| PB 0x00000000a3500000| Untracked |  0
|   26|0x00000000a3600000, 0x00000000a3600000, 0x00000000a3700000|  0%| F|  |TAMS 0x00000000a3600000| PB 0x00000000a3600000| Untracked |  0
|   27|0x00000000a3700000, 0x00000000a3700000, 0x00000000a3800000|  0%| F|  |TAMS 0x00000000a3700000| PB 0x00000000a3700000| Untracked |  0
|   28|0x00000000a3800000, 0x00000000a3800000, 0x00000000a3900000|  0%| F|  |TAMS 0x00000000a3800000| PB 0x00000000a3800000| Untracked |  0
|   29|0x00000000a3900000, 0x00000000a3900000, 0x00000000a3a00000|  0%| F|  |TAMS 0x00000000a3900000| PB 0x00000000a3900000| Untracked |  0
|   30|0x00000000a3a00000, 0x00000000a3a00000, 0x00000000a3b00000|  0%| F|  |TAMS 0x00000000a3a00000| PB 0x00000000a3a00000| Untracked |  0
|   31|0x00000000a3b00000, 0x00000000a3b00000, 0x00000000a3c00000|  0%| F|  |TAMS 0x00000000a3b00000| PB 0x00000000a3b00000| Untracked |  0
|   32|0x00000000a3c00000, 0x00000000a3c00000, 0x00000000a3d00000|  0%| F|  |TAMS 0x00000000a3c00000| PB 0x00000000a3c00000| Untracked |  0
|   33|0x00000000a3d00000, 0x00000000a3d00000, 0x00000000a3e00000|  0%| F|  |TAMS 0x00000000a3d00000| PB 0x00000000a3d00000| Untracked |  0
|   34|0x00000000a3e00000, 0x00000000a3e00000, 0x00000000a3f00000|  0%| F|  |TAMS 0x00000000a3e00000| PB 0x00000000a3e00000| Untracked |  0
| 1504|0x00000000ffc00000, 0x00000000ffd00000, 0x00000000ffd00000|100%| O|  |TAMS 0x00000000ffc00000| PB 0x00000000ffc00000| Untracked |  0
| 1505|0x00000000ffd00000, 0x00000000ffe00000, 0x00000000ffe00000|100%| O|  |TAMS 0x00000000ffd00000| PB 0x00000000ffd00000| Untracked |  0
| 1506|0x00000000ffe00000, 0x00000000fff00000, 0x00000000fff00000|100%| O|  |TAMS 0x00000000ffe00000| PB 0x00000000ffe00000| Untracked |  0
| 1507|0x00000000fff00000, 0x00000000fff00000, 0x0000000100000000|  0%| F|  |TAMS 0x00000000fff00000| PB 0x00000000fff00000| Untracked |  0

Card table byte_map: [0x0000025039230000,0x0000025039530000] _byte_map_base: 0x0000025038d22000
Refinement table byte_map: [0x0000025038f30000,0x0000025039230000] _byte_map_base: 0x0000025038a22000

Marking Bits: (CMBitMap*) 0x000002502c977a60
 Bits: [0x0000025039530000, 0x000002503acc0000)

Polling page: 0x000002502a7d0000

Metaspace:
Metaspace        used 18740K, committed 18944K, reserved 1114112K
 class space     used 2527K, committed 2624K, reserved 1048576K

Usage:
  Non-class:     15.83 MB used.
      Class:      2.47 MB used.
       Both:     18.30 MB used.

Virtual space:
  Non-class space:       64.00 MB reserved,      15.94 MB ( 25%) committed,  1 nodes.
      Class space:        1.00 GB reserved,       2.56 MB ( <1%) committed,  1 nodes.
             Both:        1.06 GB reserved,      18.50 MB (  2%) committed. 

Chunk freelists:
   Non-Class:  15.56 MB
       Class:  13.41 MB
        Both:  28.97 MB

MaxMetaspaceSize: unlimited
CompressedClassSpaceSize: 1.00 GB
Initial GC threshold: 21.00 MB
Current GC threshold: 21.00 MB
CDS: on
 - commit_granule_bytes: 65536.
 - commit_granule_words: 8192.
 - virtual_space_node_default_size: 8388608.
 - enlarge_chunks_in_place: 1.
UseCompressedClassPointers 1, UseCompactObjectHeaders 0
Narrow klass pointer bits 32, Max shift 3
Narrow klass base: 0x0000000017000000, Narrow klass shift: 0
Encoding Range: [0x0000000017000000 - 0x0000000117000000), (4294967296 bytes)
Klass Range:    [0x0000000017000000 - 0x0000000058000000), (1090519040 bytes)
Klass ID Range:  [8 - 1090519033) (1090519025)
Protection zone: [0x0000000017000000 - 0x0000000017010000), (65536 bytes)


Internal statistics:

num_allocs_failed_limit: 0.
num_arena_births: 174.
num_arena_deaths: 0.
num_vsnodes_births: 2.
num_vsnodes_deaths: 0.
num_space_committed: 296.
num_space_uncommitted: 0.
num_chunks_returned_to_freelist: 0.
num_chunks_taken_from_freelist: 818.
num_chunk_merges: 0.
num_chunk_splits: 572.
num_chunks_enlarged: 471.
num_inconsistent_stats: 0.

CodeCache: size=49152Kb used=6374Kb max_used=6374Kb free=42777Kb
 bounds [0x00000250357f0000, 0x0000025035e30000, 0x00000250387f0000]
 total_blobs=3696, nmethods=3183, adapters=435, full_count=0
Compilation: enabled, stopped_count=0, restarted_count=0

Compilation events (20 events):
Event: 3.500 Thread 0x0000025042c80e90 3179       1       org.springframework.core.type.AnnotatedTypeMetadata$$Lambda/0x0000000018203a38::get (8 bytes)
Event: 3.500 Thread 0x000002503d2fbce0 nmethod 3177 0x0000025035e25008 code [0x0000025035e25100, 0x0000025035e25200]
Event: 3.500 Thread 0x0000025042c80e90 nmethod 3179 0x0000025035e25308 code [0x0000025035e25420, 0x0000025035e25640]
Event: 3.501 Thread 0x000002503d2fbce0 3180       1       org.springframework.core.type.filter.AssignableTypeFilter::matchClassName (12 bytes)
Event: 3.501 Thread 0x000002503d2fbce0 nmethod 3180 0x0000025035e25688 code [0x0000025035e25780, 0x0000025035e258a0]
Event: 3.502 Thread 0x000002503d2ab490 nmethod 3174 0x0000025035e25988 code [0x0000025035e25a80, 0x0000025035e26ca8]
Event: 3.502 Thread 0x000002503d2ab490 3181       1       java.io.FilterInputStream::available (8 bytes)
Event: 3.502 Thread 0x000002503d2ab490 nmethod 3181 0x0000025035e26d08 code [0x0000025035e26e00, 0x0000025035e26ef0]
Event: 3.505 Thread 0x000002503d2ab490 3182       1       org.springframework.core.type.classreading.SimpleMetadataReader::getResource (5 bytes)
Event: 3.506 Thread 0x000002503d2ab490 nmethod 3182 0x0000025035e27008 code [0x0000025035e27100, 0x0000025035e271b8]
Event: 3.506 Thread 0x000002503d2ab490 3184   !   1       java.util.zip.Inflater::getBytesWritten (23 bytes)
Event: 3.506 Thread 0x0000025042c80e90 3183       1       java.util.zip.ZipFile$ZipFileInflaterInputStream::available (44 bytes)
Event: 3.507 Thread 0x000002503d2ab490 nmethod 3184 0x0000025035e27308 code [0x0000025035e27400, 0x0000025035e27660]
Event: 3.507 Thread 0x0000025042c80e90 nmethod 3183 0x0000025035e27688 code [0x0000025035e27780, 0x0000025035e27ab8]
Event: 3.511 Thread 0x0000025042c80e90 3186   !   1       org.springframework.beans.BeanUtils::instantiateClass (208 bytes)
Event: 3.511 Thread 0x000002503d2fbce0 3187   !   1       org.springframework.beans.BeanUtils::instantiateClass (83 bytes)
Event: 3.512 Thread 0x0000025042943cb0 3188       1       org.springframework.core.annotation.MergedAnnotationsCollection::stream (10 bytes)
Event: 3.512 Thread 0x000002503d2fbce0 nmethod 3187 0x0000025035e27f08 code [0x0000025035e28000, 0x0000025035e28750]
Event: 3.512 Thread 0x0000025042943cb0 nmethod 3188 0x0000025035e28788 code [0x0000025035e28880, 0x0000025035e28c00]
Event: 3.513 Thread 0x0000025042c80e90 nmethod 3186 0x0000025035e28c88 code [0x0000025035e28d80, 0x0000025035e29950]

GC Heap Usage History (20 events):
Event: 0.711 {heap After GC invocations=4 (full 0):
 garbage-first heap   total reserved 1544192K, committed 10240K, used 7242K [0x00000000a1c00000, 0x0000000100000000)
  region size 1M, 0 eden (0M), 1 survivor (1M), 5 old (5M), 2 humongous (2M), 2 free (2M)
}
Event: 0.730 {heap Before GC invocations=4 (full 0):
 garbage-first heap   total reserved 1544192K, committed 10240K, used 9290K [0x00000000a1c00000, 0x0000000100000000)
  region size 1M, 1 eden (1M), 1 survivor (1M), 5 old (5M), 3 humongous (3M), 0 free (0M)
}
Event: 0.732 {heap After GC invocations=5 (full 0):
 garbage-first heap   total reserved 1544192K, committed 13312K, used 7453K [0x00000000a1c00000, 0x0000000100000000)
  region size 1M, 0 eden (0M), 1 survivor (1M), 6 old (6M), 2 humongous (2M), 4 free (4M)
}
Event: 0.764 {heap Before GC invocations=5 (full 0):
 garbage-first heap   total reserved 1544192K, committed 13312K, used 7453K [0x00000000a1c00000, 0x0000000100000000)
  region size 1M, 1 eden (1M), 1 survivor (1M), 6 old (6M), 2 humongous (2M), 3 free (3M)
}
Event: 0.765 {heap After GC invocations=6 (full 0):
 garbage-first heap   total reserved 1544192K, committed 13312K, used 8124K [0x00000000a1c00000, 0x0000000100000000)
  region size 1M, 0 eden (0M), 1 survivor (1M), 6 old (6M), 2 humongous (2M), 4 free (4M)
}
Event: 0.797 {heap Before GC invocations=7 (full 0):
 garbage-first heap   total reserved 1544192K, committed 13312K, used 8124K [0x00000000a1c00000, 0x0000000100000000)
  region size 1M, 1 eden (1M), 1 survivor (1M), 6 old (6M), 2 humongous (2M), 3 free (3M)
}
Event: 0.799 {heap After GC invocations=8 (full 0):
 garbage-first heap   total reserved 1544192K, committed 39936K, used 8920K [0x00000000a1c00000, 0x0000000100000000)
  region size 1M, 0 eden (0M), 1 survivor (1M), 6 old (6M), 2 humongous (2M), 30 free (30M)
}
Event: 1.382 {heap Before GC invocations=8 (full 0):
 garbage-first heap   total reserved 1544192K, committed 39936K, used 19160K [0x00000000a1c00000, 0x0000000100000000)
  region size 1M, 11 eden (11M), 1 survivor (1M), 6 old (6M), 2 humongous (2M), 19 free (19M)
}
Event: 1.386 {heap After GC invocations=9 (full 0):
 garbage-first heap   total reserved 1544192K, committed 39936K, used 10254K [0x00000000a1c00000, 0x0000000100000000)
  region size 1M, 0 eden (0M), 2 survivor (2M), 7 old (7M), 2 humongous (2M), 28 free (28M)
}
Event: 1.716 {heap Before GC invocations=9 (full 0):
 garbage-first heap   total reserved 1544192K, committed 39936K, used 19470K [0x00000000a1c00000, 0x0000000100000000)
  region size 1M, 9 eden (9M), 2 survivor (2M), 7 old (7M), 2 humongous (2M), 19 free (19M)
}
Event: 1.722 {heap After GC invocations=10 (full 0):
 garbage-first heap   total reserved 1544192K, committed 39936K, used 11201K [0x00000000a1c00000, 0x0000000100000000)
  region size 1M, 0 eden (0M), 1 survivor (1M), 9 old (9M), 2 humongous (2M), 27 free (27M)
}
Event: 2.121 {heap Before GC invocations=10 (full 0):
 garbage-first heap   total reserved 1544192K, committed 39936K, used 21441K [0x00000000a1c00000, 0x0000000100000000)
  region size 1M, 11 eden (11M), 1 survivor (1M), 9 old (9M), 2 humongous (2M), 16 free (16M)
}
Event: 2.125 {heap After GC invocations=11 (full 0):
 garbage-first heap   total reserved 1544192K, committed 39936K, used 11869K [0x00000000a1c00000, 0x0000000100000000)
  region size 1M, 0 eden (0M), 2 survivor (2M), 9 old (9M), 2 humongous (2M), 26 free (26M)
}
Event: 2.366 {heap Before GC invocations=11 (full 0):
 garbage-first heap   total reserved 1544192K, committed 39936K, used 23133K [0x00000000a1c00000, 0x0000000100000000)
  region size 1M, 12 eden (12M), 2 survivor (2M), 9 old (9M), 2 humongous (2M), 14 free (14M)
}
Event: 2.372 {heap After GC invocations=12 (full 0):
 garbage-first heap   total reserved 1544192K, committed 39936K, used 13053K [0x00000000a1c00000, 0x0000000100000000)
  region size 1M, 0 eden (0M), 2 survivor (2M), 9 old (9M), 2 humongous (2M), 26 free (26M)
}
Event: 2.661 {heap Before GC invocations=12 (full 0):
 garbage-first heap   total reserved 1544192K, committed 39936K, used 27389K [0x00000000a1c00000, 0x0000000100000000)
  region size 1M, 15 eden (15M), 2 survivor (2M), 9 old (9M), 2 humongous (2M), 11 free (11M)
}
Event: 2.667 {heap After GC invocations=13 (full 0):
 garbage-first heap   total reserved 1544192K, committed 39936K, used 14478K [0x00000000a1c00000, 0x0000000100000000)
  region size 1M, 0 eden (0M), 3 survivor (3M), 10 old (10M), 2 humongous (2M), 24 free (24M)
}
Event: 3.078 {heap Before GC invocations=13 (full 0):
 garbage-first heap   total reserved 1544192K, committed 39936K, used 28814K [0x00000000a1c00000, 0x0000000100000000)
  region size 1M, 15 eden (15M), 3 survivor (3M), 10 old (10M), 2 humongous (2M), 9 free (9M)
}
Event: 3.090 {heap After GC invocations=14 (full 0):
 garbage-first heap   total reserved 1544192K, committed 39936K, used 16846K [0x00000000a1c00000, 0x0000000100000000)
  region size 1M, 0 eden (0M), 3 survivor (3M), 12 old (12M), 2 humongous (2M), 22 free (22M)
}
Event: 3.513 {heap Before GC invocations=14 (full 0):
 garbage-first heap   total reserved 1544192K, committed 39936K, used 30158K [0x00000000a1c00000, 0x0000000100000000)
  region size 1M, 13 eden (13M), 3 survivor (3M), 12 old (12M), 2 humongous (2M), 9 free (9M)
}

Metaspace Usage History (20 events):
Event: 0.711 {metaspace After GC invocations=4 (full 0):
 Metaspace       used 1042K, committed 1216K, reserved 1114112K
  class space    used 73K, committed 128K, reserved 1048576K
}
Event: 0.730 {metaspace Before GC invocations=4 (full 0):
 Metaspace       used 1042K, committed 1216K, reserved 1114112K
  class space    used 73K, committed 128K, reserved 1048576K
}
Event: 0.732 {metaspace After GC invocations=5 (full 0):
 Metaspace       used 1042K, committed 1216K, reserved 1114112K
  class space    used 73K, committed 128K, reserved 1048576K
}
Event: 0.764 {metaspace Before GC invocations=5 (full 0):
 Metaspace       used 1042K, committed 1216K, reserved 1114112K
  class space    used 73K, committed 128K, reserved 1048576K
}
Event: 0.765 {metaspace After GC invocations=6 (full 0):
 Metaspace       used 1042K, committed 1216K, reserved 1114112K
  class space    used 73K, committed 128K, reserved 1048576K
}
Event: 0.797 {metaspace Before GC invocations=7 (full 0):
 Metaspace       used 1042K, committed 1216K, reserved 1114112K
  class space    used 73K, committed 128K, reserved 1048576K
}
Event: 0.799 {metaspace After GC invocations=8 (full 0):
 Metaspace       used 1042K, committed 1216K, reserved 1114112K
  class space    used 73K, committed 128K, reserved 1048576K
}
Event: 1.382 {metaspace Before GC invocations=8 (full 0):
 Metaspace       used 4320K, committed 4416K, reserved 1114112K
  class space    used 549K, committed 576K, reserved 1048576K
}
Event: 1.386 {metaspace After GC invocations=9 (full 0):
 Metaspace       used 4320K, committed 4416K, reserved 1114112K
  class space    used 549K, committed 576K, reserved 1048576K
}
Event: 1.716 {metaspace Before GC invocations=9 (full 0):
 Metaspace       used 6587K, committed 6720K, reserved 1114112K
  class space    used 895K, committed 960K, reserved 1048576K
}
Event: 1.722 {metaspace After GC invocations=10 (full 0):
 Metaspace       used 6587K, committed 6720K, reserved 1114112K
  class space    used 895K, committed 960K, reserved 1048576K
}
Event: 2.121 {metaspace Before GC invocations=10 (full 0):
 Metaspace       used 9338K, committed 9536K, reserved 1114112K
  class space    used 1307K, committed 1408K, reserved 1048576K
}
Event: 2.125 {metaspace After GC invocations=11 (full 0):
 Metaspace       used 9338K, committed 9536K, reserved 1114112K
  class space    used 1307K, committed 1408K, reserved 1048576K
}
Event: 2.366 {metaspace Before GC invocations=11 (full 0):
 Metaspace       used 12253K, committed 12480K, reserved 1114112K
  class space    used 1642K, committed 1728K, reserved 1048576K
}
Event: 2.372 {metaspace After GC invocations=12 (full 0):
 Metaspace       used 12253K, committed 12480K, reserved 1114112K
  class space    used 1642K, committed 1728K, reserved 1048576K
}
Event: 2.661 {metaspace Before GC invocations=12 (full 0):
 Metaspace       used 15852K, committed 16128K, reserved 1114112K
  class space    used 2183K, committed 2304K, reserved 1048576K
}
Event: 2.667 {metaspace After GC invocations=13 (full 0):
 Metaspace       used 15852K, committed 16128K, reserved 1114112K
  class space    used 2183K, committed 2304K, reserved 1048576K
}
Event: 3.078 {metaspace Before GC invocations=13 (full 0):
 Metaspace       used 17999K, committed 18240K, reserved 1114112K
  class space    used 2415K, committed 2496K, reserved 1048576K
}
Event: 3.090 {metaspace After GC invocations=14 (full 0):
 Metaspace       used 17999K, committed 18240K, reserved 1114112K
  class space    used 2415K, committed 2496K, reserved 1048576K
}
Event: 3.513 {metaspace Before GC invocations=14 (full 0):
 Metaspace       used 18740K, committed 18944K, reserved 1114112K
  class space    used 2527K, committed 2624K, reserved 1048576K
}

Dll operation events (12 events):
Event: 0.031 Attempting to load shared library C:\Users\Plaza Vespucio\AppData\Roaming\Code\User\globalStorage\pleiades.java-extension-pack-jdk\java\latest\bin\java.dll
Event: 0.036 Loaded shared library C:\Users\Plaza Vespucio\AppData\Roaming\Code\User\globalStorage\pleiades.java-extension-pack-jdk\java\latest\bin\java.dll
Event: 0.402 Attempting to load shared library C:\Users\Plaza Vespucio\AppData\Roaming\Code\User\globalStorage\pleiades.java-extension-pack-jdk\java\latest\bin\net.dll
Event: 0.403 Loaded shared library C:\Users\Plaza Vespucio\AppData\Roaming\Code\User\globalStorage\pleiades.java-extension-pack-jdk\java\latest\bin\net.dll
Event: 0.408 Attempting to load shared library C:\Users\Plaza Vespucio\AppData\Roaming\Code\User\globalStorage\pleiades.java-extension-pack-jdk\java\latest\bin\nio.dll
Event: 0.410 Loaded shared library C:\Users\Plaza Vespucio\AppData\Roaming\Code\User\globalStorage\pleiades.java-extension-pack-jdk\java\latest\bin\nio.dll
Event: 0.429 Attempting to load shared library C:\Users\Plaza Vespucio\AppData\Roaming\Code\User\globalStorage\pleiades.java-extension-pack-jdk\java\latest\bin\zip.dll
Event: 0.430 Loaded shared library C:\Users\Plaza Vespucio\AppData\Roaming\Code\User\globalStorage\pleiades.java-extension-pack-jdk\java\latest\bin\zip.dll
Event: 0.663 Attempting to load shared library C:\Users\Plaza Vespucio\AppData\Roaming\Code\User\globalStorage\pleiades.java-extension-pack-jdk\java\latest\bin\jimage.dll
Event: 0.663 Loaded shared library C:\Users\Plaza Vespucio\AppData\Roaming\Code\User\globalStorage\pleiades.java-extension-pack-jdk\java\latest\bin\jimage.dll
Event: 2.732 Attempting to load shared library C:\Users\Plaza Vespucio\AppData\Roaming\Code\User\globalStorage\pleiades.java-extension-pack-jdk\java\latest\bin\sunmscapi.dll
Event: 2.741 Loaded shared library C:\Users\Plaza Vespucio\AppData\Roaming\Code\User\globalStorage\pleiades.java-extension-pack-jdk\java\latest\bin\sunmscapi.dll

Deoptimization events (0 events):
No events

Classes loaded (20 events):
Event: 2.746 Loading class com/sun/security/sasl/Provider$ProviderService
Event: 2.746 Loading class com/sun/security/sasl/Provider$ProviderService done
Event: 2.746 Loading class sun/security/provider/certpath/ldap/JdkLDAP
Event: 2.747 Loading class sun/security/provider/certpath/ldap/JdkLDAP done
Event: 2.747 Loading class sun/security/provider/certpath/ldap/JdkLDAP$ProviderService
Event: 2.747 Loading class sun/security/provider/certpath/ldap/JdkLDAP$ProviderService done
Event: 2.779 Loading class javax/naming/ldap/LdapContext
Event: 2.779 Loading class javax/naming/directory/DirContext
Event: 2.780 Loading class javax/naming/directory/DirContext done
Event: 2.780 Loading class javax/naming/ldap/LdapContext done
Event: 2.819 Loading class javax/naming/Referenceable
Event: 2.820 Loading class javax/naming/Referenceable done
Event: 2.991 Loading class java/lang/invoke/TypeConvertingMethodAdapter$BoxHolder
Event: 2.991 Loading class java/lang/invoke/TypeConvertingMethodAdapter$BoxHolder done
Event: 2.992 Loading class java/util/TreeMap$KeyIterator
Event: 2.993 Loading class java/util/TreeMap$KeyIterator done
Event: 3.228 Loading class java/lang/invoke/MethodHandle$1
Event: 3.229 Loading class java/lang/invoke/MethodHandle$1 done
Event: 3.424 Loading class java/beans/PropertyVetoException
Event: 3.424 Loading class java/beans/PropertyVetoException done

Classes unloaded (0 events):
No events

Classes redefined (5 events):
Event: 0.361 Thread 0x000002503d273a70 redefined class name=java.io.FileOutputStream, count=1
Event: 0.363 Thread 0x000002503d273a70 redefined class name=java.io.File, count=1
Event: 0.366 Thread 0x000002503d273a70 redefined class name=java.lang.ClassLoader, count=1
Event: 0.368 Thread 0x000002503d273a70 redefined class name=java.net.URLStreamHandler, count=1
Event: 0.371 Thread 0x000002503d273a70 redefined class name=java.lang.Thread, count=1

Internal exceptions (20 events):
Event: 1.940 Thread 0x000002502c930940 Exception <a 'java/lang/NoSuchMethodError'{0x00000000a3bd1f08}: 'void java.lang.invoke.DirectMethodHandle$Holder.invokeStaticInit(java.lang.Object, java.lang.Object, java.lang.Object)'> (0x00000000a3bd1f08) 
thrown [s\src\hotspot\share\interpreter\linkResolver.cpp, line 804]
Event: 1.948 Thread 0x000002502c930940 Exception <a 'java/lang/NoSuchMethodError'{0x00000000a3a1be70}: 'java.lang.Object java.lang.invoke.DirectMethodHandle$Holder.invokeVirtual(java.lang.Object, java.lang.Object, java.lang.Object)'> (0x00000000a3a1be70) 
thrown [s\src\hotspot\share\interpreter\linkResolver.cpp, line 804]
Event: 1.954 Thread 0x000002502c930940 Exception <a 'java/lang/NoSuchMethodError'{0x00000000a3a41ef8}: 'java.lang.Object java.lang.invoke.DirectMethodHandle$Holder.invokeStatic(java.lang.Object, long, java.lang.Object)'> (0x00000000a3a41ef8) 
thrown [s\src\hotspot\share\interpreter\linkResolver.cpp, line 804]
Event: 1.955 Thread 0x000002502c930940 Exception <a 'java/lang/NoSuchMethodError'{0x00000000a3a4a048}: 'java.lang.Object java.lang.invoke.DirectMethodHandle$Holder.invokeStaticInit(java.lang.Object, long, java.lang.Object)'> (0x00000000a3a4a048) 
thrown [s\src\hotspot\share\interpreter\linkResolver.cpp, line 804]
Event: 1.955 Thread 0x000002502c930940 Exception <a 'java/lang/NoSuchMethodError'{0x00000000a3a59678}: 'java.lang.Object java.lang.invoke.DirectMethodHandle$Holder.newInvokeSpecial(java.lang.Object, long)'> (0x00000000a3a59678) 
thrown [s\src\hotspot\share\interpreter\linkResolver.cpp, line 804]
Event: 1.977 Thread 0x000002502c930940 Exception <a 'java/lang/NoSuchMethodError'{0x00000000a3acd848}: 'void java.lang.invoke.DirectMethodHandle$Holder.invokeVirtual(java.lang.Object, java.lang.Object, java.lang.Object, java.lang.Object)'> (0x00000000a3acd848) 
thrown [s\src\hotspot\share\interpreter\linkResolver.cpp, line 804]
Event: 2.033 Thread 0x000002502c930940 Exception <a 'java/lang/IncompatibleClassChangeError'{0x00000000a3834770}: Found class java.lang.Object, but interface was expected> (0x00000000a3834770) 
thrown [s\src\hotspot\share\interpreter\linkResolver.cpp, line 871]
Event: 2.045 Thread 0x000002502c930940 Exception <a 'java/lang/NoSuchMethodError'{0x00000000a386dda0}: 'int java.lang.invoke.DirectMethodHandle$Holder.invokeVirtual(java.lang.Object, java.lang.Object)'> (0x00000000a386dda0) 
thrown [s\src\hotspot\share\interpreter\linkResolver.cpp, line 804]
Event: 2.221 Thread 0x000002502c930940 Exception <a 'java/lang/NoSuchMethodError'{0x00000000a3a69230}: 'java.lang.Object java.lang.invoke.DirectMethodHandle$Holder.invokeStatic(java.lang.Object, int, java.lang.Object)'> (0x00000000a3a69230) 
thrown [s\src\hotspot\share\interpreter\linkResolver.cpp, line 804]
Event: 2.489 Thread 0x000002502c930940 Exception <a 'java/lang/NoSuchMethodError'{0x00000000a3af3138}: 'int java.lang.invoke.DirectMethodHandle$Holder.invokeSpecial(java.lang.Object, java.lang.Object, java.lang.Object, java.lang.Object, java.lang.Object)'> (0x00000000a3af3138) 
thrown [s\src\hotspot\share\interpreter\linkResolver.cpp, line 804]
Event: 2.492 Thread 0x000002502c930940 Exception <a 'java/lang/NoSuchMethodError'{0x00000000a39369b8}: 'void java.lang.invoke.DirectMethodHandle$Holder.invokeVirtual(java.lang.Object, java.lang.Object)'> (0x00000000a39369b8) 
thrown [s\src\hotspot\share\interpreter\linkResolver.cpp, line 804]
Event: 2.575 Thread 0x0000025042aff400 Exception <a 'java/lang/NoSuchMethodError'{0x00000000a35e1178}: 'long java.lang.invoke.DirectMethodHandle$Holder.invokeSpecial(java.lang.Object, java.lang.Object)'> (0x00000000a35e1178) 
thrown [s\src\hotspot\share\interpreter\linkResolver.cpp, line 804]
Event: 2.578 Thread 0x0000025042aff400 Exception <a 'java/lang/NoSuchMethodError'{0x00000000a3417b10}: 'long java.lang.invoke.DirectMethodHandle$Holder.invokeStatic(java.lang.Object, java.lang.Object)'> (0x00000000a3417b10) 
thrown [s\src\hotspot\share\interpreter\linkResolver.cpp, line 804]
Event: 2.578 Thread 0x0000025042aff400 Exception <a 'java/lang/NoSuchMethodError'{0x00000000a341fa38}: 'long java.lang.invoke.DirectMethodHandle$Holder.invokeStaticInit(java.lang.Object, java.lang.Object)'> (0x00000000a341fa38) 
thrown [s\src\hotspot\share\interpreter\linkResolver.cpp, line 804]
Event: 2.581 Thread 0x0000025042aff400 Exception <a 'java/lang/NoSuchMethodError'{0x00000000a3475c80}: 'long java.lang.invoke.DirectMethodHandle$Holder.invokeInterface(java.lang.Object, java.lang.Object)'> (0x00000000a3475c80) 
thrown [s\src\hotspot\share\interpreter\linkResolver.cpp, line 804]
Event: 2.582 Thread 0x0000025042aff400 Exception <a 'java/lang/IncompatibleClassChangeError'{0x00000000a347d938}: Found class java.lang.Object, but interface was expected> (0x00000000a347d938) 
thrown [s\src\hotspot\share\interpreter\linkResolver.cpp, line 871]
Event: 2.586 Thread 0x0000025042aff400 Exception <a 'java/lang/NoSuchMethodError'{0x00000000a349a118}: 'java.lang.Object java.lang.invoke.DirectMethodHandle$Holder.invokeVirtual(java.lang.Object, java.lang.Object, java.lang.Object, java.lang.Object)'> (0x00000000a349a118) 
thrown [s\src\hotspot\share\interpreter\linkResolver.cpp, line 804]
Event: 2.613 Thread 0x0000025042aff400 Exception <a 'java/lang/NoSuchMethodError'{0x00000000a320d3b8}: 'java.lang.Object java.lang.invoke.DirectMethodHandle$Holder.newInvokeSpecial(java.lang.Object, java.lang.Object, java.lang.Object, int)'> (0x00000000a320d3b8) 
thrown [s\src\hotspot\share\interpreter\linkResolver.cpp, line 804]
Event: 2.614 Thread 0x0000025042aff400 Exception <a 'java/lang/NoSuchMethodError'{0x00000000a3215ed0}: 'java.lang.Object java.lang.invoke.Invokers$Holder.linkToTargetMethod(java.lang.Object, java.lang.Object, int, java.lang.Object)'> (0x00000000a3215ed0) 
thrown [s\src\hotspot\share\interpreter\linkResolver.cpp, line 804]
Event: 2.913 Thread 0x000002502c930940 Exception <a 'java/lang/IncompatibleClassChangeError'{0x00000000a36f9320}: Found class java.lang.Object, but interface was expected> (0x00000000a36f9320) 
thrown [s\src\hotspot\share\interpreter\linkResolver.cpp, line 871]

VM Operations (20 events):
Event: 1.722 Executing safepoint VM operation: G1CollectForAllocation (G1 Evacuation Pause) done
Event: 2.018 Executing non-safepoint VM operation: HandshakeAllThreads (Deoptimize)
Event: 2.019 Executing non-safepoint VM operation: HandshakeAllThreads (Deoptimize) done
Event: 2.024 Executing non-safepoint VM operation: HandshakeAllThreads (Deoptimize)
Event: 2.024 Executing non-safepoint VM operation: HandshakeAllThreads (Deoptimize) done
Event: 2.121 Executing safepoint VM operation: G1CollectForAllocation (G1 Evacuation Pause)
Event: 2.125 Executing safepoint VM operation: G1CollectForAllocation (G1 Evacuation Pause) done
Event: 2.366 Executing safepoint VM operation: G1CollectForAllocation (G1 Evacuation Pause)
Event: 2.372 Executing safepoint VM operation: G1CollectForAllocation (G1 Evacuation Pause) done
Event: 2.390 Executing non-safepoint VM operation: HandshakeAllThreads (Deoptimize)
Event: 2.390 Executing non-safepoint VM operation: HandshakeAllThreads (Deoptimize) done
Event: 2.463 Executing non-safepoint VM operation: HandshakeAllThreads (Deoptimize)
Event: 2.463 Executing non-safepoint VM operation: HandshakeAllThreads (Deoptimize) done
Event: 2.661 Executing safepoint VM operation: G1CollectForAllocation (G1 Evacuation Pause)
Event: 2.667 Executing safepoint VM operation: G1CollectForAllocation (G1 Evacuation Pause) done
Event: 2.696 Executing non-safepoint VM operation: HandshakeAllThreads (Deoptimize)
Event: 2.696 Executing non-safepoint VM operation: HandshakeAllThreads (Deoptimize) done
Event: 3.078 Executing safepoint VM operation: G1CollectForAllocation (G1 Evacuation Pause)
Event: 3.090 Executing safepoint VM operation: G1CollectForAllocation (G1 Evacuation Pause) done
Event: 3.513 Executing safepoint VM operation: G1CollectForAllocation (G1 Evacuation Pause)

Memory protections (0 events):
No events

Nmethod flushes (5 events):
Event: 0.770 Thread 0x000002503d273a70 flushing  nmethod 0x00000250358f7188
Event: 0.770 Thread 0x000002503d273a70 flushing  nmethod 0x000002503598b908
Event: 0.770 Thread 0x000002503d273a70 flushing  nmethod 0x000002503598bc08
Event: 0.770 Thread 0x000002503d273a70 flushing  nmethod 0x00000250358f9508
Event: 0.770 Thread 0x000002503d273a70 flushing  nmethod 0x000002503598cb08

Events (19 events):
Event: 0.071 Thread 0x000002502c930940 Thread added: 0x000002502c930940
Event: 0.098 Thread 0x000002502c930940 Thread added: 0x000002503d2877a0
Event: 0.099 Thread 0x000002502c930940 Thread added: 0x000002503d28ac20
Event: 0.100 Thread 0x000002502c930940 Thread added: 0x000002503d290640
Event: 0.100 Thread 0x000002502c930940 Thread added: 0x000002503d2911f0
Event: 0.100 Thread 0x000002502c930940 Thread added: 0x000002503d292a20
Event: 0.101 Thread 0x000002502c930940 Thread added: 0x000002503d2a5630
Event: 0.101 Thread 0x000002502c930940 Thread added: 0x000002503d2ab490
Event: 0.346 Thread 0x000002503d2ab490 Thread added: 0x000002503d2fbce0
Event: 0.372 Thread 0x000002502c930940 Thread added: 0x000002503d839c90
Event: 0.381 Thread 0x000002502c930940 Thread added: 0x000002503d83d2f0
Event: 1.286 Thread 0x000002503d2ab490 Thread added: 0x0000025042943cb0
Event: 1.874 Thread 0x000002502c930940 Thread added: 0x0000025042ae88e0
Event: 1.924 Thread 0x0000025042ae88e0 Thread exited: 0x0000025042ae88e0
Event: 2.031 Thread 0x000002502c930940 Thread added: 0x0000025042aff400
Event: 2.280 Thread 0x000002503d2ab490 Thread added: 0x0000025042c80e90
Event: 2.751 Thread 0x0000025042aff400 Thread exited: 0x0000025042aff400
Event: 2.752 Thread 0x000002502c930940 Thread added: 0x0000025042aff400
Event: 2.887 Thread 0x0000025042aff400 Thread exited: 0x0000025042aff400


Dynamic libraries:
0x00007ff7ce000000 - 0x00007ff7ce00e000 	C:\Users\Plaza Vespucio\AppData\Roaming\Code\User\globalStorage\pleiades.java-extension-pack-jdk\java\latest\bin\java.exe
0x00007ff8acda0000 - 0x00007ff8ad006000 	C:\WINDOWS\SYSTEM32\ntdll.dll
0x00007ff8acac0000 - 0x00007ff8acb89000 	C:\WINDOWS\System32\KERNEL32.DLL
0x00007ff8ac6c0000 - 0x00007ff8acaba000 	C:\WINDOWS\System32\KERNELBASE.dll
0x0000000076af0000 - 0x0000000076b2e000 	C:\WINDOWS\System32\cyinjct.dll
0x00007ff8ac530000 - 0x00007ff8ac554000 	C:\WINDOWS\System32\cyvera.dll
0x00007ff8a0e60000 - 0x00007ff8a0e77000 	C:\Users\Plaza Vespucio\AppData\Roaming\Code\User\globalStorage\pleiades.java-extension-pack-jdk\java\latest\bin\jli.dll
0x000002502a310000 - 0x000002502a4d7000 	C:\WINDOWS\System32\USER32.dll
0x00007ff8a9eb0000 - 0x00007ff8a9ed7000 	C:\WINDOWS\System32\win32u.dll
0x00007ff8aa7a0000 - 0x00007ff8aa7cb000 	C:\WINDOWS\System32\GDI32.dll
0x00007ff8a9ee0000 - 0x00007ff8aa00b000 	C:\WINDOWS\System32\gdi32full.dll
0x00007ff8aa150000 - 0x00007ff8aa1f3000 	C:\WINDOWS\System32\msvcp_win.dll
0x000002502a4e0000 - 0x000002502a62c000 	C:\WINDOWS\System32\ucrtbase.dll
0x00007ff8a0c60000 - 0x00007ff8a0c7e000 	C:\Users\Plaza Vespucio\AppData\Roaming\Code\User\globalStorage\pleiades.java-extension-pack-jdk\java\latest\bin\VCRUNTIME140.dll
0x00007ff893200000 - 0x00007ff893492000 	C:\WINDOWS\WinSxS\amd64_microsoft.windows.common-controls_6595b64144ccf1df_6.0.26100.8521_none_3e08b75ce33403b3\COMCTL32.dll
0x00007ff8ac2b0000 - 0x00007ff8ac359000 	C:\WINDOWS\System32\msvcrt.dll
0x00007ff8ac3c0000 - 0x00007ff8ac526000 	C:\WINDOWS\System32\cyvrtrap.dll
0x00007ff8ab070000 - 0x00007ff8ab0a2000 	C:\WINDOWS\System32\IMM32.DLL
0x00007ff8a4d40000 - 0x00007ff8a4d4c000 	C:\Users\Plaza Vespucio\AppData\Roaming\Code\User\globalStorage\pleiades.java-extension-pack-jdk\java\latest\bin\vcruntime140_1.dll
0x00007ff87fe70000 - 0x00007ff87fefd000 	C:\Users\Plaza Vespucio\AppData\Roaming\Code\User\globalStorage\pleiades.java-extension-pack-jdk\java\latest\bin\msvcp140.dll
0x00007ff80d6a0000 - 0x00007ff80e639000 	C:\Users\Plaza Vespucio\AppData\Roaming\Code\User\globalStorage\pleiades.java-extension-pack-jdk\java\latest\bin\server\jvm.dll
0x00007ff8ab0c0000 - 0x00007ff8ab176000 	C:\WINDOWS\System32\ADVAPI32.dll
0x00007ff8aa550000 - 0x00007ff8aa5fa000 	C:\WINDOWS\System32\sechost.dll
0x00007ff8ac5a0000 - 0x00007ff8ac6b8000 	C:\WINDOWS\System32\RPCRT4.dll
0x00007ff8abc70000 - 0x00007ff8abcf0000 	C:\WINDOWS\System32\WS2_32.dll
0x00007ff8a9c50000 - 0x00007ff8a9cae000 	C:\WINDOWS\SYSTEM32\POWRPROF.dll
0x00007ff8a30a0000 - 0x00007ff8a30d6000 	C:\WINDOWS\SYSTEM32\WINMM.dll
0x00007ff8a30e0000 - 0x00007ff8a30eb000 	C:\WINDOWS\SYSTEM32\VERSION.dll
0x00007ff8a9c30000 - 0x00007ff8a9c44000 	C:\WINDOWS\SYSTEM32\UMPDC.dll
0x00007ff8a8b40000 - 0x00007ff8a8b5b000 	C:\WINDOWS\SYSTEM32\kernel.appcore.dll
0x00007ff8a0c50000 - 0x00007ff8a0c5a000 	C:\Users\Plaza Vespucio\AppData\Roaming\Code\User\globalStorage\pleiades.java-extension-pack-jdk\java\latest\bin\jimage.dll
0x00007ff89bc80000 - 0x00007ff89bec2000 	C:\WINDOWS\SYSTEM32\DBGHELP.DLL
0x00007ff8abd60000 - 0x00007ff8ac0e3000 	C:\WINDOWS\System32\combase.dll
0x00007ff8ab280000 - 0x00007ff8ab359000 	C:\WINDOWS\System32\OLEAUT32.dll
0x00007ff88ff50000 - 0x00007ff88ff8b000 	C:\WINDOWS\SYSTEM32\dbgcore.DLL
0x00007ff8aa0a0000 - 0x00007ff8aa148000 	C:\WINDOWS\System32\bcryptPrimitives.dll
0x00007ff8ac360000 - 0x00007ff8ac3ba000 	C:\Program Files\Palo Alto Networks\Traps\cyjagent.dll
0x00007ff89f770000 - 0x00007ff89f78e000 	C:\Users\Plaza Vespucio\AppData\Roaming\Code\User\globalStorage\pleiades.java-extension-pack-jdk\java\latest\bin\java.dll
0x00007ff8aa600000 - 0x00007ff8aa798000 	C:\WINDOWS\System32\ole32.dll
0x00007ff8aa7d0000 - 0x00007ff8aaf54000 	C:\WINDOWS\System32\SHELL32.dll
0x00007ff8a7990000 - 0x00007ff8a8210000 	C:\WINDOWS\SYSTEM32\windows.storage.dll
0x00007ff8ab180000 - 0x00007ff8ab276000 	C:\WINDOWS\System32\SHCORE.dll
0x00007ff8ab360000 - 0x00007ff8ab3c7000 	C:\WINDOWS\System32\shlwapi.dll
0x00007ff8a9d10000 - 0x00007ff8a9d39000 	C:\WINDOWS\SYSTEM32\profapi.dll
0x00007ff8915d0000 - 0x00007ff8915e1000 	C:\Users\Plaza Vespucio\AppData\Roaming\Code\User\globalStorage\pleiades.java-extension-pack-jdk\java\latest\bin\net.dll
0x00007ff8a9090000 - 0x00007ff8a90fc000 	C:\WINDOWS\system32\mswsock.dll
0x00007ff8914d0000 - 0x00007ff8914e6000 	C:\Users\Plaza Vespucio\AppData\Roaming\Code\User\globalStorage\pleiades.java-extension-pack-jdk\java\latest\bin\nio.dll
0x00007ff8914b0000 - 0x00007ff8914c7000 	C:\Users\Plaza Vespucio\AppData\Roaming\Code\User\globalStorage\pleiades.java-extension-pack-jdk\java\latest\bin\zip.dll
0x00007ff8a85d0000 - 0x00007ff8a8603000 	C:\WINDOWS\SYSTEM32\IPHLPAPI.DLL
0x00007ff8abd50000 - 0x00007ff8abd5a000 	C:\WINDOWS\System32\NSI.dll
0x00007ff8a8610000 - 0x00007ff8a875a000 	C:\WINDOWS\SYSTEM32\DNSAPI.dll
0x00007ff8a8e60000 - 0x00007ff8a8e6d000 	C:\WINDOWS\SYSTEM32\DSPARSE.dll
0x00007ff89f110000 - 0x00007ff89f11b000 	C:\Windows\System32\rasadhlp.dll
0x00007ff89dfb0000 - 0x00007ff89e036000 	C:\WINDOWS\System32\fwpuclnt.dll
0x00007ff8a0940000 - 0x00007ff8a094e000 	C:\Users\Plaza Vespucio\AppData\Roaming\Code\User\globalStorage\pleiades.java-extension-pack-jdk\java\latest\bin\sunmscapi.dll
0x00007ff8aa350000 - 0x00007ff8aa4c8000 	C:\WINDOWS\System32\CRYPT32.dll
0x00007ff8a95f0000 - 0x00007ff8a9620000 	C:\WINDOWS\SYSTEM32\ncrypt.dll
0x00007ff8a95a0000 - 0x00007ff8a95df000 	C:\WINDOWS\SYSTEM32\NTASN1.dll

JVMTI agents:
C:\Program Files\Palo Alto Networks\Traps\cyjagent.dll path:C:\Program Files\Palo Alto Networks\Traps\cyjagent.dll, loaded, initialized, options:none

dbghelp: loaded successfully - version: 4.0.5 - missing functions: none
symbol engine: initialized successfully - sym options: 0x614 - pdb path: .;C:\Users\Plaza Vespucio\AppData\Roaming\Code\User\globalStorage\pleiades.java-extension-pack-jdk\java\latest\bin;C:\WINDOWS\SYSTEM32;C:\WINDOWS\WinSxS\amd64_microsoft.windows.common-controls_6595b64144ccf1df_6.0.26100.8521_none_3e08b75ce33403b3;C:\Users\Plaza Vespucio\AppData\Roaming\Code\User\globalStorage\pleiades.java-extension-pack-jdk\java\latest\bin\server;C:\Program Files\Palo Alto Networks\Traps

VM Arguments:
jvm_args: -Dstdout.encoding=UTF-8 -Dstderr.encoding=UTF-8 -XX:TieredStopAtLevel=1 -agentpath:C:\Program Files\Palo Alto Networks\Traps\cyjagent.dll 
java_command: com.example.ms_historia_clinica.MsHistoriaClinicaApplication
java_class_path (initial): C:\Users\Plaza Vespucio\Desktop\Centro_Medico\ms-historia-clinica\target\classes;C:\Users\Plaza Vespucio\.m2\repository\org\springframework\spring-aop\6.1.14\spring-aop-6.1.14.jar;C:\Users\Plaza Vespucio\.m2\repository\org\aspectj\aspectjweaver\1.9.22.1\aspectjweaver-1.9.22.1.jar;C:\Users\Plaza Vespucio\.m2\repository\com\zaxxer\HikariCP\5.1.0\HikariCP-5.1.0.jar;C:\Users\Plaza Vespucio\.m2\repository\org\springframework\spring-jdbc\6.1.14\spring-jdbc-6.1.14.jar;C:\Users\Plaza Vespucio\.m2\repository\org\hibernate\orm\hibernate-core\6.5.3.Final\hibernate-core-6.5.3.Final.jar;C:\Users\Plaza Vespucio\.m2\repository\jakarta\persistence\jakarta.persistence-api\3.1.0\jakarta.persistence-api-3.1.0.jar;C:\Users\Plaza Vespucio\.m2\repository\jakarta\transaction\jakarta.transaction-api\2.0.1\jakarta.transaction-api-2.0.1.jar;C:\Users\Plaza Vespucio\.m2\repository\org\jboss\logging\jboss-logging\3.5.3.Final\jboss-logging-3.5.3.Final.jar;C:\Users\Plaza Vespucio\.m2\repository\org\hibernate\common\hibernate-commons-annotations\6.0.6.Final\hibernate-commons-annotations-6.0.6.Final.jar;C:\Users\Plaza Vespucio\.m2\repository\io\smallrye\jandex\3.1.2\jandex-3.1.2.jar;C:\Users\Plaza Vespucio\.m2\repository\com\fasterxml\classmate\1.7.0\classmate-1.7.0.jar;C:\Users\Plaza Vespucio\.m2\repository\net\bytebuddy\byte-buddy\1.14.19\byte-buddy-1.14.19.jar;C:\Users\Plaza Vespucio\.m2\repository\org\glassfish\jaxb\jaxb-runtime\4.0.5\jaxb-runtime-4.0.5.jar;C:\Users\Plaza Vespucio\.m2\repository\org\glassfish\jaxb\jaxb-core\4.0.5\jaxb-core-4.0.5.jar;C:\Users\Plaza Vespucio\.m2\repository\org\eclipse\angus\angus-activation\2.0.2\angus-activation-2.0.2.jar;C:\Users\Plaza Vespucio\.m2\repository\org\glassfish\jaxb\txw2\4.0.5\txw2-4.0.5.jar;C:\Users\Plaza Vespucio\.m2\repository\com\sun\istack\istack-commons-runtime\4.1.2\istack-commons-runtime-4.1.2.jar;C:\Users\Plaza Vespucio\.m2\repository\jakarta\inject\jakarta.inject-api\2.0.1\jakarta.inject-api-2.0.1.jar;C:\Users\Plaza Vespucio\.m2\repository\org\antlr\antlr4-runtime\4.13.0\antlr4-runtime-4.13.0.jar;C:\Users\Plaza Vespucio\.m2\repository\org\springframework\data\spring-data-jpa\3.3.5\spring-data-jpa-3.3.5.jar;C:\Users\Plaza Vespucio\.m2\repository\org\springframework\data\spring-data-commons\3.3.5\spring-data-commons-3.3.5.jar;C:\Users\Plaza Vespucio\.m2\repository\org\springframework\spring-orm\6.1.14\spring-orm-6.1.14.jar;C:\Users\Plaza Vespucio\.m2\repository\org\springframework\spring-context\6.1.14\spring-context-6.1.14.jar;C:\Users\Plaza Vespucio\.m2\repository\org\springframework\spring-tx\6.1.14\spring-tx-6.1.14.jar;C:\Users\Plaza Vespucio\.m2\repository\org\springframework\spring-beans\6.1.14\spring-beans-6.1.14.jar;C:\Users\Plaza Vespucio\.m2\repository\jakarta\annotation\jakarta.annotation-api\2.1.1\jakarta.annotation-api-2.1.1.jar;C:\Users\Plaza Vespucio\.m2\repository\org\slf4j\slf4j-api\2.0.16\slf4j-api-2.0.16.jar;C:\Users\Plaza Vespucio\.m2\repository\org\springframework\spring-aspects\6.1.14\spring-aspects-6.1.14.jar;C:\Users\Plaza Vespucio\.m2\repository\org\springframework\boot\spring-boot\3.3.5\spring-boot-3.3.5.jar;C:\Users\Plaza Vespucio\.m2\repository\org\springframework\boot\spring-boot-autoconfigure\3.3.5\spring-boot-autoconfigure-3.3.5.jar;C:\Users\Plaza Vespucio\.m2\repository\ch\qos\logback\logback-classic\1.5.11\logback-classic-1.5.11.jar;C:\Users\Plaza Vespucio\.m2\repository\ch\qos\logback\logback-core\1.5.11\logback-core-1.5.11.jar;C:\Users\Plaza Vespucio\.m2\repository\org\apache\logging\log4j\log4j-to-slf4j\2.23.1\log4j-to-slf4j-2.23.1.jar;C:\Users\Plaza Vespucio\.m2\repository\org\apache\logging\log4j\log4j-api\2.23.1\log4j-api-2.23.1.jar;C:\Users\Plaza Vespucio\.m2\repository\org\slf4j\jul-to-slf4j\2.0.16\jul-to-slf4j-2.0.16.jar;C:\Users\Plaza Vespucio\.m2\repository\com\fasterxml\jackson\core\jackson-databind\2.17.2\jackson-databind-2.17.2.jar;C:\Users\Plaza Vespucio\.m2\repository\com\fasterxml\jackson\datatype\jackson-datatype-jdk8\2.17.2\jackson-datatype-jdk8-2.17.2.jar;C:\Users\Plaza Vespucio\.m2\repository\com\fasterxml\jackson\datatype\jackson-datatype-jsr310\2.17.2\jackson-datatype-jsr310-2.17.2.jar;C:\Users\Plaza Vespucio\.m2\repository\com\fasterxml\jackson\module\jackson-module-parameter-names\2.17.2\jackson-module-parameter-names-2.17.2.jar;C:\Users\Plaza Vespucio\.m2\repository\org\apache\tomcat\embed\tomcat-embed-core\10.1.31\tomcat-embed-core-10.1.31.jar;C:\Users\Plaza Vespucio\.m2\repository\org\apache\tomcat\embed\tomcat-embed-el\10.1.31\tomcat-embed-el-10.1.31.jar;C:\Users\Plaza Vespucio\.m2\repository\org\apache\tomcat\embed\tomcat-embed-websocket\10.1.31\tomcat-embed-websocket-10.1.31.jar;C:\Users\Plaza Vespucio\.m2\repository\org\springframework\spring-web\6.1.14\spring-web-6.1.14.jar;C:\Users\Plaza Vespucio\.m2\repository\org\springframework\spring-webmvc\6.1.14\spring-webmvc-6.1.14.jar;C:\Users\Plaza Vespucio\.m2\repository\org\springframework\spring-expression\6.1.14\spring-expression-6.1.14.jar;C:\Users\Plaza Vespucio\.m2\repository\com\mysql\mysql-connector-j\8.3.0\mysql-connector-j-8.3.0.jar;C:\Users\Plaza Vespucio\.m2\repository\jakarta\xml\bind\jakarta.xml.bind-api\4.0.2\jakarta.xml.bind-api-4.0.2.jar;C:\Users\Plaza Vespucio\.m2\repository\jakarta\activation\jakarta.activation-api\2.1.3\jakarta.activation-api-2.1.3.jar;C:\Users\Plaza Vespucio\.m2\repository\org\springframework\spring-core\6.1.14\spring-core-6.1.14.jar;C:\Users\Plaza Vespucio\.m2\repository\org\springframework\spring-jcl\6.1.14\spring-jcl-6.1.14.jar;C:\Users\Plaza Vespucio\.m2\repository\org\springdoc\springdoc-openapi-starter-webmvc-ui\2.5.0\springdoc-openapi-starter-webmvc-ui-2.5.0.jar;C:\Users\Plaza Vespucio\.m2\repository\org\springdoc\springdoc-openapi-starter-webmvc-api\2.5.0\springdoc-openapi-starter-webmvc-api-2.5.0.jar;C:\Users\Plaza Vespucio\.m2\repository\org\springdoc\springdoc-openapi-starter-common\2.5.0\springdoc-openapi-starter-common-2.5.0.jar;C:\Users\Plaza Vespucio\.m2\repository\io\swagger\core\v3\swagger-core-jakarta\2.2.21\swagger-core-jakarta-2.2.21.jar;C:\Users\Plaza Vespucio\.m2\repository\org\apache\commons\commons-lang3\3.14.0\commons-lang3-3.14.0.jar;C:\Users\Plaza Vespucio\.m2\repository\io\swagger\core\v3\swagger-annotations-jakarta\2.2.21\swagger-annotations-jakarta-2.2.21.jar;C:\Users\Plaza Vespucio\.m2\repository\io\swagger\core\v3\swagger-models-jakarta\2.2.21\swagger-models-jakarta-2.2.21.jar;C:\Users\Plaza Vespucio\.m2\repository\jakarta\validation\jakarta.validation-api\3.0.2\jakarta.validation-api-3.0.2.jar;C:\Users\Plaza Vespucio\.m2\repository\com\fasterxml\jackson\dataformat\jackson-dataformat-yaml\2.17.2\jackson-dataformat-yaml-2.17.2.jar;C:\Users\Plaza Vespucio\.m2\repository\org\webjars\swagger-ui\5.13.0\swagger-ui-5.13.0.jar;C:\Users\Plaza Vespucio\.m2\repository\net\datafaker\datafaker\2.2.2\datafaker-2.2.2.jar;C:\Users\Plaza Vespucio\.m2\repository\org\yaml\snakeyaml\2.2\snakeyaml-2.2.jar;C:\Users\Plaza Vespucio\.m2\repository\com\github\curious-odd-man\rgxgen\2.0\rgxgen-2.0.jar;C:\Users\Plaza Vespucio\.m2\repository\org\springframework\cloud\spring-cloud-starter-openfeign\4.1.3\spring-cloud-starter-openfeign-4.1.3.jar;C:\Users\Plaza Vespucio\.m2\repository\org\springframework\cloud\spring-cloud-starter\4.1.4\spring-cloud-starter-4.1.4.jar;C:\Users\Plaza Vespucio\.m2\repository\org\springframework\cloud\spring-cloud-context\4.1.4\spring-cloud-context-4.1.4.jar;C:\Users\Plaza Vespucio\.m2\repository\org\springframework\security\spring-security-rsa\1.1.3\spring-security-rsa-1.1.3.jar;C:\Users\Plaza Vespucio\.m2\repository\org\bouncycastle\bcprov-jdk18on\1.78\bcprov-jdk18on-1.78.jar;C:\Users\Plaza Vespucio\.m2\repository\org\springframework\cloud\spring-cloud-openfeign-core\4.1.3\spring-cloud-openfeign-core-4.1.3.jar;C:\Users\Plaza Vespucio\.m2\repository\io\github\openfeign\form\feign-form-spring\3.8.0\feign-form-spring-3.8.0.jar;C:\Users\Plaza Vespucio\.m2\repository\io\github\openfeign\form\feign-form\3.8.0\feign-form-3.8.0.jar;C:\Users\Plaza Vespucio\.m2\repository\commons-fileupload\commons-fileupload\1.5\commons-fileupload-1.5.jar;C:\Users\Plaza Vespucio\.m2\repository\commons-io\commons-io\2.11.0\commons-io-2.11.0.jar;C:\Users\Plaza Vespucio\.m2\repository\org\springframework\cloud\spring-cloud-commons\4.1.4\spring-cloud-commons-4.1.4.jar;C:\Users\Plaza Vespucio\.m2\repository\org\springframework\security\spring-security-crypto\6.3.4\spring-security-crypto-6.3.4.jar;C:\Users\Plaza Vespucio\.m2\repository\io\github\openfeign\feign-core\13.3\feign-core-13.3.jar;C:\Users\Plaza Vespucio\.m2\repository\io\github\openfeign\feign-slf4j\13.3\feign-slf4j-13.3.jar;C:\Users\Plaza Vespucio\.m2\repository\org\springframework\cloud\spring-cloud-starter-netflix-eureka-client\4.1.3\spring-cloud-starter-netflix-eureka-client-4.1.3.jar;C:\Users\Plaza Vespucio\.m2\repository\org\springframework\cloud\spring-cloud-netflix-eureka-client\4.1.3\spring-cloud-netflix-eureka-client-4.1.3.jar;C:\Users\Plaza Vespucio\.m2\repository\org\apache\httpcomponents\client5\httpclient5\5.3.1\httpclient5-5.3.1.jar;C:\Users\Plaza Vespucio\.m2\repository\org\apache\httpcomponents\core5\httpcore5\5.2.5\httpcore5-5.2.5.jar;C:\Users\Plaza Vespucio\.m2\repository\org\apache\httpcomponents\core5\httpcore5-h2\5.2.5\httpcore5-h2-5.2.5.jar;C:\Users\Plaza Vespucio\.m2\repository\com\netflix\eureka\eureka-client\2.0.3\eureka-client-2.0.3.jar;C:\Users\Plaza Vespucio\.m2\repository\com\thoughtworks\xstream\xstream\1.4.20\xstream-1.4.20.jar;C:\Users\Plaza Vespucio\.m2\repository\io\github\x-stream\mxparser\1.2.2\mxparser-1.2.2.jar;C:\Users\Plaza Vespucio\.m2\repository\xmlpull\xmlpull\1.1.3.1\xmlpull-1.1.3.1.jar;C:\Users\Plaza Vespucio\.m2\repository\jakarta\ws\rs\jakarta.ws.rs-api\3.1.0\jakarta.ws.rs-api-3.1.0.jar;C:\Users\Plaza Vespucio\.m2\repository\com\netflix\spectator\spectator-api\1.7.3\spectator-api-1.7.3.jar;C:\Users\Plaza Vespucio\.m2\repository\org\apache\httpcomponents\httpclient\4.5.3\httpclient-4.5.3.jar;C:\Users\Plaza Vespucio\.m2\repository\org\apache\httpcomponents\httpcore\4.4.16\httpcore-4.4.16.jar;C:\Users\Plaza Vespucio\.m2\repository\commons-codec\commons-codec\1.16.1\commons-codec-1.16.1.jar;C:\Users\Plaza Vespucio\.m2\repository\commons-configuration\commons-configuration\1.10\commons-configuration-1.10.jar;C:\Users\Plaza Vespucio\.m2\repository\commons-lang\commons-lang\2.6\commons-lang-2.6.jar;C:\Users\Plaza Vespucio\.m2\repository\com\fasterxml\jackson\core\jackson-annotations\2.17.2\jackson-annotations-2.17.2.jar;C:\Users\Plaza Vespucio\.m2\repository\com\fasterxml\jackson\core\jackson-core\2.17.2\jackson-core-2.17.2.jar;C:\Users\Plaza Vespucio\.m2\repository\com\netflix\netflix-commons\netflix-eventbus\0.3.0\netflix-eventbus-0.3.0.jar;C:\Users\Plaza Vespucio\.m2\repository\com\netflix\netflix-commons\netflix-infix\0.3.0\netflix-infix-0.3.0.jar;C:\Users\Plaza Vespucio\.m2\repository\commons-jxpath\commons-jxpath\1.3\commons-jxpath-1.3.jar;C:\Users\Plaza Vespucio\.m2\repository\joda-time\joda-time\2.3\joda-time-2.3.jar;C:\Users\Plaza Vespucio\.m2\repository\org\antlr\antlr-runtime\3.4\antlr-runtime-3.4.jar;C:\Users\Plaza Vespucio\.m2\repository\org\antlr\stringtemplate\3.2.1\stringtemplate-3.2.1.jar;C:\Users\Plaza Vespucio\.m2\repository\antlr\antlr\2.7.7\antlr-2.7.7.jar;C:\Users\Plaza Vespucio\.m2\repository\com\google\code\gson\gson\2.10.1\gson-2.10.1.jar;C:\Users\Plaza Vespucio\.m2\repository\com\netflix\servo\servo-core\0.5.3\servo-core-0.5.3.jar;C:\Users\Plaza Vespucio\.m2\repository\org\apache\commons\commons-math\2.2\commons-math-2.2.jar;C:\Users\Plaza Vespucio\.m2\repository\javax\annotation\javax.annotation-api\1.2\javax.annotation-api-1.2.jar;C:\Users\Plaza Vespucio\.m2\repository\org\codehaus\jettison\jettison\1.5.4\jettison-1.5.4.jar;C:\Users\Plaza Vespucio\.m2\repository\com\netflix\eureka\eureka-core\2.0.3\eureka-core-2.0.3.jar;C:\Users\Plaza Vespucio\.m2\repository\com\fasterxml\woodstox\woodstox-core\6.2.1\woodstox-core-6.2.1.jar;C:\Users\Plaza Vespucio\.m2\repository\org\codehaus\woodstox\stax2-api\4.2.1\stax2-api-4.2.1.jar;C:\Users\Plaza Vespucio\.m2\repository\com\google\guava\guava\33.0.0-jre\guava-33.0.0-jre.jar;C:\Users\Plaza Vespucio\.m2\repository\com\google\guava\failureaccess\1.0.2\failureaccess-1.0.2.jar;C:\Users\Plaza Vespucio\.m2\repository\com\google\guava\listenablefuture\9999.0-empty-to-avoid-conflict-with-guava\listenablefuture-9999.0-empty-to-avoid-conflict-with-guava.jar;C:\Users\Plaza Vespucio\.m2\repository\org\checkerframework\checker-qual\3.41.0\checker-qual-3.41.0.jar;C:\Users\Plaza Vespucio\.m2\repository\com\google\errorprone\error_prone_annotations\2.23.0\error_prone_annotations-2.23.0.jar;C:\Users\Plaza Vespucio\.m2\repository\com\google\j2objc\j2objc-annotations\2.8\j2objc-annotations-2.8.jar;C:\Users\Plaza Vespucio\.m2\repository\org\springframework\cloud\spring-cloud-starter-loadbalancer\4.1.4\spring-cloud-starter-loadbalancer-4.1.4.jar;C:\Users\Plaza Vespucio\.m2\repository\org\springframework\cloud\spring-cloud-loadbalancer\4.1.4\spring-cloud-loadbalancer-4.1.4.jar;C:\Users\Plaza Vespucio\.m2\repository\io\projectreactor\reactor-core\3.6.11\reactor-core-3.6.11.jar;C:\Users\Plaza Vespucio\.m2\repository\org\reactivestreams\reactive-streams\1.0.4\reactive-streams-1.0.4.jar;C:\Users\Plaza Vespucio\.m2\repository\io\projectreactor\addons\reactor-extra\3.5.2\reactor-extra-3.5.2.jar;C:\Users\Plaza Vespucio\.m2\repository\org\springframework\spring-context-support\6.1.14\spring-context-support-6.1.14.jar;C:\Users\Plaza Vespucio\.m2\repository\com\stoyanr\evictor\1.0.0\evictor-1.0.0.jar;C:\Users\Plaza Vespucio\.m2\repository\org\springframework\boot\spring-boot-actuator-autoconfigure\3.3.5\spring-boot-actuator-autoconfigure-3.3.5.jar;C:\Users\Plaza Vespucio\.m2\repository\org\springframework\boot\spring-boot-actuator\3.3.5\spring-boot-actuator-3.3.5.jar;C:\Users\Plaza Vespucio\.m2\repository\io\micrometer\micrometer-observation\1.13.6\micrometer-observation-1.13.6.jar;C:\Users\Plaza Vespucio\.m2\repository\io\micrometer\micrometer-commons\1.13.6\micrometer-commons-1.13.6.jar;C:\Users\Plaza Vespucio\.m2\repository\io\micrometer\micrometer-jakarta9\1.13.6\micrometer-jakarta9-1.13.6.jar;C:\Users\Plaza Vespucio\.m2\repository\io\micrometer\micrometer-core\1.13.6\micrometer-core-1.13.6.jar;C:\Users\Plaza Vespucio\.m2\repository\org\hdrhistogram\HdrHistogram\2.2.2\HdrHistogram-2.2.2.jar;C:\Users\Plaza Vespucio\.m2\repository\org\latencyutils\LatencyUtils\2.0.3\LatencyUtils-2.0.3.jar
Launcher Type: SUN_STANDARD

[Global flags]
     bool AOTAdapterCaching                        = false                                  {diagnostic} {ergonomic}
     bool AOTInvokeDynamicLinking                  = false                                  {diagnostic} {ergonomic}
     bool AOTRecordTraining                        = false                                  {diagnostic} {ergonomic}
     bool AOTReplayTraining                        = false                                  {diagnostic} {ergonomic}
     bool AOTStubCaching                           = false                                  {diagnostic} {ergonomic}
     intx CICompilerCount                          = 4                                         {product} {ergonomic}
     uint ConcGCThreads                            = 2                                         {product} {ergonomic}
     uint G1ConcRefinementThreads                  = 8                                         {product} {ergonomic}
     uint G1EagerReclaimRemSetThreshold            = 10                                   {experimental} {ergonomic}
   size_t G1HeapRegionSize                         = 1048576                                   {product} {ergonomic}
     uint G1RemSetArrayOfCardsEntries              = 10                                   {experimental} {ergonomic}
     uint G1RemSetHowlMaxNumBuckets                = 8                                    {experimental} {ergonomic}
     uint G1RemSetHowlNumBuckets                   = 4                                    {experimental} {ergonomic}
   size_t InitialHeapSize                          = 8388608                                   {product} {ergonomic}
     bool IntelJccErratumMitigation                = false                             {ARCH diagnostic} {ergonomic}
   size_t MarkStackSize                            = 4194304                                   {product} {ergonomic}
   size_t MarkStackSizeMax                         = 536870912                                 {product} {ergonomic}
   size_t MaxHeapSize                              = 1581252608                                {product} {ergonomic}
   size_t MaxNewSize                               = 947912704                                 {product} {ergonomic}
 uint64_t MaxRAM                                   = 6323187712                                {product} {ergonomic}
   size_t MinHeapDeltaBytes                        = 1048576                                   {product} {ergonomic}
   size_t MinHeapSize                              = 8388608                                   {product} {ergonomic}
   size_t NonNMethodCodeHeapSize                   = 4096                                   {pd product} {ergonomic}
   size_t NonProfiledCodeHeapSize                  = 0                                      {pd product} {ergonomic}
     bool ProfileInterpreter                       = false                                  {pd product} {command line}
   size_t ProfiledCodeHeapSize                     = 0                                      {pd product} {ergonomic}
   size_t SoftMaxHeapSize                          = 1581252608                             {manageable} {ergonomic}
     intx TieredStopAtLevel                        = 1                                         {product} {command line}
     bool UseCompressedOops                        = true                           {product lp64_product} {ergonomic}
     bool UseCondCardMark                          = true                                      {product} {ergonomic}
     bool UseFastUnorderedTimeStamps               = true                                 {experimental} {ergonomic}
     bool UseG1GC                                  = true                                      {product} {ergonomic}
     bool UseLargePagesIndividualAllocation        = false                                  {pd product} {ergonomic}
      int X86ICacheSync                            = 2                                 {ARCH diagnostic} {ergonomic}

Logging:
Log output configuration:
 #0: stdout all=warning uptime,level,tags foldmultilines=false
 #1: stderr all=off uptime,level,tags foldmultilines=false

Release file:
IMPLEMENTOR="Eclipse Adoptium" 
IMPLEMENTOR_VERSION="Temurin-26.0.1+8" 
JAVA_RUNTIME_VERSION="26.0.1+8" 
JAVA_VERSION="26.0.1" 
JAVA_VERSION_DATE="2026-04-21" 
LIBC="default" 
MODULES="java.base java.compiler java.datatransfer java.xml java.prefs java.desktop java.instrument java.logging java.management java.security.sasl java.naming java.rmi java.management.rmi java.net.http java.scripting java.security.jgss java.transaction.xa java.sql java.sql.rowset java.xml.crypto java.se java.smartcardio jdk.accessibility jdk.internal.jvmstat jdk.attach jdk.charsets jdk.internal.opt jdk.zipfs jdk.compiler jdk.crypto.cryptoki jdk.crypto.ec jdk.crypto.mscapi jdk.dynalink jdk.internal.ed jdk.editpad jdk.internal.vm.ci jdk.graal.compiler jdk.graal.compiler.management jdk.hotspot.agent jdk.httpserver jdk.incubator.vector jdk.internal.le jdk.internal.md jdk.jartool jdk.javadoc jdk.jcmd jdk.management jdk.management.agent jdk.jconsole jdk.jdeps jdk.jdwp.agent jdk.jdi jdk.jfr jdk.jlink jdk.jpackage jdk.jshell jdk.jstatd jdk.localedata jdk.management.jfr jdk.naming.dns jdk.naming.rmi jdk.net jdk.nio.mapmode jdk.sctp jdk.security.auth jdk.security.jgss jdk.unsupported jdk.unsupported.desktop jdk.xml.dom" 
OS_ARCH="x86_64" 
OS_NAME="Windows" 
SOURCE=".:git:1cafccec39fb" 
BUILD_SOURCE="git:a612825ee82a20ac872d60958c349854c1f29a8e"
BUILD_SOURCE_REPO="https://github.com/adoptium/temurin-build.git"
SOURCE_REPO="https://github.com/adoptium/jdk26u.git"
FULL_VERSION="26.0.1+8"
SEMANTIC_VERSION="26.0.1+8"
BUILD_INFO="OS: Windows Server 2022 Version: 10.0"
JVM_VARIANT="Hotspot"
JVM_VERSION="26.0.1+8"
IMAGE_TYPE="JDK"

Environment Variables:
JAVA_HOME=C:\Users\Plaza Vespucio\AppData\Roaming\Code\User\globalStorage\pleiades.java-extension-pack-jdk\java\latest
JAVA_TOOL_OPTIONS=-Dstdout.encoding=UTF-8 -Dstderr.encoding=UTF-8
PATH=C:\Users\Plaza Vespucio\AppData\Roaming\Code\User\globalStorage\pleiades.java-extension-pack-jdk\gradle\latest\bin;C:\Users\Plaza Vespucio\AppData\Roaming\Code\User\globalStorage\pleiades.java-extension-pack-jdk\maven\latest\bin;C:\Users\Plaza Vespucio\AppData\Roaming\Code\User\globalStorage\pleiades.java-extension-pack-jdk\java\latest\bin;C:\Program Files (x86)\Common Files\Oracle\Java\javapath;C:\Program Files\Python314\Scripts\;C:\Program Files\Python314\;C:\WINDOWS\system32;C:\WINDOWS;C:\WINDOWS\System32\Wbem;C:\WINDOWS\System32\WindowsPowerShell\v1.0\;C:\WINDOWS\System32\OpenSSH\;C:\Program Files\dotnet\;C:\Program Files\Git\cmd;C:\Program Files\Amazon\AWSCLIV2\;C:\Users\Plaza Vespucio\AppData\Local\Microsoft\WindowsApps;C:\Users\Plaza Vespucio\AppData\Local\Programs\Microsoft VS Code\bin;C:\Program Files\Git\bin;C:\Program Files\Git\cmd;c:\Users\Plaza Vespucio\.vscode\extensions\vscjava.vscode-java-debug-0.59.0\bundled\scripts\noConfigScripts
USERNAME=Plaza Vespucio
LANG=es_ES.UTF-8
OS=Windows_NT
PROCESSOR_IDENTIFIER=AMD64 Family 23 Model 24 Stepping 1, AuthenticAMD
TMP=C:\Users\PLAZAV~1\AppData\Local\Temp
TEMP=C:\Users\PLAZAV~1\AppData\Local\Temp




Compilation memory statistics disabled.

Periodic native trim disabled

---------------  S Y S T E M  ---------------

OS:
 Windows 11 , 64 bit Build 26100 (10.0.26100.8521)
OS uptime: 0 days 12:07 hours
Hyper-V role detected

CPU: total 8 (initial active 8) (4 cores per cpu, 2 threads per core) family 23 model 24 stepping 1 microcode 0x810810e, cx8, cmov, fxsr, ht, mmx, 3dnowpref, sse, sse2, sse3, ssse3, sse4a, sse4.1, sse4.2, popcnt, lzcnt, tsc, tscinvbit, avx, avx2, aes, clmul, bmi1, bmi2, adx, sha, fma, vzeroupper, clflush, clflushopt, hv, rdtscp, f16c
Processor Information for the first 8 processors :
  Max Mhz: 2100, Current Mhz: 2100, Mhz Limit: 2100

Memory: 4k page, system-wide physical 6030M (406M free)
TotalPageFile size 14222M (AvailPageFile size 203M)
current process WorkingSet (physical memory assigned to process): 115M, peak: 120M
current process commit charge ("private bytes"): 155M, peak: 237M

vm_info: OpenJDK 64-Bit Server VM (26.0.1+8) for windows-amd64 JRE (26.0.1+8), built on 2026-04-21T00:00:00Z with MS VC++ 17.12 (VS2022)

END.
