#
# There is insufficient memory for the Java Runtime Environment to continue.
# Native memory allocation (malloc) failed to allocate 4679512 bytes. Error detail: Chunk::new
# Possible reasons:
#   The system is out of physical RAM or swap space
#   This process is running with CompressedOops enabled, and the Java Heap may be blocking the growth of the native heap
# Possible solutions:
#   Reduce memory load on the system
#   Increase physical memory or swap space
#   Check if swap backing store is full
#   Decrease Java heap size (-Xmx/-Xms)
#   Decrease number of Java threads
#   Decrease Java thread stack sizes (-Xss)
#   Set larger code cache with -XX:ReservedCodeCacheSize=
#   JVM is running with Unscaled Compressed Oops mode in which the Java heap is
#     placed in the first 4GB address space. The Java Heap base address is the
#     maximum limit for the native heap growth. Please use -XX:HeapBaseMinAddress
#     to set the Java Heap base and to place the Java Heap above 4GB virtual address.
# This output file may be truncated or incomplete.
#
#  Out of Memory Error (arena.cpp:193), pid=8788, tid=2984
#
# JRE version: OpenJDK Runtime Environment Temurin-26.0.1+8 (26.0.1+8) (build 26.0.1+8)
# Java VM: OpenJDK 64-Bit Server VM Temurin-26.0.1+8 (26.0.1+8, mixed mode, sharing, tiered, compressed oops, compressed class ptrs, g1 gc, windows-amd64)
# No core dump will be written. Minidumps are not enabled by default on client versions of Windows
#

---------------  S U M M A R Y ------------

Command Line: -Dstdout.encoding=UTF-8 -Dstderr.encoding=UTF-8 --enable-native-access=ALL-UNNAMED -Dclassworlds.conf=C:\Users\Plaza Vespucio\AppData\Roaming\Code\User\globalStorage\pleiades.java-extension-pack-jdk\maven\latest\bin\m2.conf -Dmaven.home=C:\Users\Plaza Vespucio\AppData\Roaming\Code\User\globalStorage\pleiades.java-extension-pack-jdk\maven\latest -Dlibrary.jansi.path=C:\Users\Plaza Vespucio\AppData\Roaming\Code\User\globalStorage\pleiades.java-extension-pack-jdk\maven\latest\lib\jansi-native -Dmaven.multiModuleProjectDirectory=C:\Users\Plaza Vespucio\Desktop\Centro_Medico\ms-historia-clinica -agentpath:C:\Program Files\Palo Alto Networks\Traps\cyjagent.dll org.codehaus.plexus.classworlds.launcher.Launcher clean compile spring-boot:run

Host: AMD Ryzen 5 3450U with Radeon Vega Mobile Gfx  , 8 cores, 5G,  Windows 11 , 64 bit Build 26100 (10.0.26100.8521)
Time: Wed Jul  8 14:02:31 2026 Hora est. Sudam廨ica Pac璗ico elapsed time: 9.913419 seconds (0d 0h 0m 9s)

---------------  T H R E A D  ---------------

Current thread (0x000001d87c0efeb0):  JavaThread "C2 CompilerThread0" daemon [_thread_in_native, id=2984, stack(0x0000005ad9400000,0x0000005ad9500000) (1024K)]


Current CompileTask:
C2:9915 4929       4       org.codehaus.plexus.interpolation.reflection.ReflectionValueExtractor::evaluate (242 bytes)

Stack: [0x0000005ad9400000,0x0000005ad9500000]
Native frames: (J=compiled Java code, j=interpreted, Vv=VM code, C=native code)
V  [jvm.dll+0x7db749]  (no source info available)
V  [jvm.dll+0x7a82bd]  (no source info available)
V  [jvm.dll+0xa44a60]  (no source info available)
V  [jvm.dll+0xa46eb1]  (no source info available)
V  [jvm.dll+0xa475c3]  (no source info available)
V  [jvm.dll+0x311a96]  (no source info available)
V  [jvm.dll+0x120316]  (no source info available)
V  [jvm.dll+0x12063e]  (no source info available)
V  [jvm.dll+0x1b2836]  (no source info available)
V  [jvm.dll+0x3ce802]  (no source info available)
V  [jvm.dll+0x7e430f]  (no source info available)
V  [jvm.dll+0x2d4597]  (no source info available)
V  [jvm.dll+0x2d350f]  (no source info available)
V  [jvm.dll+0x249670]  (no source info available)
V  [jvm.dll+0x2e363c]  (no source info available)
V  [jvm.dll+0x2e181d]  (no source info available)
V  [jvm.dll+0x4a82ae]  (no source info available)
V  [jvm.dll+0x9e3039]  (no source info available)
V  [jvm.dll+0x7dd228]  (no source info available)
C  [ucrtbase.dll+0x2cd30]  (no source info available)
C  [cyinjct.dll+0x11e7]  (no source info available)
C  [KERNEL32.DLL+0x2e957]  (no source info available)
C  [ntdll.dll+0x87c1c]  (no source info available)

Lock stack of current Java thread (top to bottom):


---------------  P R O C E S S  ---------------

Threads class SMR info:
_java_thread_list=0x000001d814209ea0, length=13, elements={
0x000001d86b8ca3b0, 0x000001d87c0d3c40, 0x000001d87c0d66a0, 0x000001d87c0dd720,
0x000001d87c0dfee0, 0x000001d87c0e07c0, 0x000001d87c0e1f00, 0x000001d87c0efeb0,
0x000001d87c1006c0, 0x000001d80f12fec0, 0x000001d80f133290, 0x000001d814101c50,
0x000001d81422d850
}

Java Threads: ( => current thread )
  0x000001d86b8ca3b0 JavaThread "main"                              [_thread_in_Java, id=12696, stack(0x0000005ad8500000,0x0000005ad8600000) (1024K)]
  0x000001d87c0d3c40 JavaThread "Reference Handler"          daemon [_thread_blocked, id=1972, stack(0x0000005ad8e00000,0x0000005ad8f00000) (1024K)]
  0x000001d87c0d66a0 JavaThread "Finalizer"                  daemon [_thread_blocked, id=9784, stack(0x0000005ad8f00000,0x0000005ad9000000) (1024K)]
  0x000001d87c0dd720 JavaThread "Signal Dispatcher"          daemon [_thread_blocked, id=16300, stack(0x0000005ad9000000,0x0000005ad9100000) (1024K)]
  0x000001d87c0dfee0 JavaThread "Attach Listener"            daemon [_thread_blocked, id=1416, stack(0x0000005ad9100000,0x0000005ad9200000) (1024K)]
  0x000001d87c0e07c0 JavaThread "Service Thread"             daemon [_thread_blocked, id=5644, stack(0x0000005ad9200000,0x0000005ad9300000) (1024K)]
  0x000001d87c0e1f00 JavaThread "Monitor Deflation Thread"   daemon [_thread_blocked, id=792, stack(0x0000005ad9300000,0x0000005ad9400000) (1024K)]
=>0x000001d87c0efeb0 JavaThread "C2 CompilerThread0"         daemon [_thread_in_native, id=2984, stack(0x0000005ad9400000,0x0000005ad9500000) (1024K)]
  0x000001d87c1006c0 JavaThread "C1 CompilerThread0"         daemon [_thread_blocked, id=11452, stack(0x0000005ad9500000,0x0000005ad9600000) (1024K)]
  0x000001d80f12fec0 JavaThread "Notification Thread"        daemon [_thread_blocked, id=8012, stack(0x0000005ad9600000,0x0000005ad9700000) (1024K)]
  0x000001d80f133290 JavaThread "Common-Cleaner"             daemon [_thread_blocked, id=14388, stack(0x0000005ad9700000,0x0000005ad9800000) (1024K)]
  0x000001d814101c50 JavaThread "C2 CompilerThread1"         daemon [_thread_in_native, id=14808, stack(0x0000005ad9800000,0x0000005ad9900000) (1024K)]
  0x000001d81422d850 JavaThread "Thread-1"                   daemon [_thread_blocked, id=9884, stack(0x0000005ada000000,0x0000005ada100000) (1024K)]
Total: 13

Other Threads:
  0x000001d87c0c2850 VMThread "VM Thread"                           [id=11016, stack(0x0000005ad8d00000,0x0000005ad8e00000) (1024K)]
  0x000001d87c0a6a10 WatcherThread "VM Periodic Task Thread"        [id=17248, stack(0x0000005ad8c00000,0x0000005ad8d00000) (1024K)]
  0x000001d86e256280 WorkerThread "GC Thread#0"                     [id=10720, stack(0x0000005ad8600000,0x0000005ad8700000) (1024K)]
  0x000001d80f6cbcb0 WorkerThread "GC Thread#1"                     [id=10028, stack(0x0000005ad9900000,0x0000005ad9a00000) (1024K)]
  0x000001d80fc58a30 WorkerThread "GC Thread#2"                     [id=17112, stack(0x0000005ad9a00000,0x0000005ad9b00000) (1024K)]
  0x000001d81441a440 WorkerThread "GC Thread#3"                     [id=16244, stack(0x0000005ad9c00000,0x0000005ad9d00000) (1024K)]
  0x000001d8146aa2f0 WorkerThread "GC Thread#4"                     [id=16964, stack(0x0000005ad9d00000,0x0000005ad9e00000) (1024K)]
  0x000001d814468fc0 WorkerThread "GC Thread#5"                     [id=12792, stack(0x0000005ad9e00000,0x0000005ad9f00000) (1024K)]
  0x000001d8145f3f80 WorkerThread "GC Thread#6"                     [id=16756, stack(0x0000005ad9f00000,0x0000005ada000000) (1024K)]
  0x000001d8149b4890 WorkerThread "GC Thread#7"                     [id=16748, stack(0x0000005ada100000,0x0000005ada200000) (1024K)]
  0x000001d86e269a50 ConcurrentGCThread "G1 Main Marker"            [id=14412, stack(0x0000005ad8700000,0x0000005ad8800000) (1024K)]
  0x000001d86e26cb80 WorkerThread "G1 Conc#0"                       [id=2304, stack(0x0000005ad8800000,0x0000005ad8900000) (1024K)]
  0x000001d80fc58440 WorkerThread "G1 Conc#1"                       [id=16568, stack(0x0000005ad9b00000,0x0000005ad9c00000) (1024K)]
  0x000001d86e2a8dc0 WorkerThread "G1 Refinement Workers#0"         [id=15452, stack(0x0000005ad8a00000,0x0000005ad8b00000) (1024K)]
  0x000001d86e2a7c60 ConcurrentGCThread "G1 Refine Control"         [id=17228, stack(0x0000005ad8900000,0x0000005ad8a00000) (1024K)]
  0x000001d87bf78090 ConcurrentGCThread "G1 Service"                [id=14528, stack(0x0000005ad8b00000,0x0000005ad8c00000) (1024K)]
Total: 16

Threads with active compile tasks:
C2 CompilerThread0  10117 4929       4       org.codehaus.plexus.interpolation.reflection.ReflectionValueExtractor::evaluate (242 bytes)
C2 CompilerThread1  10118 4930   !   4       org.codehaus.plexus.interpolation.ObjectBasedValueSource::getValue (66 bytes)
Total: 2

VM state: not at safepoint (normal execution)

VM Mutex/Monitor currently owned by a thread: None

Heap address: 0x00000000a1c00000, size: 1508 MB, Compressed Oops mode: 32-bit

CDS archive(s) mapped at: [0x000000001a000000-0x000000001ade0000-0x000000001ade0000), size 14548992, SharedBaseAddress: 0x000000001a000000, ArchiveRelocationMode: 1.
Compressed class space mapped at: 0x000000001b000000-0x000000005b000000, reserved size: 1073741824
UseCompressedClassPointers 1, UseCompactObjectHeaders 0
Narrow klass pointer bits 32, Max shift 3
Narrow klass base: 0x000000001a000000, Narrow klass shift: 0
Encoding Range: [0x000000001a000000 - 0x000000011a000000), (4294967296 bytes)
Klass Range:    [0x000000001a000000 - 0x000000005b000000), (1090519040 bytes)
Klass ID Range:  [8 - 1090519033) (1090519025)
Protection zone: [0x000000001a000000 - 0x000000001a010000), (65536 bytes)

GC Precious Log:
 CardTable entry size: 512
 Card Set container configuration: InlinePtr #cards 5 size 8 Array Of Cards #cards 10 size 36 Howl #buckets 4 coarsen threshold 1843 Howl Bitmap #cards 512 size 80 coarsen threshold 460 Card regions per heap region 1 cards per card region 2048
 CPUs: 8 total, 8 available
 Memory: 6030M
 Large Page Support: Disabled
 NUMA Support: Disabled
 Compressed Oops: Enabled (32-bit)
 Heap Region Size: 1M
 Heap Min Capacity: 8M
 Heap Initial Capacity: 8M
 Heap Max Capacity: 1508M
 Pre-touch: Disabled
 Parallel Workers: 8
 Concurrent Workers: 2
 Concurrent Refinement Workers: 8
 Periodic GC: Disabled

Heap:
 garbage-first heap   total reserved 1544192K, committed 89088K, used 36490K [0x00000000a1c00000, 0x0000000100000000)
  region size 1M, 19 eden (19M), 1 survivor (1M), 18 old (18M), 0 humongous (0M), 49 free (49M)

Heap Regions: E=young(eden), S=young(survivor), O=old, HS=humongous(starts), HC=humongous(continues), CS=collection set, F=free, TAMS=top-at-mark-start, PB=parsable bottom
|    0|0x00000000a1c00000, 0x00000000a1d00000, 0x00000000a1d00000|100%| O|  |TAMS 0x00000000a1c00000| PB 0x00000000a1c00000| Untracked |  0
|    1|0x00000000a1d00000, 0x00000000a1e00000, 0x00000000a1e00000|100%| O|  |TAMS 0x00000000a1d00000| PB 0x00000000a1d00000| Untracked |  0
|    2|0x00000000a1e00000, 0x00000000a1f00000, 0x00000000a1f00000|100%| O|  |TAMS 0x00000000a1e00000| PB 0x00000000a1e00000| Untracked |  0
|    3|0x00000000a1f00000, 0x00000000a2000000, 0x00000000a2000000|100%| O|  |TAMS 0x00000000a1f00000| PB 0x00000000a1f00000| Untracked |  0
|    4|0x00000000a2000000, 0x00000000a2100000, 0x00000000a2100000|100%| O|  |TAMS 0x00000000a2000000| PB 0x00000000a2000000| Untracked |  0
|    5|0x00000000a2100000, 0x00000000a2200000, 0x00000000a2200000|100%| O|  |TAMS 0x00000000a2100000| PB 0x00000000a2100000| Untracked |  0
|    6|0x00000000a2200000, 0x00000000a2300000, 0x00000000a2300000|100%| O|  |TAMS 0x00000000a2200000| PB 0x00000000a2200000| Untracked |  0
|    7|0x00000000a2300000, 0x00000000a2400000, 0x00000000a2400000|100%| O|  |TAMS 0x00000000a2300000| PB 0x00000000a2300000| Untracked |  0
|    8|0x00000000a2400000, 0x00000000a2500000, 0x00000000a2500000|100%| O|  |TAMS 0x00000000a2400000| PB 0x00000000a2400000| Untracked |  0
|    9|0x00000000a2500000, 0x00000000a2600000, 0x00000000a2600000|100%| O|  |TAMS 0x00000000a2500000| PB 0x00000000a2500000| Untracked |  0
|   10|0x00000000a2600000, 0x00000000a2700000, 0x00000000a2700000|100%| O|  |TAMS 0x00000000a2600000| PB 0x00000000a2600000| Untracked |  0
|   11|0x00000000a2700000, 0x00000000a2800000, 0x00000000a2800000|100%| O|  |TAMS 0x00000000a2700000| PB 0x00000000a2700000| Untracked |  0
|   12|0x00000000a2800000, 0x00000000a2900000, 0x00000000a2900000|100%| O|  |TAMS 0x00000000a2800000| PB 0x00000000a2800000| Untracked |  0
|   13|0x00000000a2900000, 0x00000000a2a00000, 0x00000000a2a00000|100%| O|  |TAMS 0x00000000a2900000| PB 0x00000000a2900000| Untracked |  0
|   14|0x00000000a2a00000, 0x00000000a2a00000, 0x00000000a2b00000|  0%| F|  |TAMS 0x00000000a2a00000| PB 0x00000000a2a00000| Untracked |  0
|   15|0x00000000a2b00000, 0x00000000a2c00000, 0x00000000a2c00000|100%| O|  |TAMS 0x00000000a2b00000| PB 0x00000000a2b00000| Untracked |  0
|   16|0x00000000a2c00000, 0x00000000a2d00000, 0x00000000a2d00000|100%| O|  |TAMS 0x00000000a2c00000| PB 0x00000000a2c00000| Untracked |  0
|   17|0x00000000a2d00000, 0x00000000a2d1e440, 0x00000000a2e00000| 11%| O|  |TAMS 0x00000000a2d00000| PB 0x00000000a2d00000| Untracked |  0
|   18|0x00000000a2e00000, 0x00000000a2e00000, 0x00000000a2f00000|  0%| F|  |TAMS 0x00000000a2e00000| PB 0x00000000a2e00000| Untracked |  0
|   19|0x00000000a2f00000, 0x00000000a2f00000, 0x00000000a3000000|  0%| F|  |TAMS 0x00000000a2f00000| PB 0x00000000a2f00000| Untracked |  0
|   20|0x00000000a3000000, 0x00000000a30847a0, 0x00000000a3100000| 51%| S|CS|TAMS 0x00000000a3000000| PB 0x00000000a3000000| Complete  |  0
|   21|0x00000000a3100000, 0x00000000a3100000, 0x00000000a3200000|  0%| F|  |TAMS 0x00000000a3100000| PB 0x00000000a3100000| Untracked |  0
|   22|0x00000000a3200000, 0x00000000a3200000, 0x00000000a3300000|  0%| F|  |TAMS 0x00000000a3200000| PB 0x00000000a3200000| Untracked |  0
|   23|0x00000000a3300000, 0x00000000a3300000, 0x00000000a3400000|  0%| F|  |TAMS 0x00000000a3300000| PB 0x00000000a3300000| Untracked |  0
|   24|0x00000000a3400000, 0x00000000a3400000, 0x00000000a3500000|  0%| F|  |TAMS 0x00000000a3400000| PB 0x00000000a3400000| Untracked |  0
|   25|0x00000000a3500000, 0x00000000a3500000, 0x00000000a3600000|  0%| F|  |TAMS 0x00000000a3500000| PB 0x00000000a3500000| Untracked |  0
|   26|0x00000000a3600000, 0x00000000a3600000, 0x00000000a3700000|  0%| F|  |TAMS 0x00000000a3600000| PB 0x00000000a3600000| Untracked |  0
|   27|0x00000000a3700000, 0x00000000a3700000, 0x00000000a3800000|  0%| F|  |TAMS 0x00000000a3700000| PB 0x00000000a3700000| Untracked |  0
|   28|0x00000000a3800000, 0x00000000a3800000, 0x00000000a3900000|  0%| F|  |TAMS 0x00000000a3800000| PB 0x00000000a3800000| Untracked |  0
|   29|0x00000000a3900000, 0x00000000a3900000, 0x00000000a3a00000|  0%| F|  |TAMS 0x00000000a3900000| PB 0x00000000a3900000| Untracked |  0
|   30|0x00000000a3a00000, 0x00000000a3a00000, 0x00000000a3b00000|  0%| F|  |TAMS 0x00000000a3a00000| PB 0x00000000a3a00000| Untracked |  0
|   31|0x00000000a3b00000, 0x00000000a3b00000, 0x00000000a3c00000|  0%| F|  |TAMS 0x00000000a3b00000| PB 0x00000000a3b00000| Untracked |  0
|   32|0x00000000a3c00000, 0x00000000a3c00000, 0x00000000a3d00000|  0%| F|  |TAMS 0x00000000a3c00000| PB 0x00000000a3c00000| Untracked |  0
|   33|0x00000000a3d00000, 0x00000000a3d00000, 0x00000000a3e00000|  0%| F|  |TAMS 0x00000000a3d00000| PB 0x00000000a3d00000| Untracked |  0
|   34|0x00000000a3e00000, 0x00000000a3e00000, 0x00000000a3f00000|  0%| F|  |TAMS 0x00000000a3e00000| PB 0x00000000a3e00000| Untracked |  0
|   35|0x00000000a3f00000, 0x00000000a3f00000, 0x00000000a4000000|  0%| F|  |TAMS 0x00000000a3f00000| PB 0x00000000a3f00000| Untracked |  0
|   36|0x00000000a4000000, 0x00000000a4000000, 0x00000000a4100000|  0%| F|  |TAMS 0x00000000a4000000| PB 0x00000000a4000000| Untracked |  0
|   37|0x00000000a4100000, 0x00000000a4100000, 0x00000000a4200000|  0%| F|  |TAMS 0x00000000a4100000| PB 0x00000000a4100000| Untracked |  0
|   38|0x00000000a4200000, 0x00000000a4200000, 0x00000000a4300000|  0%| F|  |TAMS 0x00000000a4200000| PB 0x00000000a4200000| Untracked |  0
|   39|0x00000000a4300000, 0x00000000a4300000, 0x00000000a4400000|  0%| F|  |TAMS 0x00000000a4300000| PB 0x00000000a4300000| Untracked |  0
|   40|0x00000000a4400000, 0x00000000a4400000, 0x00000000a4500000|  0%| F|  |TAMS 0x00000000a4400000| PB 0x00000000a4400000| Untracked |  0
|   41|0x00000000a4500000, 0x00000000a4500000, 0x00000000a4600000|  0%| F|  |TAMS 0x00000000a4500000| PB 0x00000000a4500000| Untracked |  0
|   42|0x00000000a4600000, 0x00000000a4600000, 0x00000000a4700000|  0%| F|  |TAMS 0x00000000a4600000| PB 0x00000000a4600000| Untracked |  0
|   43|0x00000000a4700000, 0x00000000a4700000, 0x00000000a4800000|  0%| F|  |TAMS 0x00000000a4700000| PB 0x00000000a4700000| Untracked |  0
|   44|0x00000000a4800000, 0x00000000a4800000, 0x00000000a4900000|  0%| F|  |TAMS 0x00000000a4800000| PB 0x00000000a4800000| Untracked |  0
|   45|0x00000000a4900000, 0x00000000a4900000, 0x00000000a4a00000|  0%| F|  |TAMS 0x00000000a4900000| PB 0x00000000a4900000| Untracked |  0
|   46|0x00000000a4a00000, 0x00000000a4a00000, 0x00000000a4b00000|  0%| F|  |TAMS 0x00000000a4a00000| PB 0x00000000a4a00000| Untracked |  0
|   47|0x00000000a4b00000, 0x00000000a4b00000, 0x00000000a4c00000|  0%| F|  |TAMS 0x00000000a4b00000| PB 0x00000000a4b00000| Untracked |  0
|   48|0x00000000a4c00000, 0x00000000a4c00000, 0x00000000a4d00000|  0%| F|  |TAMS 0x00000000a4c00000| PB 0x00000000a4c00000| Untracked |  0
|   49|0x00000000a4d00000, 0x00000000a4d00000, 0x00000000a4e00000|  0%| F|  |TAMS 0x00000000a4d00000| PB 0x00000000a4d00000| Untracked |  0
|   50|0x00000000a4e00000, 0x00000000a4e00000, 0x00000000a4f00000|  0%| F|  |TAMS 0x00000000a4e00000| PB 0x00000000a4e00000| Untracked |  0
|   51|0x00000000a4f00000, 0x00000000a4f00000, 0x00000000a5000000|  0%| F|  |TAMS 0x00000000a4f00000| PB 0x00000000a4f00000| Untracked |  0
|   52|0x00000000a5000000, 0x00000000a5000000, 0x00000000a5100000|  0%| F|  |TAMS 0x00000000a5000000| PB 0x00000000a5000000| Untracked |  0
|   53|0x00000000a5100000, 0x00000000a5100000, 0x00000000a5200000|  0%| F|  |TAMS 0x00000000a5100000| PB 0x00000000a5100000| Untracked |  0
|   54|0x00000000a5200000, 0x00000000a5200000, 0x00000000a5300000|  0%| F|  |TAMS 0x00000000a5200000| PB 0x00000000a5200000| Untracked |  0
|   55|0x00000000a5300000, 0x00000000a5300000, 0x00000000a5400000|  0%| F|  |TAMS 0x00000000a5300000| PB 0x00000000a5300000| Untracked |  0
|   56|0x00000000a5400000, 0x00000000a5400000, 0x00000000a5500000|  0%| F|  |TAMS 0x00000000a5400000| PB 0x00000000a5400000| Untracked |  0
|   57|0x00000000a5500000, 0x00000000a5500000, 0x00000000a5600000|  0%| F|  |TAMS 0x00000000a5500000| PB 0x00000000a5500000| Untracked |  0
|   58|0x00000000a5600000, 0x00000000a5600000, 0x00000000a5700000|  0%| F|  |TAMS 0x00000000a5600000| PB 0x00000000a5600000| Untracked |  0
|   59|0x00000000a5700000, 0x00000000a5700000, 0x00000000a5800000|  0%| F|  |TAMS 0x00000000a5700000| PB 0x00000000a5700000| Untracked |  0
|   60|0x00000000a5800000, 0x00000000a5800000, 0x00000000a5900000|  0%| F|  |TAMS 0x00000000a5800000| PB 0x00000000a5800000| Untracked |  0
|   61|0x00000000a5900000, 0x00000000a5900000, 0x00000000a5a00000|  0%| F|  |TAMS 0x00000000a5900000| PB 0x00000000a5900000| Untracked |  0
|   62|0x00000000a5a00000, 0x00000000a5a00000, 0x00000000a5b00000|  0%| F|  |TAMS 0x00000000a5a00000| PB 0x00000000a5a00000| Untracked |  0
|   63|0x00000000a5b00000, 0x00000000a5b00000, 0x00000000a5c00000|  0%| F|  |TAMS 0x00000000a5b00000| PB 0x00000000a5b00000| Untracked |  0
|   64|0x00000000a5c00000, 0x00000000a5c00000, 0x00000000a5d00000|  0%| F|  |TAMS 0x00000000a5c00000| PB 0x00000000a5c00000| Untracked |  0
|   65|0x00000000a5d00000, 0x00000000a5da3190, 0x00000000a5e00000| 63%| E|CS|TAMS 0x00000000a5d00000| PB 0x00000000a5d00000| Complete  |  0
|   66|0x00000000a5e00000, 0x00000000a5f00000, 0x00000000a5f00000|100%| E|CS|TAMS 0x00000000a5e00000| PB 0x00000000a5e00000| Complete  |  0
|   67|0x00000000a5f00000, 0x00000000a6000000, 0x00000000a6000000|100%| E|CS|TAMS 0x00000000a5f00000| PB 0x00000000a5f00000| Complete  |  0
|   68|0x00000000a6000000, 0x00000000a6100000, 0x00000000a6100000|100%| E|CS|TAMS 0x00000000a6000000| PB 0x00000000a6000000| Complete  |  0
|   69|0x00000000a6100000, 0x00000000a6200000, 0x00000000a6200000|100%| E|CS|TAMS 0x00000000a6100000| PB 0x00000000a6100000| Complete  |  0
|   70|0x00000000a6200000, 0x00000000a6300000, 0x00000000a6300000|100%| E|CS|TAMS 0x00000000a6200000| PB 0x00000000a6200000| Complete  |  0
|   71|0x00000000a6300000, 0x00000000a6400000, 0x00000000a6400000|100%| E|CS|TAMS 0x00000000a6300000| PB 0x00000000a6300000| Complete  |  0
|   72|0x00000000a6400000, 0x00000000a6500000, 0x00000000a6500000|100%| E|CS|TAMS 0x00000000a6400000| PB 0x00000000a6400000| Complete  |  0
|   73|0x00000000a6500000, 0x00000000a6600000, 0x00000000a6600000|100%| E|CS|TAMS 0x00000000a6500000| PB 0x00000000a6500000| Complete  |  0
|   74|0x00000000a6600000, 0x00000000a6700000, 0x00000000a6700000|100%| E|CS|TAMS 0x00000000a6600000| PB 0x00000000a6600000| Complete  |  0
|   75|0x00000000a6700000, 0x00000000a6800000, 0x00000000a6800000|100%| E|CS|TAMS 0x00000000a6700000| PB 0x00000000a6700000| Complete  |  0
|   76|0x00000000a6800000, 0x00000000a6900000, 0x00000000a6900000|100%| E|CS|TAMS 0x00000000a6800000| PB 0x00000000a6800000| Complete  |  0
|   77|0x00000000a6900000, 0x00000000a6a00000, 0x00000000a6a00000|100%| E|CS|TAMS 0x00000000a6900000| PB 0x00000000a6900000| Complete  |  0
|   78|0x00000000a6a00000, 0x00000000a6b00000, 0x00000000a6b00000|100%| E|CS|TAMS 0x00000000a6a00000| PB 0x00000000a6a00000| Complete  |  0
|   79|0x00000000a6b00000, 0x00000000a6c00000, 0x00000000a6c00000|100%| E|CS|TAMS 0x00000000a6b00000| PB 0x00000000a6b00000| Complete  |  0
|   80|0x00000000a6c00000, 0x00000000a6d00000, 0x00000000a6d00000|100%| E|CS|TAMS 0x00000000a6c00000| PB 0x00000000a6c00000| Complete  |  0
|   81|0x00000000a6d00000, 0x00000000a6e00000, 0x00000000a6e00000|100%| E|CS|TAMS 0x00000000a6d00000| PB 0x00000000a6d00000| Complete  |  0
|   82|0x00000000a6e00000, 0x00000000a6f00000, 0x00000000a6f00000|100%| E|CS|TAMS 0x00000000a6e00000| PB 0x00000000a6e00000| Complete  |  0
|   83|0x00000000a6f00000, 0x00000000a7000000, 0x00000000a7000000|100%| E|CS|TAMS 0x00000000a6f00000| PB 0x00000000a6f00000| Complete  |  0
|   84|0x00000000a7000000, 0x00000000a7100000, 0x00000000a7100000|100%| E|CS|TAMS 0x00000000a7000000| PB 0x00000000a7000000| Complete  |  0
| 1506|0x00000000ffe00000, 0x00000000fff00000, 0x00000000fff00000|100%| O|  |TAMS 0x00000000ffe00000| PB 0x00000000ffe00000| Untracked |  0
| 1507|0x00000000fff00000, 0x0000000100000000, 0x0000000100000000|100%| E|CS|TAMS 0x00000000fff00000| PB 0x00000000fff00000| Complete  |  0

Card table byte_map: [0x000001d877c50000,0x000001d877f50000] _byte_map_base: 0x000001d877742000
Refinement table byte_map: [0x000001d877950000,0x000001d877c50000] _byte_map_base: 0x000001d877442000

Marking Bits: (CMBitMap*) 0x000001d86e256800
 Bits: [0x000001d877f50000, 0x000001d8796e0000)

Polling page: 0x000001d86be20000

Metaspace:
Metaspace        used 16449K, committed 16704K, reserved 1114112K
 class space     used 1934K, committed 2048K, reserved 1048576K

Usage:
  Non-class:     14.17 MB used.
      Class:      1.89 MB used.
       Both:     16.06 MB used.

Virtual space:
  Non-class space:       64.00 MB reserved,      14.31 MB ( 22%) committed,  1 nodes.
      Class space:        1.00 GB reserved,       2.00 MB ( <1%) committed,  1 nodes.
             Both:        1.06 GB reserved,      16.31 MB (  1%) committed. 

Chunk freelists:
   Non-Class:  1.67 MB
       Class:  13.86 MB
        Both:  15.53 MB

MaxMetaspaceSize: unlimited
CompressedClassSpaceSize: 1.00 GB
Initial GC threshold: 21.00 MB
Current GC threshold: 26.88 MB
CDS: on
 - commit_granule_bytes: 65536.
 - commit_granule_words: 8192.
 - virtual_space_node_default_size: 8388608.
 - enlarge_chunks_in_place: 1.
UseCompressedClassPointers 1, UseCompactObjectHeaders 0
Narrow klass pointer bits 32, Max shift 3
Narrow klass base: 0x000000001a000000, Narrow klass shift: 0
Encoding Range: [0x000000001a000000 - 0x000000011a000000), (4294967296 bytes)
Klass Range:    [0x000000001a000000 - 0x000000005b000000), (1090519040 bytes)
Klass ID Range:  [8 - 1090519033) (1090519025)
Protection zone: [0x000000001a000000 - 0x000000001a010000), (65536 bytes)


Internal statistics:

num_allocs_failed_limit: 0.
num_arena_births: 136.
num_arena_deaths: 0.
num_vsnodes_births: 2.
num_vsnodes_deaths: 0.
num_space_committed: 261.
num_space_uncommitted: 0.
num_chunks_returned_to_freelist: 0.
num_chunks_taken_from_freelist: 677.
num_chunk_merges: 0.
num_chunk_splits: 473.
num_chunks_enlarged: 388.
num_inconsistent_stats: 0.

CodeHeap 'non-profiled nmethods': size=120064Kb used=1637Kb max_used=1637Kb free=118426Kb
 bounds [0x000001d807ae0000, 0x000001d807d50000, 0x000001d80f020000]
CodeHeap 'profiled nmethods': size=120064Kb used=6903Kb max_used=6903Kb free=113161Kb
 bounds [0x000001d800000000, 0x000001d8006c0000, 0x000001d807540000]
CodeHeap 'non-nmethods': size=5760Kb used=1417Kb max_used=1572Kb free=4342Kb
 bounds [0x000001d807540000, 0x000001d8077b0000, 0x000001d807ae0000]
CodeCache: size=245888Kb, used=9957Kb, max_used=10112Kb, free=235929Kb
 total_blobs=4872, nmethods=4354, adapters=419, full_count=0
Compilation: enabled, stopped_count=0, restarted_count=0

Compilation events (20 events):
Event: 7.863 Thread 0x000001d87c1006c0 nmethod 4936 0x000001d807c2a808 code [0x000001d807c2a900, 0x000001d807c2a9b8]
Event: 7.866 Thread 0x000001d87c1006c0 4937       3       org.eclipse.aether.graph.Dependency$Exclusions::iterator (9 bytes)
Event: 7.866 Thread 0x000001d87c1006c0 nmethod 4937 0x000001d80049b688 code [0x000001d80049b780, 0x000001d80049b9e0]
Event: 7.866 Thread 0x000001d87c1006c0 4938       3       org.eclipse.aether.graph.Dependency$Exclusions$1::<init> (15 bytes)
Event: 7.866 Thread 0x000001d87c1006c0 nmethod 4938 0x000001d8001d5c08 code [0x000001d8001d5d00, 0x000001d8001d5eb0]
Event: 7.871 Thread 0x000001d87c1006c0 4939   !   3       sun.nio.fs.WindowsPath::toAbsolutePath (41 bytes)
Event: 7.872 Thread 0x000001d87c1006c0 nmethod 4939 0x000001d80004f488 code [0x000001d80004f580, 0x000001d80004fab0]
Event: 7.883 Thread 0x000001d87c1006c0 4940       3       org.apache.maven.model.InputLocation::merge (121 bytes)
Event: 7.885 Thread 0x000001d87c1006c0 nmethod 4940 0x000001d800294708 code [0x000001d800294800, 0x000001d800295558]
Event: 7.886 Thread 0x000001d87c1006c0 4942       3       org.codehaus.plexus.interpolation.StringSearchInterpolator::addPostProcessor (12 bytes)
Event: 7.886 Thread 0x000001d87c1006c0 nmethod 4942 0x000001d8001d8988 code [0x000001d8001d8a80, 0x000001d8001d8c48]
Event: 7.908 Thread 0x000001d87c1006c0 4943       3       org.apache.maven.model.building.DefaultModelBuildingRequest::setModelResolver (6 bytes)
Event: 7.908 Thread 0x000001d87c1006c0 nmethod 4943 0x000001d8001d9188 code [0x000001d8001d9280, 0x000001d8001d9440]
Event: 7.908 Thread 0x000001d87c1006c0 4944       3       org.apache.maven.model.building.DefaultModelBuildingRequest::setModelResolver (7 bytes)
Event: 7.909 Thread 0x000001d87c1006c0 nmethod 4944 0x000001d8001e5e08 code [0x000001d8001e5f00, 0x000001d8001e6048]
Event: 7.909 Thread 0x000001d87c1006c0 4945       3       org.apache.maven.model.io.xpp3.MavenXpp3Reader::<init> (12 bytes)
Event: 7.909 Thread 0x000001d87c1006c0 nmethod 4945 0x000001d8001ef008 code [0x000001d8001ef100, 0x000001d8001ef420]
Event: 7.909 Thread 0x000001d87c1006c0 4947       3       org.apache.maven.model.io.xpp3.MavenXpp3Reader::read (149 bytes)
Event: 8.903 Thread 0x000001d87c1006c0 nmethod 4947 0x000001d800055608 code [0x000001d800055700, 0x000001d800056888]
Event: 8.903 Thread 0x000001d87c1006c0 4946       3       org.apache.maven.model.io.xpp3.MavenXpp3Reader$1::<init> (5 bytes)

GC Heap Usage History (20 events):
Event: 4.624 {heap Before GC invocations=21 (full 0):
 garbage-first heap   total reserved 1544192K, committed 28672K, used 23394K [0x00000000a1c00000, 0x0000000100000000)
  region size 1M, 13 eden (13M), 1 survivor (1M), 9 old (9M), 0 humongous (0M), 5 free (5M)
}
Event: 4.629 {heap After GC invocations=22 (full 0):
 garbage-first heap   total reserved 1544192K, committed 28672K, used 11786K [0x00000000a1c00000, 0x0000000100000000)
  region size 1M, 0 eden (0M), 2 survivor (2M), 10 old (10M), 0 humongous (0M), 16 free (16M)
}
Event: 4.878 {heap Before GC invocations=22 (full 0):
 garbage-first heap   total reserved 1544192K, committed 28672K, used 24074K [0x00000000a1c00000, 0x0000000100000000)
  region size 1M, 12 eden (12M), 2 survivor (2M), 10 old (10M), 0 humongous (0M), 4 free (4M)
}
Event: 4.892 {heap After GC invocations=23 (full 0):
 garbage-first heap   total reserved 1544192K, committed 29696K, used 13427K [0x00000000a1c00000, 0x0000000100000000)
  region size 1M, 0 eden (0M), 2 survivor (2M), 12 old (12M), 0 humongous (0M), 15 free (15M)
}
Event: 5.303 {heap Before GC invocations=23 (full 0):
 garbage-first heap   total reserved 1544192K, committed 29696K, used 23667K [0x00000000a1c00000, 0x0000000100000000)
  region size 1M, 11 eden (11M), 2 survivor (2M), 12 old (12M), 0 humongous (0M), 4 free (4M)
}
Event: 5.310 {heap After GC invocations=24 (full 0):
 garbage-first heap   total reserved 1544192K, committed 29696K, used 15248K [0x00000000a1c00000, 0x0000000100000000)
  region size 1M, 0 eden (0M), 2 survivor (2M), 13 old (13M), 0 humongous (0M), 14 free (14M)
}
Event: 5.639 {heap Before GC invocations=24 (full 0):
 garbage-first heap   total reserved 1544192K, committed 29696K, used 25488K [0x00000000a1c00000, 0x0000000100000000)
  region size 1M, 10 eden (10M), 2 survivor (2M), 13 old (13M), 0 humongous (0M), 4 free (4M)
}
Event: 5.643 {heap After GC invocations=25 (full 0):
 garbage-first heap   total reserved 1544192K, committed 29696K, used 15770K [0x00000000a1c00000, 0x0000000100000000)
  region size 1M, 0 eden (0M), 1 survivor (1M), 15 old (15M), 0 humongous (0M), 13 free (13M)
}
Event: 5.927 {heap Before GC invocations=25 (full 0):
 garbage-first heap   total reserved 1544192K, committed 29696K, used 24986K [0x00000000a1c00000, 0x0000000100000000)
  region size 1M, 9 eden (9M), 1 survivor (1M), 15 old (15M), 0 humongous (0M), 4 free (4M)
}
Event: 5.931 {heap After GC invocations=26 (full 0):
 garbage-first heap   total reserved 1544192K, committed 29696K, used 15892K [0x00000000a1c00000, 0x0000000100000000)
  region size 1M, 0 eden (0M), 1 survivor (1M), 15 old (15M), 0 humongous (0M), 13 free (13M)
}
Event: 6.284 {heap Before GC invocations=27 (full 0):
 garbage-first heap   total reserved 1544192K, committed 29696K, used 26132K [0x00000000a1c00000, 0x0000000100000000)
  region size 1M, 10 eden (10M), 1 survivor (1M), 15 old (15M), 0 humongous (0M), 3 free (3M)
}
Event: 6.286 {heap After GC invocations=28 (full 0):
 garbage-first heap   total reserved 1544192K, committed 29696K, used 16170K [0x00000000a1c00000, 0x0000000100000000)
  region size 1M, 0 eden (0M), 2 survivor (2M), 15 old (15M), 0 humongous (0M), 12 free (12M)
}
Event: 6.644 {heap Before GC invocations=28 (full 0):
 garbage-first heap   total reserved 1544192K, committed 29696K, used 25386K [0x00000000a1c00000, 0x0000000100000000)
  region size 1M, 9 eden (9M), 2 survivor (2M), 15 old (15M), 0 humongous (0M), 3 free (3M)
}
Event: 6.655 {heap After GC invocations=29 (full 0):
 garbage-first heap   total reserved 1544192K, committed 29696K, used 17178K [0x00000000a1c00000, 0x0000000100000000)
  region size 1M, 0 eden (0M), 2 survivor (2M), 15 old (15M), 0 humongous (0M), 12 free (12M)
}
Event: 7.111 {heap Before GC invocations=29 (full 0):
 garbage-first heap   total reserved 1544192K, committed 29696K, used 26394K [0x00000000a1c00000, 0x0000000100000000)
  region size 1M, 9 eden (9M), 2 survivor (2M), 15 old (15M), 0 humongous (0M), 3 free (3M)
}
Event: 7.117 {heap After GC invocations=30 (full 0):
 garbage-first heap   total reserved 1544192K, committed 29696K, used 17246K [0x00000000a1c00000, 0x0000000100000000)
  region size 1M, 0 eden (0M), 1 survivor (1M), 17 old (17M), 0 humongous (0M), 11 free (11M)
}
Event: 7.454 {heap Before GC invocations=31 (full 0):
 garbage-first heap   total reserved 1544192K, committed 29696K, used 25438K [0x00000000a1c00000, 0x0000000100000000)
  region size 1M, 8 eden (8M), 1 survivor (1M), 17 old (17M), 0 humongous (0M), 3 free (3M)
}
Event: 7.459 {heap After GC invocations=32 (full 0):
 garbage-first heap   total reserved 1544192K, committed 29696K, used 18205K [0x00000000a1c00000, 0x0000000100000000)
  region size 1M, 0 eden (0M), 2 survivor (2M), 17 old (17M), 0 humongous (0M), 10 free (10M)
}
Event: 7.679 {heap Before GC invocations=32 (full 0):
 garbage-first heap   total reserved 1544192K, committed 29696K, used 25373K [0x00000000a1c00000, 0x0000000100000000)
  region size 1M, 7 eden (7M), 2 survivor (2M), 17 old (17M), 0 humongous (0M), 3 free (3M)
}
Event: 7.688 {heap After GC invocations=33 (full 0):
 garbage-first heap   total reserved 1544192K, committed 89088K, used 18058K [0x00000000a1c00000, 0x0000000100000000)
  region size 1M, 0 eden (0M), 1 survivor (1M), 18 old (18M), 0 humongous (0M), 68 free (68M)
}

Metaspace Usage History (20 events):
Event: 4.624 {metaspace Before GC invocations=21 (full 0):
 Metaspace       used 15139K, committed 15360K, reserved 1114112K
  class space    used 1851K, committed 1920K, reserved 1048576K
}
Event: 4.629 {metaspace After GC invocations=22 (full 0):
 Metaspace       used 15139K, committed 15360K, reserved 1114112K
  class space    used 1851K, committed 1920K, reserved 1048576K
}
Event: 4.878 {metaspace Before GC invocations=22 (full 0):
 Metaspace       used 15596K, committed 15808K, reserved 1114112K
  class space    used 1900K, committed 1984K, reserved 1048576K
}
Event: 4.892 {metaspace After GC invocations=23 (full 0):
 Metaspace       used 15596K, committed 15808K, reserved 1114112K
  class space    used 1900K, committed 1984K, reserved 1048576K
}
Event: 5.303 {metaspace Before GC invocations=23 (full 0):
 Metaspace       used 15833K, committed 16000K, reserved 1114112K
  class space    used 1925K, committed 1984K, reserved 1048576K
}
Event: 5.310 {metaspace After GC invocations=24 (full 0):
 Metaspace       used 15833K, committed 16000K, reserved 1114112K
  class space    used 1925K, committed 1984K, reserved 1048576K
}
Event: 5.639 {metaspace Before GC invocations=24 (full 0):
 Metaspace       used 15894K, committed 16064K, reserved 1114112K
  class space    used 1927K, committed 1984K, reserved 1048576K
}
Event: 5.643 {metaspace After GC invocations=25 (full 0):
 Metaspace       used 15894K, committed 16064K, reserved 1114112K
  class space    used 1927K, committed 1984K, reserved 1048576K
}
Event: 5.927 {metaspace Before GC invocations=25 (full 0):
 Metaspace       used 15978K, committed 16192K, reserved 1114112K
  class space    used 1928K, committed 2048K, reserved 1048576K
}
Event: 5.931 {metaspace After GC invocations=26 (full 0):
 Metaspace       used 15978K, committed 16192K, reserved 1114112K
  class space    used 1928K, committed 2048K, reserved 1048576K
}
Event: 6.284 {metaspace Before GC invocations=27 (full 0):
 Metaspace       used 16114K, committed 16384K, reserved 1114112K
  class space    used 1928K, committed 2048K, reserved 1048576K
}
Event: 6.286 {metaspace After GC invocations=28 (full 0):
 Metaspace       used 16114K, committed 16384K, reserved 1114112K
  class space    used 1928K, committed 2048K, reserved 1048576K
}
Event: 6.644 {metaspace Before GC invocations=28 (full 0):
 Metaspace       used 16177K, committed 16384K, reserved 1114112K
  class space    used 1930K, committed 2048K, reserved 1048576K
}
Event: 6.655 {metaspace After GC invocations=29 (full 0):
 Metaspace       used 16177K, committed 16384K, reserved 1114112K
  class space    used 1930K, committed 2048K, reserved 1048576K
}
Event: 7.111 {metaspace Before GC invocations=29 (full 0):
 Metaspace       used 16282K, committed 16512K, reserved 1114112K
  class space    used 1930K, committed 2048K, reserved 1048576K
}
Event: 7.117 {metaspace After GC invocations=30 (full 0):
 Metaspace       used 16282K, committed 16512K, reserved 1114112K
  class space    used 1930K, committed 2048K, reserved 1048576K
}
Event: 7.454 {metaspace Before GC invocations=31 (full 0):
 Metaspace       used 16334K, committed 16576K, reserved 1114112K
  class space    used 1934K, committed 2048K, reserved 1048576K
}
Event: 7.459 {metaspace After GC invocations=32 (full 0):
 Metaspace       used 16334K, committed 16576K, reserved 1114112K
  class space    used 1934K, committed 2048K, reserved 1048576K
}
Event: 7.679 {metaspace Before GC invocations=32 (full 0):
 Metaspace       used 16342K, committed 16576K, reserved 1114112K
  class space    used 1934K, committed 2048K, reserved 1048576K
}
Event: 7.688 {metaspace After GC invocations=33 (full 0):
 Metaspace       used 16342K, committed 16576K, reserved 1114112K
  class space    used 1934K, committed 2048K, reserved 1048576K
}

Dll operation events (14 events):
Event: 0.031 Attempting to load shared library C:\Users\Plaza Vespucio\AppData\Roaming\Code\User\globalStorage\pleiades.java-extension-pack-jdk\java\latest\bin\java.dll
Event: 0.036 Loaded shared library C:\Users\Plaza Vespucio\AppData\Roaming\Code\User\globalStorage\pleiades.java-extension-pack-jdk\java\latest\bin\java.dll
Event: 0.150 Attempting to load shared library C:\Users\Plaza Vespucio\AppData\Roaming\Code\User\globalStorage\pleiades.java-extension-pack-jdk\java\latest\bin\net.dll
Event: 0.151 Loaded shared library C:\Users\Plaza Vespucio\AppData\Roaming\Code\User\globalStorage\pleiades.java-extension-pack-jdk\java\latest\bin\net.dll
Event: 0.156 Attempting to load shared library C:\Users\Plaza Vespucio\AppData\Roaming\Code\User\globalStorage\pleiades.java-extension-pack-jdk\java\latest\bin\nio.dll
Event: 0.157 Loaded shared library C:\Users\Plaza Vespucio\AppData\Roaming\Code\User\globalStorage\pleiades.java-extension-pack-jdk\java\latest\bin\nio.dll
Event: 0.171 Attempting to load shared library C:\Users\Plaza Vespucio\AppData\Roaming\Code\User\globalStorage\pleiades.java-extension-pack-jdk\java\latest\bin\zip.dll
Event: 0.173 Loaded shared library C:\Users\Plaza Vespucio\AppData\Roaming\Code\User\globalStorage\pleiades.java-extension-pack-jdk\java\latest\bin\zip.dll
Event: 0.600 Attempting to load shared library C:\Users\Plaza Vespucio\AppData\Roaming\Code\User\globalStorage\pleiades.java-extension-pack-jdk\maven\latest\lib\jansi-native\Windows\x86_64\jansi.dll
Event: 0.603 Loaded shared library C:\Users\Plaza Vespucio\AppData\Roaming\Code\User\globalStorage\pleiades.java-extension-pack-jdk\maven\latest\lib\jansi-native\Windows\x86_64\jansi.dll
Event: 0.605 Attempting to load shared library C:\Users\Plaza Vespucio\AppData\Roaming\Code\User\globalStorage\pleiades.java-extension-pack-jdk\java\latest\bin\jimage.dll
Event: 0.605 Loaded shared library C:\Users\Plaza Vespucio\AppData\Roaming\Code\User\globalStorage\pleiades.java-extension-pack-jdk\java\latest\bin\jimage.dll
Event: 0.647 Attempting to load shared library C:\Users\Plaza Vespucio\AppData\Roaming\Code\User\globalStorage\pleiades.java-extension-pack-jdk\java\latest\bin\verify.dll
Event: 0.650 Loaded shared library C:\Users\Plaza Vespucio\AppData\Roaming\Code\User\globalStorage\pleiades.java-extension-pack-jdk\java\latest\bin\verify.dll

Deoptimization events (20 events):
Event: 7.598 Thread 0x000001d86b8ca3b0 Uncommon trap: trap_request=0xffffff6e fr.pc=0x000001d807b9a798 relative=0x0000000000000198
Event: 7.598 Thread 0x000001d86b8ca3b0 Uncommon trap: reason=predicate action=maybe_recompile pc=0x000001d807b9a798 method=java.util.HashMap.keysToArray([Ljava/lang/Object;)[Ljava/lang/Object; @ 48 c2
Event: 7.598 Thread 0x000001d86b8ca3b0 DEOPT PACKING pc=0x000001d807b9a798 sp=0x0000005ad85fc960
Event: 7.598 Thread 0x000001d86b8ca3b0 DEOPT UNPACKING pc=0x000001d807661302 sp=0x0000005ad85fc8e8 mode 2
Event: 7.616 Thread 0x000001d86b8ca3b0 Uncommon trap: trap_request=0xffffffd6 fr.pc=0x000001d807bcc890 relative=0x0000000000000290
Event: 7.616 Thread 0x000001d86b8ca3b0 Uncommon trap: reason=array_check action=maybe_recompile pc=0x000001d807bcc890 method=java.util.HashMap.keysToArray([Ljava/lang/Object;)[Ljava/lang/Object; @ 62 c2
Event: 7.616 Thread 0x000001d86b8ca3b0 DEOPT PACKING pc=0x000001d807bcc890 sp=0x0000005ad85fc4e0
Event: 7.616 Thread 0x000001d86b8ca3b0 DEOPT UNPACKING pc=0x000001d807661302 sp=0x0000005ad85fc458 mode 2
Event: 7.616 Thread 0x000001d86b8ca3b0 Uncommon trap: trap_request=0xffffffd6 fr.pc=0x000001d807bcc890 relative=0x0000000000000290
Event: 7.616 Thread 0x000001d86b8ca3b0 Uncommon trap: reason=array_check action=maybe_recompile pc=0x000001d807bcc890 method=java.util.HashMap.keysToArray([Ljava/lang/Object;)[Ljava/lang/Object; @ 62 c2
Event: 7.616 Thread 0x000001d86b8ca3b0 DEOPT PACKING pc=0x000001d807bcc890 sp=0x0000005ad85fc4e0
Event: 7.616 Thread 0x000001d86b8ca3b0 DEOPT UNPACKING pc=0x000001d807661302 sp=0x0000005ad85fc458 mode 2
Event: 7.616 Thread 0x000001d86b8ca3b0 Uncommon trap: trap_request=0xffffffd6 fr.pc=0x000001d807bcc890 relative=0x0000000000000290
Event: 7.616 Thread 0x000001d86b8ca3b0 Uncommon trap: reason=array_check action=maybe_recompile pc=0x000001d807bcc890 method=java.util.HashMap.keysToArray([Ljava/lang/Object;)[Ljava/lang/Object; @ 62 c2
Event: 7.616 Thread 0x000001d86b8ca3b0 DEOPT PACKING pc=0x000001d807bcc890 sp=0x0000005ad85fc4e0
Event: 7.616 Thread 0x000001d86b8ca3b0 DEOPT UNPACKING pc=0x000001d807661302 sp=0x0000005ad85fc458 mode 2
Event: 7.616 Thread 0x000001d86b8ca3b0 Uncommon trap: trap_request=0xffffffd6 fr.pc=0x000001d807bcc890 relative=0x0000000000000290
Event: 7.616 Thread 0x000001d86b8ca3b0 Uncommon trap: reason=array_check action=maybe_recompile pc=0x000001d807bcc890 method=java.util.HashMap.keysToArray([Ljava/lang/Object;)[Ljava/lang/Object; @ 62 c2
Event: 7.616 Thread 0x000001d86b8ca3b0 DEOPT PACKING pc=0x000001d807bcc890 sp=0x0000005ad85fc4e0
Event: 7.616 Thread 0x000001d86b8ca3b0 DEOPT UNPACKING pc=0x000001d807661302 sp=0x0000005ad85fc458 mode 2

Classes loaded (20 events):
Event: 3.924 Loading class java/lang/invoke/ClassSpecializer$Factory$1
Event: 3.924 Loading class java/lang/invoke/ClassSpecializer$Factory$1 done
Event: 3.924 Loading class java/lang/invoke/ClassSpecializer$Factory$1$1
Event: 3.924 Loading class java/lang/invoke/ClassSpecializer$Factory$1$1 done
Event: 3.924 Loading class java/lang/invoke/ClassSpecializer$Factory$1$1Var
Event: 3.925 Loading class java/lang/invoke/ClassSpecializer$Factory$1$1Var done
Event: 3.925 Loading class java/lang/invoke/ClassSpecializer$Factory$1$2
Event: 3.925 Loading class java/lang/invoke/ClassSpecializer$Factory$1$2 done
Event: 3.925 Loading class java/lang/invoke/ClassSpecializer$Factory$1$3
Event: 3.925 Loading class java/lang/invoke/ClassSpecializer$Factory$1$3 done
Event: 3.925 Loading class java/lang/invoke/ClassSpecializer$Factory$1$4
Event: 3.925 Loading class java/lang/invoke/ClassSpecializer$Factory$1$4 done
Event: 3.926 Loading class java/lang/invoke/ClassSpecializer$Factory$1$5
Event: 3.926 Loading class java/lang/invoke/ClassSpecializer$Factory$1$5 done
Event: 3.926 Loading class java/lang/invoke/ClassSpecializer$Factory$1$5$1
Event: 3.926 Loading class java/lang/invoke/ClassSpecializer$Factory$1$5$1 done
Event: 3.972 Loading class java/util/stream/Streams$RangeIntSpliterator
Event: 3.972 Loading class java/util/stream/Streams$RangeIntSpliterator done
Event: 6.287 Loading class sun/nio/cs/ISO_8859_1$Decoder
Event: 6.288 Loading class sun/nio/cs/ISO_8859_1$Decoder done

Classes unloaded (0 events):
No events

Classes redefined (5 events):
Event: 0.114 Thread 0x000001d87c0c2850 redefined class name=java.io.FileOutputStream, count=1
Event: 0.116 Thread 0x000001d87c0c2850 redefined class name=java.io.File, count=1
Event: 0.120 Thread 0x000001d87c0c2850 redefined class name=java.lang.ClassLoader, count=1
Event: 0.122 Thread 0x000001d87c0c2850 redefined class name=java.net.URLStreamHandler, count=1
Event: 0.125 Thread 0x000001d87c0c2850 redefined class name=java.lang.Thread, count=1

Internal exceptions (20 events):
Event: 3.068 Thread 0x000001d86b8ca3b0 Exception <a 'java/lang/NoSuchMethodError'{0x00000000a2769130}: 'java.lang.Object java.lang.invoke.Invokers$Holder.invokeExact_MT(java.lang.Object, int, java.lang.Object)'> (0x00000000a2769130) 
thrown [s\src\hotspot\share\interpreter\linkResolver.cpp, line 804]
Event: 3.385 Thread 0x000001d86b8ca3b0 Exception <a 'java/lang/NoSuchMethodError'{0x00000000a271a9e8}: 'void java.lang.invoke.Invokers$Holder.invokeExact_MT(java.lang.Object, java.lang.Object, java.lang.Object, java.lang.Object)'> (0x00000000a271a9e8) 
thrown [s\src\hotspot\share\interpreter\linkResolver.cpp, line 804]
Event: 3.407 Thread 0x000001d86b8ca3b0 Exception <a 'java/lang/NoClassDefFoundError'{0x00000000a27b0ea8}: com/google/inject/servlet/ServletModuleTargetVisitor> (0x00000000a27b0ea8) 
thrown [s\src\hotspot\share\classfile\systemDictionary.cpp, line 318]
Event: 3.548 Thread 0x000001d86b8ca3b0 Exception <a 'java/lang/NoSuchMethodError'{0x00000000fff4f498}: 'java.lang.Object java.lang.invoke.DirectMethodHandle$Holder.invokeStaticInit(java.lang.Object, int, int, int, int)'> (0x00000000fff4f498) 
thrown [s\src\hotspot\share\interpreter\linkResolver.cpp, line 804]
Event: 3.651 Thread 0x000001d86b8ca3b0 Exception <a 'java/lang/NoSuchMethodError'{0x00000000a2a9ffe0}: 'void java.lang.invoke.DirectMethodHandle$Holder.invokeStatic(java.lang.Object, java.lang.Object, java.lang.Object, java.lang.Object, java.lang.Object, java.lang.Object)'> (0x00000000a2a9ffe0) 
thrown [s\src\hotspot\share\interpreter\linkResolver.cpp, line 804]
Event: 3.737 Thread 0x000001d86b8ca3b0 Implicit null exception at 0x000001d807b2d936 to 0x000001d807b2e2ec
Event: 3.737 Thread 0x000001d86b8ca3b0 Implicit null exception at 0x000001d807b23a36 to 0x000001d807b24400
Event: 3.798 Thread 0x000001d86b8ca3b0 Exception <a 'java/lang/NoSuchMethodError'{0x00000000a27ae0e8}: 'void java.lang.invoke.DirectMethodHandle$Holder.invokeSpecial(java.lang.Object, java.lang.Object, java.lang.Object, java.lang.Object, java.lang.Object)'> (0x00000000a27ae0e8) 
thrown [s\src\hotspot\share\interpreter\linkResolver.cpp, line 804]
Event: 3.803 Thread 0x000001d86b8ca3b0 Exception <a 'java/lang/NoSuchMethodError'{0x00000000a27e6430}: 'void java.lang.invoke.DirectMethodHandle$Holder.invokeSpecial(java.lang.Object, java.lang.Object, java.lang.Object, java.lang.Object, java.lang.Object, java.lang.Object)'> (0x00000000a27e6430) 
thrown [s\src\hotspot\share\interpreter\linkResolver.cpp, line 804]
Event: 3.822 Thread 0x000001d86b8ca3b0 Exception <a 'java/lang/NoSuchMethodError'{0x00000000a26e89b8}: 'java.lang.Object java.lang.invoke.DirectMethodHandle$Holder.invokeVirtual(java.lang.Object, java.lang.Object, java.lang.Object)'> (0x00000000a26e89b8) 
thrown [s\src\hotspot\share\interpreter\linkResolver.cpp, line 804]
Event: 3.923 Thread 0x000001d86b8ca3b0 Exception <a 'java/lang/NoSuchMethodError'{0x00000000a2a5c188}: 'void java.lang.invoke.DirectMethodHandle$Holder.invokeVirtual(java.lang.Object, java.lang.Object, int)'> (0x00000000a2a5c188) 
thrown [s\src\hotspot\share\interpreter\linkResolver.cpp, line 804]
Event: 3.927 Thread 0x000001d86b8ca3b0 Exception <a 'java/lang/NoSuchMethodError'{0x00000000a2a74b28}: 'java.lang.Object java.lang.invoke.DirectMethodHandle$Holder.invokeStatic(java.lang.Object, java.lang.Object, java.lang.Object, java.lang.Object, int)'> (0x00000000a2a74b28) 
thrown [s\src\hotspot\share\interpreter\linkResolver.cpp, line 804]
Event: 3.929 Thread 0x000001d86b8ca3b0 Exception <a 'java/lang/NoSuchMethodError'{0x00000000a2a86258}: 'void java.lang.invoke.DirectMethodHandle$Holder.invokeSpecial(java.lang.Object, java.lang.Object, java.lang.Object, int)'> (0x00000000a2a86258) 
thrown [s\src\hotspot\share\interpreter\linkResolver.cpp, line 804]
Event: 3.929 Thread 0x000001d86b8ca3b0 Exception <a 'java/lang/NoSuchMethodError'{0x00000000a2a8e5f0}: 'void java.lang.invoke.DelegatingMethodHandle$Holder.reinvoke_L(java.lang.Object, java.lang.Object, int)'> (0x00000000a2a8e5f0) 
thrown [s\src\hotspot\share\interpreter\linkResolver.cpp, line 804]
Event: 4.901 Thread 0x000001d86b8ca3b0 Implicit null exception at 0x000001d807bfd38c to 0x000001d807bfd678
Event: 4.901 Thread 0x000001d86b8ca3b0 Implicit null exception at 0x000001d807be2ed7 to 0x000001d807be3a08
Event: 4.901 Thread 0x000001d86b8ca3b0 Implicit null exception at 0x000001d807b9a64a to 0x000001d807b9a850
Event: 4.901 Thread 0x000001d86b8ca3b0 Implicit null exception at 0x000001d807bcc639 to 0x000001d807bccb98
Event: 4.904 Thread 0x000001d86b8ca3b0 Exception <a 'java/lang/NoSuchMethodError'{0x00000000fffa6b78}: 'void java.lang.invoke.DirectMethodHandle$Holder.invokeStatic(java.lang.Object, java.lang.Object, java.lang.Object, java.lang.Object)'> (0x00000000fffa6b78) 
thrown [s\src\hotspot\share\interpreter\linkResolver.cpp, line 804]
Event: 4.909 Thread 0x000001d86b8ca3b0 Exception <a 'java/lang/NoSuchMethodError'{0x00000000fffd3fe8}: 'int java.lang.invoke.DirectMethodHandle$Holder.invokeSpecialIFC(java.lang.Object, java.lang.Object, java.lang.Object, java.lang.Object)'> (0x00000000fffd3fe8) 
thrown [s\src\hotspot\share\interpreter\linkResolver.cpp, line 804]

VM Operations (20 events):
Event: 5.927 Executing safepoint VM operation: G1CollectForAllocation (G1 Evacuation Pause)
Event: 5.931 Executing safepoint VM operation: G1CollectForAllocation (G1 Evacuation Pause) done
Event: 5.969 Executing safepoint VM operation: G1PauseRemark
Event: 5.980 Executing safepoint VM operation: G1PauseRemark done
Event: 5.990 Executing safepoint VM operation: G1PauseCleanup
Event: 5.990 Executing safepoint VM operation: G1PauseCleanup done
Event: 6.284 Executing safepoint VM operation: G1CollectForAllocation (G1 Evacuation Pause)
Event: 6.286 Executing safepoint VM operation: G1CollectForAllocation (G1 Evacuation Pause) done
Event: 6.644 Executing safepoint VM operation: G1CollectForAllocation (G1 Evacuation Pause)
Event: 6.656 Executing safepoint VM operation: G1CollectForAllocation (G1 Evacuation Pause) done
Event: 7.111 Executing safepoint VM operation: G1CollectForAllocation (G1 Evacuation Pause)
Event: 7.117 Executing safepoint VM operation: G1CollectForAllocation (G1 Evacuation Pause) done
Event: 7.149 Executing safepoint VM operation: G1PauseRemark
Event: 7.157 Executing safepoint VM operation: G1PauseRemark done
Event: 7.166 Executing safepoint VM operation: G1PauseCleanup
Event: 7.166 Executing safepoint VM operation: G1PauseCleanup done
Event: 7.454 Executing safepoint VM operation: G1CollectForAllocation (G1 Evacuation Pause)
Event: 7.459 Executing safepoint VM operation: G1CollectForAllocation (G1 Evacuation Pause) done
Event: 7.679 Executing safepoint VM operation: G1CollectForAllocation (G1 Evacuation Pause)
Event: 7.688 Executing safepoint VM operation: G1CollectForAllocation (G1 Evacuation Pause) done

Memory protections (0 events):
No events

Nmethod flushes (20 events):
Event: 7.156 Thread 0x000001d87c0c2850 flushing  nmethod 0x000001d80045d788
Event: 7.156 Thread 0x000001d87c0c2850 flushing  nmethod 0x000001d80045f688
Event: 7.156 Thread 0x000001d87c0c2850 flushing  nmethod 0x000001d800464a08
Event: 7.156 Thread 0x000001d87c0c2850 flushing  nmethod 0x000001d8004a0288
Event: 7.156 Thread 0x000001d87c0c2850 flushing  nmethod 0x000001d8004a3288
Event: 7.156 Thread 0x000001d87c0c2850 flushing  nmethod 0x000001d8004a6208
Event: 7.156 Thread 0x000001d87c0c2850 flushing  nmethod 0x000001d8004ba888
Event: 7.156 Thread 0x000001d87c0c2850 flushing  nmethod 0x000001d8004bcb88
Event: 7.156 Thread 0x000001d87c0c2850 flushing  nmethod 0x000001d8004bf888
Event: 7.156 Thread 0x000001d87c0c2850 flushing  nmethod 0x000001d8004c7008
Event: 7.156 Thread 0x000001d87c0c2850 flushing  nmethod 0x000001d8004e8888
Event: 7.156 Thread 0x000001d87c0c2850 flushing  nmethod 0x000001d8004fb088
Event: 7.156 Thread 0x000001d87c0c2850 flushing  nmethod 0x000001d8004fcc08
Event: 7.156 Thread 0x000001d87c0c2850 flushing  nmethod 0x000001d8004fe508
Event: 7.156 Thread 0x000001d87c0c2850 flushing  nmethod 0x000001d800510608
Event: 7.156 Thread 0x000001d87c0c2850 flushing  nmethod 0x000001d800524408
Event: 7.156 Thread 0x000001d87c0c2850 flushing  nmethod 0x000001d80056cf08
Event: 7.156 Thread 0x000001d87c0c2850 flushing  nmethod 0x000001d80056d608
Event: 7.156 Thread 0x000001d87c0c2850 flushing  nmethod 0x000001d80056ea88
Event: 7.156 Thread 0x000001d87c0c2850 flushing  nmethod 0x000001d800658308

Events (17 events):
Event: 0.058 Thread 0x000001d86b8ca3b0 Thread added: 0x000001d86b8ca3b0
Event: 0.083 Thread 0x000001d86b8ca3b0 Thread added: 0x000001d87c0d3c40
Event: 0.083 Thread 0x000001d86b8ca3b0 Thread added: 0x000001d87c0d66a0
Event: 0.084 Thread 0x000001d86b8ca3b0 Thread added: 0x000001d87c0dd720
Event: 0.085 Thread 0x000001d86b8ca3b0 Thread added: 0x000001d87c0dfee0
Event: 0.085 Thread 0x000001d86b8ca3b0 Thread added: 0x000001d87c0e07c0
Event: 0.085 Thread 0x000001d86b8ca3b0 Thread added: 0x000001d87c0e1f00
Event: 0.086 Thread 0x000001d86b8ca3b0 Thread added: 0x000001d87c0efeb0
Event: 0.086 Thread 0x000001d86b8ca3b0 Thread added: 0x000001d87c1006c0
Event: 0.126 Thread 0x000001d86b8ca3b0 Thread added: 0x000001d80f12fec0
Event: 0.135 Thread 0x000001d86b8ca3b0 Thread added: 0x000001d80f133290
Event: 0.516 Thread 0x000001d87c1006c0 Thread added: 0x000001d80f7c0630
Event: 0.592 Thread 0x000001d86b8ca3b0 Thread added: 0x000001d80f7e3b20
Event: 0.627 Thread 0x000001d80f7e3b20 Thread exited: 0x000001d80f7e3b20
Event: 1.403 Thread 0x000001d80f7c0630 Thread exited: 0x000001d80f7c0630
Event: 1.640 Thread 0x000001d87c1006c0 Thread added: 0x000001d814101c50
Event: 3.598 Thread 0x000001d86b8ca3b0 Thread added: 0x000001d81422d850


Dynamic libraries:
0x00007ff7ce000000 - 0x00007ff7ce00e000 	C:\Users\Plaza Vespucio\AppData\Roaming\Code\User\globalStorage\pleiades.java-extension-pack-jdk\java\latest\bin\java.exe
0x00007ff8acda0000 - 0x00007ff8ad006000 	C:\WINDOWS\SYSTEM32\ntdll.dll
0x00007ff8acac0000 - 0x00007ff8acb89000 	C:\WINDOWS\System32\KERNEL32.DLL
0x00007ff8ac6c0000 - 0x00007ff8acaba000 	C:\WINDOWS\System32\KERNELBASE.dll
0x0000000071470000 - 0x00000000714ae000 	C:\WINDOWS\System32\cyinjct.dll
0x00007ff8ac530000 - 0x00007ff8ac554000 	C:\WINDOWS\System32\cyvera.dll
0x00007ff8a0e60000 - 0x00007ff8a0e77000 	C:\Users\Plaza Vespucio\AppData\Roaming\Code\User\globalStorage\pleiades.java-extension-pack-jdk\java\latest\bin\jli.dll
0x000001d86ba80000 - 0x000001d86bc47000 	C:\WINDOWS\System32\USER32.dll
0x00007ff8a9eb0000 - 0x00007ff8a9ed7000 	C:\WINDOWS\System32\win32u.dll
0x00007ff8aa7a0000 - 0x00007ff8aa7cb000 	C:\WINDOWS\System32\GDI32.dll
0x00007ff8a9ee0000 - 0x00007ff8aa00b000 	C:\WINDOWS\System32\gdi32full.dll
0x00007ff8aa150000 - 0x00007ff8aa1f3000 	C:\WINDOWS\System32\msvcp_win.dll
0x000001d86bc50000 - 0x000001d86bd9c000 	C:\WINDOWS\System32\ucrtbase.dll
0x00007ff8a0c60000 - 0x00007ff8a0c7e000 	C:\Users\Plaza Vespucio\AppData\Roaming\Code\User\globalStorage\pleiades.java-extension-pack-jdk\java\latest\bin\VCRUNTIME140.dll
0x00007ff893200000 - 0x00007ff893492000 	C:\WINDOWS\WinSxS\amd64_microsoft.windows.common-controls_6595b64144ccf1df_6.0.26100.8521_none_3e08b75ce33403b3\COMCTL32.dll
0x00007ff8ac2b0000 - 0x00007ff8ac359000 	C:\WINDOWS\System32\msvcrt.dll
0x00007ff8ac3c0000 - 0x00007ff8ac526000 	C:\WINDOWS\System32\cyvrtrap.dll
0x00007ff8ab070000 - 0x00007ff8ab0a2000 	C:\WINDOWS\System32\IMM32.DLL
0x00007ff8a4d40000 - 0x00007ff8a4d4c000 	C:\Users\Plaza Vespucio\AppData\Roaming\Code\User\globalStorage\pleiades.java-extension-pack-jdk\java\latest\bin\vcruntime140_1.dll
0x00007ff87fe70000 - 0x00007ff87fefd000 	C:\Users\Plaza Vespucio\AppData\Roaming\Code\User\globalStorage\pleiades.java-extension-pack-jdk\java\latest\bin\msvcp140.dll
0x00007ff80d6a0000 - 0x00007ff80e639000 	C:\Users\Plaza Vespucio\AppData\Roaming\Code\User\globalStorage\pleiades.java-extension-pack-jdk\java\latest\bin\server\jvm.dll
0x00007ff8ab0c0000 - 0x00007ff8ab176000 	C:\WINDOWS\System32\ADVAPI32.dll
0x00007ff8aa550000 - 0x00007ff8aa5fa000 	C:\WINDOWS\System32\sechost.dll
0x00007ff8ac5a0000 - 0x00007ff8ac6b8000 	C:\WINDOWS\System32\RPCRT4.dll
0x00007ff8abc70000 - 0x00007ff8abcf0000 	C:\WINDOWS\System32\WS2_32.dll
0x00007ff8a9c50000 - 0x00007ff8a9cae000 	C:\WINDOWS\SYSTEM32\POWRPROF.dll
0x00007ff8a30a0000 - 0x00007ff8a30d6000 	C:\WINDOWS\SYSTEM32\WINMM.dll
0x00007ff8a30e0000 - 0x00007ff8a30eb000 	C:\WINDOWS\SYSTEM32\VERSION.dll
0x00007ff8a9c30000 - 0x00007ff8a9c44000 	C:\WINDOWS\SYSTEM32\UMPDC.dll
0x00007ff8a8b40000 - 0x00007ff8a8b5b000 	C:\WINDOWS\SYSTEM32\kernel.appcore.dll
0x00007ff8a0c50000 - 0x00007ff8a0c5a000 	C:\Users\Plaza Vespucio\AppData\Roaming\Code\User\globalStorage\pleiades.java-extension-pack-jdk\java\latest\bin\jimage.dll
0x00007ff89bc80000 - 0x00007ff89bec2000 	C:\WINDOWS\SYSTEM32\DBGHELP.DLL
0x00007ff8abd60000 - 0x00007ff8ac0e3000 	C:\WINDOWS\System32\combase.dll
0x00007ff8ab280000 - 0x00007ff8ab359000 	C:\WINDOWS\System32\OLEAUT32.dll
0x00007ff88ff50000 - 0x00007ff88ff8b000 	C:\WINDOWS\SYSTEM32\dbgcore.DLL
0x00007ff8aa0a0000 - 0x00007ff8aa148000 	C:\WINDOWS\System32\bcryptPrimitives.dll
0x00007ff8ac360000 - 0x00007ff8ac3ba000 	C:\Program Files\Palo Alto Networks\Traps\cyjagent.dll
0x00007ff89f770000 - 0x00007ff89f78e000 	C:\Users\Plaza Vespucio\AppData\Roaming\Code\User\globalStorage\pleiades.java-extension-pack-jdk\java\latest\bin\java.dll
0x00007ff8aa600000 - 0x00007ff8aa798000 	C:\WINDOWS\System32\ole32.dll
0x00007ff8aa7d0000 - 0x00007ff8aaf54000 	C:\WINDOWS\System32\SHELL32.dll
0x00007ff8a7990000 - 0x00007ff8a8210000 	C:\WINDOWS\SYSTEM32\windows.storage.dll
0x00007ff8ab180000 - 0x00007ff8ab276000 	C:\WINDOWS\System32\SHCORE.dll
0x00007ff8ab360000 - 0x00007ff8ab3c7000 	C:\WINDOWS\System32\shlwapi.dll
0x00007ff8a9d10000 - 0x00007ff8a9d39000 	C:\WINDOWS\SYSTEM32\profapi.dll
0x00007ff8915d0000 - 0x00007ff8915e1000 	C:\Users\Plaza Vespucio\AppData\Roaming\Code\User\globalStorage\pleiades.java-extension-pack-jdk\java\latest\bin\net.dll
0x00007ff8a9090000 - 0x00007ff8a90fc000 	C:\WINDOWS\system32\mswsock.dll
0x00007ff8914d0000 - 0x00007ff8914e6000 	C:\Users\Plaza Vespucio\AppData\Roaming\Code\User\globalStorage\pleiades.java-extension-pack-jdk\java\latest\bin\nio.dll
0x00007ff8914b0000 - 0x00007ff8914c7000 	C:\Users\Plaza Vespucio\AppData\Roaming\Code\User\globalStorage\pleiades.java-extension-pack-jdk\java\latest\bin\zip.dll
0x00007ff88a5d0000 - 0x00007ff88a5f4000 	C:\Users\Plaza Vespucio\AppData\Roaming\Code\User\globalStorage\pleiades.java-extension-pack-jdk\maven\latest\lib\jansi-native\Windows\x86_64\jansi.dll
0x00007ff8a0960000 - 0x00007ff8a0970000 	C:\Users\Plaza Vespucio\AppData\Roaming\Code\User\globalStorage\pleiades.java-extension-pack-jdk\java\latest\bin\verify.dll

JVMTI agents:
C:\Program Files\Palo Alto Networks\Traps\cyjagent.dll path:C:\Program Files\Palo Alto Networks\Traps\cyjagent.dll, loaded, initialized, options:none

dbghelp: loaded successfully - version: 4.0.5 - missing functions: none
symbol engine: initialized successfully - sym options: 0x614 - pdb path: .;C:\Users\Plaza Vespucio\AppData\Roaming\Code\User\globalStorage\pleiades.java-extension-pack-jdk\java\latest\bin;C:\WINDOWS\SYSTEM32;C:\WINDOWS\WinSxS\amd64_microsoft.windows.common-controls_6595b64144ccf1df_6.0.26100.8521_none_3e08b75ce33403b3;C:\Users\Plaza Vespucio\AppData\Roaming\Code\User\globalStorage\pleiades.java-extension-pack-jdk\java\latest\bin\server;C:\Program Files\Palo Alto Networks\Traps;C:\Users\Plaza Vespucio\AppData\Roaming\Code\User\globalStorage\pleiades.java-extension-pack-jdk\maven\latest\lib\jansi-native\Windows\x86_64

VM Arguments:
jvm_args: -Dstdout.encoding=UTF-8 -Dstderr.encoding=UTF-8 --enable-native-access=ALL-UNNAMED -Dclassworlds.conf=C:\Users\Plaza Vespucio\AppData\Roaming\Code\User\globalStorage\pleiades.java-extension-pack-jdk\maven\latest\bin\m2.conf -Dmaven.home=C:\Users\Plaza Vespucio\AppData\Roaming\Code\User\globalStorage\pleiades.java-extension-pack-jdk\maven\latest -Dlibrary.jansi.path=C:\Users\Plaza Vespucio\AppData\Roaming\Code\User\globalStorage\pleiades.java-extension-pack-jdk\maven\latest\lib\jansi-native -Dmaven.multiModuleProjectDirectory=C:\Users\Plaza Vespucio\Desktop\Centro_Medico\ms-historia-clinica -agentpath:C:\Program Files\Palo Alto Networks\Traps\cyjagent.dll 
java_command: org.codehaus.plexus.classworlds.launcher.Launcher clean compile spring-boot:run
java_class_path (initial): C:\Users\Plaza Vespucio\AppData\Roaming\Code\User\globalStorage\pleiades.java-extension-pack-jdk\maven\latest\boot\plexus-classworlds-2.11.0.jar
Launcher Type: SUN_STANDARD

[Global flags]
     bool AOTAdapterCaching                        = false                                  {diagnostic} {ergonomic}
     bool AOTInvokeDynamicLinking                  = false                                  {diagnostic} {ergonomic}
     bool AOTRecordTraining                        = false                                  {diagnostic} {ergonomic}
     bool AOTReplayTraining                        = false                                  {diagnostic} {ergonomic}
     bool AOTStubCaching                           = false                                  {diagnostic} {ergonomic}
     intx CICompilerCount                          = 4                                         {product} {ergonomic}
     uint ConcGCThreads                            = 2                                         {product} {ergonomic}
     uint G1ConcRefinementThreads                  = 8                                         {product} {ergonomic}
     uint G1EagerReclaimRemSetThreshold            = 10                                   {experimental} {ergonomic}
   size_t G1HeapRegionSize                         = 1048576                                   {product} {ergonomic}
     uint G1RemSetArrayOfCardsEntries              = 10                                   {experimental} {ergonomic}
     uint G1RemSetHowlMaxNumBuckets                = 8                                    {experimental} {ergonomic}
     uint G1RemSetHowlNumBuckets                   = 4                                    {experimental} {ergonomic}
   size_t InitialHeapSize                          = 8388608                                   {product} {ergonomic}
     bool IntelJccErratumMitigation                = false                             {ARCH diagnostic} {ergonomic}
   size_t MarkStackSize                            = 4194304                                   {product} {ergonomic}
   size_t MarkStackSizeMax                         = 536870912                                 {product} {ergonomic}
   size_t MaxHeapSize                              = 1581252608                                {product} {ergonomic}
   size_t MaxNewSize                               = 947912704                                 {product} {ergonomic}
 uint64_t MaxRAM                                   = 6323187712                                {product} {ergonomic}
   size_t MinHeapDeltaBytes                        = 1048576                                   {product} {ergonomic}
   size_t MinHeapSize                              = 8388608                                   {product} {ergonomic}
   size_t NonNMethodCodeHeapSize                   = 5898240                                {pd product} {ergonomic}
   size_t NonProfiledCodeHeapSize                  = 122945536                              {pd product} {ergonomic}
   size_t ProfiledCodeHeapSize                     = 122945536                              {pd product} {ergonomic}
   size_t ReservedCodeCacheSize                    = 251789312                              {pd product} {ergonomic}
     bool SegmentedCodeCache                       = true                                      {product} {ergonomic}
   size_t SoftMaxHeapSize                          = 1581252608                             {manageable} {ergonomic}
     bool UseCompressedOops                        = true                           {product lp64_product} {ergonomic}
     bool UseCondCardMark                          = true                                      {product} {ergonomic}
     bool UseFastUnorderedTimeStamps               = true                                 {experimental} {ergonomic}
     bool UseG1GC                                  = true                                      {product} {ergonomic}
     bool UseLargePagesIndividualAllocation        = false                                  {pd product} {ergonomic}
      int X86ICacheSync                            = 2                                 {ARCH diagnostic} {ergonomic}

Logging:
Log output configuration:
 #0: stdout all=warning uptime,level,tags foldmultilines=false
 #1: stderr all=off uptime,level,tags foldmultilines=false

Release file:
IMPLEMENTOR="Eclipse Adoptium" 
IMPLEMENTOR_VERSION="Temurin-26.0.1+8" 
JAVA_RUNTIME_VERSION="26.0.1+8" 
JAVA_VERSION="26.0.1" 
JAVA_VERSION_DATE="2026-04-21" 
LIBC="default" 
MODULES="java.base java.compiler java.datatransfer java.xml java.prefs java.desktop java.instrument java.logging java.management java.security.sasl java.naming java.rmi java.management.rmi java.net.http java.scripting java.security.jgss java.transaction.xa java.sql java.sql.rowset java.xml.crypto java.se java.smartcardio jdk.accessibility jdk.internal.jvmstat jdk.attach jdk.charsets jdk.internal.opt jdk.zipfs jdk.compiler jdk.crypto.cryptoki jdk.crypto.ec jdk.crypto.mscapi jdk.dynalink jdk.internal.ed jdk.editpad jdk.internal.vm.ci jdk.graal.compiler jdk.graal.compiler.management jdk.hotspot.agent jdk.httpserver jdk.incubator.vector jdk.internal.le jdk.internal.md jdk.jartool jdk.javadoc jdk.jcmd jdk.management jdk.management.agent jdk.jconsole jdk.jdeps jdk.jdwp.agent jdk.jdi jdk.jfr jdk.jlink jdk.jpackage jdk.jshell jdk.jstatd jdk.localedata jdk.management.jfr jdk.naming.dns jdk.naming.rmi jdk.net jdk.nio.mapmode jdk.sctp jdk.security.auth jdk.security.jgss jdk.unsupported jdk.unsupported.desktop jdk.xml.dom" 
OS_ARCH="x86_64" 
OS_NAME="Windows" 
SOURCE=".:git:1cafccec39fb" 
BUILD_SOURCE="git:a612825ee82a20ac872d60958c349854c1f29a8e"
BUILD_SOURCE_REPO="https://github.com/adoptium/temurin-build.git"
SOURCE_REPO="https://github.com/adoptium/jdk26u.git"
FULL_VERSION="26.0.1+8"
SEMANTIC_VERSION="26.0.1+8"
BUILD_INFO="OS: Windows Server 2022 Version: 10.0"
JVM_VARIANT="Hotspot"
JVM_VERSION="26.0.1+8"
IMAGE_TYPE="JDK"

Environment Variables:
JAVA_HOME=C:\Users\Plaza Vespucio\AppData\Roaming\Code\User\globalStorage\pleiades.java-extension-pack-jdk\java\latest
JAVA_TOOL_OPTIONS=-Dstdout.encoding=UTF-8 -Dstderr.encoding=UTF-8
PATH=C:\Users\Plaza Vespucio\AppData\Roaming\Code\User\globalStorage\pleiades.java-extension-pack-jdk\gradle\latest\bin;C:\Users\Plaza Vespucio\AppData\Roaming\Code\User\globalStorage\pleiades.java-extension-pack-jdk\maven\latest\bin;C:\Users\Plaza Vespucio\AppData\Roaming\Code\User\globalStorage\pleiades.java-extension-pack-jdk\java\latest\bin;C:\Program Files (x86)\Common Files\Oracle\Java\javapath;C:\Program Files\Python314\Scripts\;C:\Program Files\Python314\;C:\WINDOWS\system32;C:\WINDOWS;C:\WINDOWS\System32\Wbem;C:\WINDOWS\System32\WindowsPowerShell\v1.0\;C:\WINDOWS\System32\OpenSSH\;C:\Program Files\dotnet\;C:\Program Files\Git\cmd;C:\Program Files\Amazon\AWSCLIV2\;C:\Users\Plaza Vespucio\AppData\Local\Microsoft\WindowsApps;C:\Users\Plaza Vespucio\AppData\Local\Programs\Microsoft VS Code\bin;C:\Program Files\Git\bin;C:\Program Files\Git\cmd;c:\Users\Plaza Vespucio\.vscode\extensions\vscjava.vscode-java-debug-0.59.0\bundled\scripts\noConfigScripts
USERNAME=Plaza Vespucio
LANG=es_ES.UTF-8
OS=Windows_NT
PROCESSOR_IDENTIFIER=AMD64 Family 23 Model 24 Stepping 1, AuthenticAMD
TMP=C:\Users\PLAZAV~1\AppData\Local\Temp
TEMP=C:\Users\PLAZAV~1\AppData\Local\Temp




Compilation memory statistics disabled.

Periodic native trim disabled

---------------  S Y S T E M  ---------------

OS:
 Windows 11 , 64 bit Build 26100 (10.0.26100.8521)
OS uptime: 0 days 12:05 hours
Hyper-V role detected

CPU: total 8 (initial active 8) (4 cores per cpu, 2 threads per core) family 23 model 24 stepping 1 microcode 0x810810e, cx8, cmov, fxsr, ht, mmx, 3dnowpref, sse, sse2, sse3, ssse3, sse4a, sse4.1, sse4.2, popcnt, lzcnt, tsc, tscinvbit, avx, avx2, aes, clmul, bmi1, bmi2, adx, sha, fma, vzeroupper, clflush, clflushopt, hv, rdtscp, f16c
Processor Information for the first 8 processors :
  Max Mhz: 2100, Current Mhz: 2100, Mhz Limit: 2100

Memory: 4k page, system-wide physical 6030M (427M free)
TotalPageFile size 14222M (AvailPageFile size 93M)
current process WorkingSet (physical memory assigned to process): 162M, peak: 162M
current process commit charge ("private bytes"): 227M, peak: 233M

vm_info: OpenJDK 64-Bit Server VM (26.0.1+8) for windows-amd64 JRE (26.0.1+8), built on 2026-04-21T00:00:00Z with MS VC++ 17.12 (VS2022)

END.
